[ 2017-06-04T19:23:10+08:00 ] 127.0.0.1 /
INFO: [ app_init ] --START--
INFO: Run Behavior\BuildLiteBehavior [ RunTime:0.000014s ]
INFO: [ app_init ] --END-- [ RunTime:0.000696s ]
INFO: [ app_begin ] --START--
INFO: Run Behavior\ReadHtmlCacheBehavior [ RunTime:0.000817s ]
INFO: [ app_begin ] --END-- [ RunTime:0.000874s ]
SQL: SHOW COLUMNS FROM `wei_type` [ RunTime:0.0012s ]
SQL: SELECT * FROM `wei_type` ORDER BY artnum  [ RunTime:0.0007s ]
SQL: SHOW COLUMNS FROM `wei_article` [ RunTime:0.0005s ]
SQL: SELECT * FROM `wei_article` ORDER BY viewtime desc LIMIT 0,6   [ RunTime:0.0009s ]
NOTIC: [2] Missing argument 1 for Think\Model::where(), called in /var/www/html/thinkphp_weitoutiao.com/Application/Home/Controller/IndexController.class.php on line 12 and defined /var/www/html/thinkphp_weitoutiao.com/ThinkPHP/Library/Think/Model.class.php 第 1797 行.
NOTIC: [8] Undefined variable: where /var/www/html/thinkphp_weitoutiao.com/ThinkPHP/Library/Think/Model.class.php 第 1805 行.
NOTIC: [8] Undefined variable: where /var/www/html/thinkphp_weitoutiao.com/ThinkPHP/Library/Think/Model.class.php 第 1808 行.
NOTIC: [8] Undefined variable: where /var/www/html/thinkphp_weitoutiao.com/ThinkPHP/Library/Think/Model.class.php 第 1816 行.
SQL: SELECT * FROM `wei_article`  [ RunTime:0.0003s ]
SQL: SHOW COLUMNS FROM `wei_loop` [ RunTime:0.0004s ]
SQL: SELECT * FROM `wei_loop`  [ RunTime:0.0005s ]
SQL: SELECT `title`,`imgsrc` FROM `wei_article` WHERE `id` = 1 LIMIT 1   [ RunTime:0.0002s ]
SQL: SELECT `title`,`imgsrc` FROM `wei_article` WHERE `id` = 3 LIMIT 1   [ RunTime:0.0001s ]
SQL: SELECT `title`,`imgsrc` FROM `wei_article` WHERE `id` = 3 LIMIT 1   [ RunTime:0.0001s ]
INFO: [ view_parse ] --START--
INFO: [ template_filter ] --START--
INFO: Run Behavior\ContentReplaceBehavior [ RunTime:0.000045s ]
INFO: [ template_filter ] --END-- [ RunTime:0.000090s ]
NOTIC: [8] Undefined index: user /var/www/html/thinkphp_weitoutiao.com/Application/Runtime/Cache/Home/2a94b8bda04ff446dcedd42276fc99ee.php 第 98 行.
INFO: Run Behavior\ParseTemplateBehavior [ RunTime:0.017200s ]
INFO: [ view_parse ] --END-- [ RunTime:0.017248s ]
INFO: [ view_filter ] --START--
INFO: Run Behavior\WriteHtmlCacheBehavior [ RunTime:0.000954s ]
INFO: [ view_filter ] --END-- [ RunTime:0.000986s ]
INFO: [ app_end ] --START--
INFO: Run Behavior\ShowPageTraceBehavior [ RunTime:0.001030s ]
INFO: [ app_end ] --END-- [ RunTime:0.001067s ]

[ 2017-06-04T19:23:21+08:00 ] 127.0.0.1 /
INFO: [ app_init ] --START--
INFO: Run Behavior\BuildLiteBehavior [ RunTime:0.000008s ]
INFO: [ app_init ] --END-- [ RunTime:0.000060s ]
INFO: [ app_begin ] --START--
INFO: Run Behavior\ReadHtmlCacheBehavior [ RunTime:0.000042s ]
INFO: [ app_begin ] --END-- [ RunTime:0.000068s ]
SQL: SHOW COLUMNS FROM `wei_type` [ RunTime:0.0004s ]
SQL: SELECT * FROM `wei_type` ORDER BY artnum  [ RunTime:0.0001s ]
SQL: SHOW COLUMNS FROM `wei_article` [ RunTime:0.0003s ]
SQL: SELECT * FROM `wei_article` ORDER BY viewtime desc LIMIT 0,6   [ RunTime:0.0001s ]
NOTIC: [2] Missing argument 1 for Think\Model::where(), called in /var/www/html/thinkphp_weitoutiao.com/Application/Home/Controller/IndexController.class.php on line 12 and defined /var/www/html/thinkphp_weitoutiao.com/ThinkPHP/Library/Think/Model.class.php 第 1797 行.
NOTIC: [8] Undefined variable: where /var/www/html/thinkphp_weitoutiao.com/ThinkPHP/Library/Think/Model.class.php 第 1805 行.
NOTIC: [8] Undefined variable: where /var/www/html/thinkphp_weitoutiao.com/ThinkPHP/Library/Think/Model.class.php 第 1808 行.
NOTIC: [8] Undefined variable: where /var/www/html/thinkphp_weitoutiao.com/ThinkPHP/Library/Think/Model.class.php 第 1816 行.
SQL: SELECT * FROM `wei_article`  [ RunTime:0.0001s ]
SQL: SHOW COLUMNS FROM `wei_loop` [ RunTime:0.0003s ]
SQL: SELECT * FROM `wei_loop`  [ RunTime:0.0000s ]
SQL: SELECT `title`,`imgsrc` FROM `wei_article` WHERE `id` = 1 LIMIT 1   [ RunTime:0.0000s ]
SQL: SELECT `title`,`imgsrc` FROM `wei_article` WHERE `id` = 3 LIMIT 1   [ RunTime:0.0000s ]
SQL: SELECT `title`,`imgsrc` FROM `wei_article` WHERE `id` = 3 LIMIT 1   [ RunTime:0.0002s ]
INFO: [ view_parse ] --START--
INFO: [ template_filter ] --START--
INFO: Run Behavior\ContentReplaceBehavior [ RunTime:0.000059s ]
INFO: [ template_filter ] --END-- [ RunTime:0.000115s ]
NOTIC: [8] Undefined index: user /var/www/html/thinkphp_weitoutiao.com/Application/Runtime/Cache/Home/2a94b8bda04ff446dcedd42276fc99ee.php 第 98 行.
INFO: Run Behavior\ParseTemplateBehavior [ RunTime:0.009755s ]
INFO: [ view_parse ] --END-- [ RunTime:0.009791s ]
INFO: [ view_filter ] --START--
INFO: Run Behavior\WriteHtmlCacheBehavior [ RunTime:0.000038s ]
INFO: [ view_filter ] --END-- [ RunTime:0.000060s ]
INFO: [ app_end ] --START--
INFO: Run Behavior\ShowPageTraceBehavior [ RunTime:0.000032s ]
INFO: [ app_end ] --END-- [ RunTime:0.000057s ]

[ 2017-06-04T19:23:22+08:00 ] 127.0.0.1 /index.php/Home/Article/index/type/1/id/1.html
INFO: [ app_init ] --START--
INFO: Run Behavior\BuildLiteBehavior [ RunTime:0.000010s ]
INFO: [ app_init ] --END-- [ RunTime:0.000073s ]
INFO: [ app_begin ] --START--
INFO: Run Behavior\ReadHtmlCacheBehavior [ RunTime:0.000040s ]
INFO: [ app_begin ] --END-- [ RunTime:0.000066s ]
SQL: SHOW COLUMNS FROM `wei_type` [ RunTime:0.0004s ]
SQL: SELECT * FROM `wei_type` ORDER BY artnum  [ RunTime:0.0001s ]
SQL: SHOW COLUMNS FROM `wei_article` [ RunTime:0.0003s ]
SQL: SELECT * FROM `wei_article` ORDER BY viewtime desc LIMIT 0,6   [ RunTime:0.0001s ]
SQL: SELECT * FROM `wei_article` WHERE `id` = 1 LIMIT 1   [ RunTime:0.0002s ]
SQL: UPDATE `wei_article` SET `viewtime`='86' WHERE `id` = 1 [ RunTime:0.0002s ]
SQL: SHOW COLUMNS FROM `wei_comment` [ RunTime:0.0003s ]
SQL: SELECT * FROM `wei_comment` WHERE `articleid` = 1 AND `pid` = 0  [ RunTime:0.0005s ]
SQL: SHOW COLUMNS FROM `wei_wbuser` [ RunTime:0.0003s ]
SQL: SELECT * FROM `wei_wbuser` WHERE `id` = 1 LIMIT 1   [ RunTime:0.0006s ]
SQL: SHOW COLUMNS FROM `wei_thumbs_up` [ RunTime:0.0011s ]
SQL: SELECT COUNT(*) AS tp_count FROM `wei_thumbs_up` WHERE `commentid` = 3 AND `status` = 1 LIMIT 1   [ RunTime:0.0005s ]
SQL: SELECT * FROM `wei_comment` WHERE `pid` = 3  [ RunTime:0.0002s ]
SQL: SELECT * FROM `wei_article` WHERE ( id> 1 ) ORDER BY id asc LIMIT 1   [ RunTime:0.0002s ]
INFO: [ view_parse ] --START--
INFO: [ template_filter ] --START--
INFO: Run Behavior\ContentReplaceBehavior [ RunTime:0.000044s ]
INFO: [ template_filter ] --END-- [ RunTime:0.000081s ]
NOTIC: [8] Undefined index: user /var/www/html/thinkphp_weitoutiao.com/Application/Runtime/Cache/Home/2ac6c1276904b87404ed678dbabb985c.php 第 96 行.
NOTIC: [8] Use of undefined constant id - assumed 'id' /var/www/html/thinkphp_weitoutiao.com/Application/Runtime/Cache/Home/2ac6c1276904b87404ed678dbabb985c.php 第 140 行.
NOTIC: [8] Undefined index: logo /var/www/html/thinkphp_weitoutiao.com/Application/Runtime/Cache/Home/2ac6c1276904b87404ed678dbabb985c.php 第 146 行.
NOTIC: [8] Undefined index: reply /var/www/html/thinkphp_weitoutiao.com/Application/Runtime/Cache/Home/2ac6c1276904b87404ed678dbabb985c.php 第 172 行.
NOTIC: [8] Use of undefined constant id - assumed 'id' /var/www/html/thinkphp_weitoutiao.com/Application/Runtime/Cache/Home/2ac6c1276904b87404ed678dbabb985c.php 第 240 行.
INFO: Run Behavior\ParseTemplateBehavior [ RunTime:0.012573s ]
INFO: [ view_parse ] --END-- [ RunTime:0.012611s ]
INFO: [ view_filter ] --START--
INFO: Run Behavior\WriteHtmlCacheBehavior [ RunTime:0.000099s ]
INFO: [ view_filter ] --END-- [ RunTime:0.000163s ]
INFO: [ app_end ] --START--
INFO: Run Behavior\ShowPageTraceBehavior [ RunTime:0.000131s ]
INFO: [ app_end ] --END-- [ RunTime:0.000218s ]

[ 2017-06-04T19:23:59+08:00 ] 127.0.0.1 /home/user/login?preview=Article/index/type/1/id/1&code=1101ab2c3b461f756b7e9d8cb47eaa76
INFO: [ app_init ] --START--
INFO: Run Behavior\BuildLiteBehavior [ RunTime:0.000011s ]
INFO: [ app_init ] --END-- [ RunTime:0.000076s ]
INFO: [ app_begin ] --START--
INFO: Run Behavior\ReadHtmlCacheBehavior [ RunTime:0.000038s ]
INFO: [ app_begin ] --END-- [ RunTime:0.000066s ]
SQL: SHOW COLUMNS FROM `wei_type` [ RunTime:0.0004s ]
SQL: SELECT * FROM `wei_type` ORDER BY artnum  [ RunTime:0.0002s ]
SQL: SHOW COLUMNS FROM `wei_article` [ RunTime:0.0009s ]
SQL: SELECT * FROM `wei_article` ORDER BY viewtime desc LIMIT 0,6   [ RunTime:0.0005s ]
SQL: SHOW COLUMNS FROM `wei_wbuser` [ RunTime:0.0014s ]
SQL: SELECT * FROM `wei_wbuser` WHERE `uid` = '2147714564' LIMIT 1   [ RunTime:0.0006s ]
INFO: [ view_parse ] --START--
INFO: [ template_filter ] --START--
INFO: Run Behavior\ContentReplaceBehavior [ RunTime:0.000041s ]
INFO: [ template_filter ] --END-- [ RunTime:0.000098s ]
INFO: Run Behavior\ParseTemplateBehavior [ RunTime:0.005011s ]
INFO: [ view_parse ] --END-- [ RunTime:0.005140s ]
INFO: [ view_filter ] --START--
INFO: Run Behavior\WriteHtmlCacheBehavior [ RunTime:0.000057s ]
INFO: [ view_filter ] --END-- [ RunTime:0.000088s ]

[ 2017-06-04T19:24:02+08:00 ] 127.0.0.1 /index.php/Home/Home/index.html
INFO: [ app_init ] --START--
INFO: Run Behavior\BuildLiteBehavior [ RunTime:0.000009s ]
INFO: [ app_init ] --END-- [ RunTime:0.000063s ]
INFO: [ app_begin ] --START--
INFO: Run Behavior\ReadHtmlCacheBehavior [ RunTime:0.000027s ]
INFO: [ app_begin ] --END-- [ RunTime:0.000053s ]
ERR: 无法加载控制器:Home

[ 2017-06-04T19:50:28+08:00 ] 127.0.0.1 /home/user/logincode=4b161679ff817197beb520e0ac6b5986
INFO: [ app_init ] --START--
INFO: Run Behavior\BuildLiteBehavior [ RunTime:0.000031s ]
INFO: [ app_init ] --END-- [ RunTime:0.000225s ]
INFO: [ app_begin ] --START--
INFO: Run Behavior\ReadHtmlCacheBehavior [ RunTime:0.000046s ]
INFO: [ app_begin ] --END-- [ RunTime:0.000079s ]
SQL: SHOW COLUMNS FROM `wei_type` [ RunTime:0.0005s ]
SQL: SELECT * FROM `wei_type` ORDER BY artnum  [ RunTime:0.0001s ]
SQL: SHOW COLUMNS FROM `wei_article` [ RunTime:0.0004s ]
SQL: SELECT * FROM `wei_article` ORDER BY viewtime desc LIMIT 0,6   [ RunTime:0.0002s ]
ERR: 非法操作:logincode=4b161679ff817197beb520e0ac6b5986

[ 2017-06-04T22:13:49+08:00 ] 127.0.0.1 /
INFO: [ app_init ] --START--
INFO: Run Behavior\BuildLiteBehavior [ RunTime:0.000009s ]
INFO: [ app_init ] --END-- [ RunTime:0.000066s ]
INFO: [ app_begin ] --START--
INFO: Run Behavior\ReadHtmlCacheBehavior [ RunTime:0.000028s ]
INFO: [ app_begin ] --END-- [ RunTime:0.000052s ]
SQL: SHOW COLUMNS FROM `wei_type` [ RunTime:0.0004s ]
SQL: SELECT * FROM `wei_type` ORDER BY artnum  [ RunTime:0.0001s ]
SQL: SHOW COLUMNS FROM `wei_article` [ RunTime:0.0004s ]
SQL: SELECT * FROM `wei_article` ORDER BY viewtime desc LIMIT 0,6   [ RunTime:0.0001s ]
NOTIC: [2] Missing argument 1 for Think\Model::where(), called in /var/www/html/thinkphp_weitoutiao.com/Application/Home/Controller/IndexController.class.php on line 12 and defined /var/www/html/thinkphp_weitoutiao.com/ThinkPHP/Library/Think/Model.class.php 第 1797 行.
NOTIC: [8] Undefined variable: where /var/www/html/thinkphp_weitoutiao.com/ThinkPHP/Library/Think/Model.class.php 第 1805 行.
NOTIC: [8] Undefined variable: where /var/www/html/thinkphp_weitoutiao.com/ThinkPHP/Library/Think/Model.class.php 第 1808 行.
NOTIC: [8] Undefined variable: where /var/www/html/thinkphp_weitoutiao.com/ThinkPHP/Library/Think/Model.class.php 第 1816 行.
SQL: SELECT * FROM `wei_article`  [ RunTime:0.0001s ]
SQL: SHOW COLUMNS FROM `wei_loop` [ RunTime:0.0003s ]
SQL: SELECT * FROM `wei_loop`  [ RunTime:0.0001s ]
SQL: SELECT `title`,`imgsrc` FROM `wei_article` WHERE `id` = 1 LIMIT 1   [ RunTime:0.0001s ]
SQL: SELECT `title`,`imgsrc` FROM `wei_article` WHERE `id` = 3 LIMIT 1   [ RunTime:0.0001s ]
SQL: SELECT `title`,`imgsrc` FROM `wei_article` WHERE `id` = 3 LIMIT 1   [ RunTime:0.0000s ]
INFO: [ view_parse ] --START--
INFO: [ template_filter ] --START--
INFO: Run Behavior\ContentReplaceBehavior [ RunTime:0.000040s ]
INFO: [ template_filter ] --END-- [ RunTime:0.000079s ]
NOTIC: [8] Undefined index: user /var/www/html/thinkphp_weitoutiao.com/Application/Runtime/Cache/Home/2a94b8bda04ff446dcedd42276fc99ee.php 第 98 行.
INFO: Run Behavior\ParseTemplateBehavior [ RunTime:0.007974s ]
INFO: [ view_parse ] --END-- [ RunTime:0.008009s ]
INFO: [ view_filter ] --START--
INFO: Run Behavior\WriteHtmlCacheBehavior [ RunTime:0.000069s ]
INFO: [ view_filter ] --END-- [ RunTime:0.000093s ]
INFO: [ app_end ] --START--
INFO: Run Behavior\ShowPageTraceBehavior [ RunTime:0.000032s ]
INFO: [ app_end ] --END-- [ RunTime:0.000058s ]

[ 2017-06-04T22:14:02+08:00 ] 127.0.0.1 /index.php/Home/Index/index/type/1.html
INFO: [ app_init ] --START--
INFO: Run Behavior\BuildLiteBehavior [ RunTime:0.000011s ]
INFO: [ app_init ] --END-- [ RunTime:0.000080s ]
INFO: [ app_begin ] --START--
INFO: Run Behavior\ReadHtmlCacheBehavior [ RunTime:0.000038s ]
INFO: [ app_begin ] --END-- [ RunTime:0.000073s ]
SQL: SHOW COLUMNS FROM `wei_type` [ RunTime:0.0004s ]
SQL: SELECT * FROM `wei_type` ORDER BY artnum  [ RunTime:0.0001s ]
SQL: SHOW COLUMNS FROM `wei_article` [ RunTime:0.0003s ]
SQL: SELECT * FROM `wei_article` ORDER BY viewtime desc LIMIT 0,6   [ RunTime:0.0001s ]
SQL: SELECT * FROM `wei_article` WHERE `type` = 1  [ RunTime:0.0001s ]
SQL: SHOW COLUMNS FROM `wei_loop` [ RunTime:0.0003s ]
SQL: SELECT * FROM `wei_loop`  [ RunTime:0.0001s ]
SQL: SELECT `title`,`imgsrc` FROM `wei_article` WHERE `id` = 1 LIMIT 1   [ RunTime:0.0000s ]
SQL: SELECT `title`,`imgsrc` FROM `wei_article` WHERE `id` = 3 LIMIT 1   [ RunTime:0.0000s ]
SQL: SELECT `title`,`imgsrc` FROM `wei_article` WHERE `id` = 3 LIMIT 1   [ RunTime:0.0000s ]
INFO: [ view_parse ] --START--
INFO: [ template_filter ] --START--
INFO: Run Behavior\ContentReplaceBehavior [ RunTime:0.000043s ]
INFO: [ template_filter ] --END-- [ RunTime:0.000136s ]
NOTIC: [8] Undefined index: user /var/www/html/thinkphp_weitoutiao.com/Application/Runtime/Cache/Home/2a94b8bda04ff446dcedd42276fc99ee.php 第 98 行.
INFO: Run Behavior\ParseTemplateBehavior [ RunTime:0.011851s ]
INFO: [ view_parse ] --END-- [ RunTime:0.011883s ]
INFO: [ view_filter ] --START--
INFO: Run Behavior\WriteHtmlCacheBehavior [ RunTime:0.000035s ]
INFO: [ view_filter ] --END-- [ RunTime:0.000057s ]
INFO: [ app_end ] --START--
INFO: Run Behavior\ShowPageTraceBehavior [ RunTime:0.000046s ]
INFO: [ app_end ] --END-- [ RunTime:0.000078s ]

[ 2017-06-04T22:14:05+08:00 ] 127.0.0.1 /index.php/Home/Index/index/type/2.html
INFO: [ app_init ] --START--
INFO: Run Behavior\BuildLiteBehavior [ RunTime:0.000008s ]
INFO: [ app_init ] --END-- [ RunTime:0.000064s ]
INFO: [ app_begin ] --START--
INFO: Run Behavior\ReadHtmlCacheBehavior [ RunTime:0.000027s ]
INFO: [ app_begin ] --END-- [ RunTime:0.000052s ]
SQL: SHOW COLUMNS FROM `wei_type` [ RunTime:0.0004s ]
SQL: SELECT * FROM `wei_type` ORDER BY artnum  [ RunTime:0.0001s ]
SQL: SHOW COLUMNS FROM `wei_article` [ RunTime:0.0003s ]
SQL: SELECT * FROM `wei_article` ORDER BY viewtime desc LIMIT 0,6   [ RunTime:0.0001s ]
SQL: SELECT * FROM `wei_article` WHERE `type` = 2  [ RunTime:0.0001s ]
SQL: SHOW COLUMNS FROM `wei_loop` [ RunTime:0.0003s ]
SQL: SELECT * FROM `wei_loop`  [ RunTime:0.0001s ]
SQL: SELECT `title`,`imgsrc` FROM `wei_article` WHERE `id` = 1 LIMIT 1   [ RunTime:0.0000s ]
SQL: SELECT `title`,`imgsrc` FROM `wei_article` WHERE `id` = 3 LIMIT 1   [ RunTime:0.0000s ]
SQL: SELECT `title`,`imgsrc` FROM `wei_article` WHERE `id` = 3 LIMIT 1   [ RunTime:0.0000s ]
INFO: [ view_parse ] --START--
INFO: [ template_filter ] --START--
INFO: Run Behavior\ContentReplaceBehavior [ RunTime:0.000036s ]
INFO: [ template_filter ] --END-- [ RunTime:0.000072s ]
NOTIC: [8] Undefined index: user /var/www/html/thinkphp_weitoutiao.com/Application/Runtime/Cache/Home/2a94b8bda04ff446dcedd42276fc99ee.php 第 98 行.
INFO: Run Behavior\ParseTemplateBehavior [ RunTime:0.010312s ]
INFO: [ view_parse ] --END-- [ RunTime:0.010341s ]
INFO: [ view_filter ] --START--
INFO: Run Behavior\WriteHtmlCacheBehavior [ RunTime:0.000031s ]
INFO: [ view_filter ] --END-- [ RunTime:0.000052s ]
INFO: [ app_end ] --START--
INFO: Run Behavior\ShowPageTraceBehavior [ RunTime:0.000024s ]
INFO: [ app_end ] --END-- [ RunTime:0.000047s ]

[ 2017-06-04T22:14:06+08:00 ] 127.0.0.1 /index.php/Home/Index/index/type/1.html
INFO: [ app_init ] --START--
INFO: Run Behavior\BuildLiteBehavior [ RunTime:0.000010s ]
INFO: [ app_init ] --END-- [ RunTime:0.000075s ]
INFO: [ app_begin ] --START--
INFO: Run Behavior\ReadHtmlCacheBehavior [ RunTime:0.000030s ]
INFO: [ app_begin ] --END-- [ RunTime:0.000063s ]
SQL: SHOW COLUMNS FROM `wei_type` [ RunTime:0.0005s ]
SQL: SELECT * FROM `wei_type` ORDER BY artnum  [ RunTime:0.0002s ]
SQL: SHOW COLUMNS FROM `wei_article` [ RunTime:0.0003s ]
SQL: SELECT * FROM `wei_article` ORDER BY viewtime desc LIMIT 0,6   [ RunTime:0.0001s ]
SQL: SELECT * FROM `wei_article` WHERE `type` = 1  [ RunTime:0.0001s ]
SQL: SHOW COLUMNS FROM `wei_loop` [ RunTime:0.0003s ]
SQL: SELECT * FROM `wei_loop`  [ RunTime:0.0001s ]
SQL: SELECT `title`,`imgsrc` FROM `wei_article` WHERE `id` = 1 LIMIT 1   [ RunTime:0.0000s ]
SQL: SELECT `title`,`imgsrc` FROM `wei_article` WHERE `id` = 3 LIMIT 1   [ RunTime:0.0000s ]
SQL: SELECT `title`,`imgsrc` FROM `wei_article` WHERE `id` = 3 LIMIT 1   [ RunTime:0.0000s ]
INFO: [ view_parse ] --START--
INFO: [ template_filter ] --START--
INFO: Run Behavior\ContentReplaceBehavior [ RunTime:0.000040s ]
INFO: [ template_filter ] --END-- [ RunTime:0.000081s ]
NOTIC: [8] Undefined index: user /var/www/html/thinkphp_weitoutiao.com/Application/Runtime/Cache/Home/2a94b8bda04ff446dcedd42276fc99ee.php 第 98 行.
INFO: Run Behavior\ParseTemplateBehavior [ RunTime:0.010315s ]
INFO: [ view_parse ] --END-- [ RunTime:0.010351s ]
INFO: [ view_filter ] --START--
INFO: Run Behavior\WriteHtmlCacheBehavior [ RunTime:0.000036s ]
INFO: [ view_filter ] --END-- [ RunTime:0.000058s ]
INFO: [ app_end ] --START--
INFO: Run Behavior\ShowPageTraceBehavior [ RunTime:0.000024s ]
INFO: [ app_end ] --END-- [ RunTime:0.000047s ]

[ 2017-06-04T22:14:08+08:00 ] 127.0.0.1 /index.php/Home/Index/index/type/3.html
INFO: [ app_init ] --START--
INFO: Run Behavior\BuildLiteBehavior [ RunTime:0.000012s ]
INFO: [ app_init ] --END-- [ RunTime:0.000090s ]
INFO: [ app_begin ] --START--
INFO: Run Behavior\ReadHtmlCacheBehavior [ RunTime:0.000039s ]
INFO: [ app_begin ] --END-- [ RunTime:0.000076s ]
SQL: SHOW COLUMNS FROM `wei_type` [ RunTime:0.0005s ]
SQL: SELECT * FROM `wei_type` ORDER BY artnum  [ RunTime:0.0001s ]
SQL: SHOW COLUMNS FROM `wei_article` [ RunTime:0.0005s ]
SQL: SELECT * FROM `wei_article` ORDER BY viewtime desc LIMIT 0,6   [ RunTime:0.0001s ]
SQL: SELECT * FROM `wei_article` WHERE `type` = 3  [ RunTime:0.0002s ]
SQL: SHOW COLUMNS FROM `wei_loop` [ RunTime:0.0005s ]
SQL: SELECT * FROM `wei_loop`  [ RunTime:0.0001s ]
SQL: SELECT `title`,`imgsrc` FROM `wei_article` WHERE `id` = 1 LIMIT 1   [ RunTime:0.0001s ]
SQL: SELECT `title`,`imgsrc` FROM `wei_article` WHERE `id` = 3 LIMIT 1   [ RunTime:0.0001s ]
SQL: SELECT `title`,`imgsrc` FROM `wei_article` WHERE `id` = 3 LIMIT 1   [ RunTime:0.0001s ]
INFO: [ view_parse ] --START--
INFO: [ template_filter ] --START--
INFO: Run Behavior\ContentReplaceBehavior [ RunTime:0.000037s ]
INFO: [ template_filter ] --END-- [ RunTime:0.000074s ]
NOTIC: [8] Undefined index: user /var/www/html/thinkphp_weitoutiao.com/Application/Runtime/Cache/Home/2a94b8bda04ff446dcedd42276fc99ee.php 第 98 行.
INFO: Run Behavior\ParseTemplateBehavior [ RunTime:0.009574s ]
INFO: [ view_parse ] --END-- [ RunTime:0.009608s ]
INFO: [ view_filter ] --START--
INFO: Run Behavior\WriteHtmlCacheBehavior [ RunTime:0.000032s ]
INFO: [ view_filter ] --END-- [ RunTime:0.000052s ]
INFO: [ app_end ] --START--
INFO: Run Behavior\ShowPageTraceBehavior [ RunTime:0.000025s ]
INFO: [ app_end ] --END-- [ RunTime:0.000045s ]

[ 2017-06-04T22:14:08+08:00 ] 127.0.0.1 /index.php/Home/Index/index/type/2.html
INFO: [ app_init ] --START--
INFO: Run Behavior\BuildLiteBehavior [ RunTime:0.000015s ]
INFO: [ app_init ] --END-- [ RunTime:0.000096s ]
INFO: [ app_begin ] --START--
INFO: Run Behavior\ReadHtmlCacheBehavior [ RunTime:0.000040s ]
INFO: [ app_begin ] --END-- [ RunTime:0.000087s ]
SQL: SHOW COLUMNS FROM `wei_type` [ RunTime:0.0007s ]
SQL: SELECT * FROM `wei_type` ORDER BY artnum  [ RunTime:0.0002s ]
SQL: SHOW COLUMNS FROM `wei_article` [ RunTime:0.0006s ]
SQL: SELECT * FROM `wei_article` ORDER BY viewtime desc LIMIT 0,6   [ RunTime:0.0003s ]
SQL: SELECT * FROM `wei_article` WHERE `type` = 2  [ RunTime:0.0002s ]
SQL: SHOW COLUMNS FROM `wei_loop` [ RunTime:0.0005s ]
SQL: SELECT * FROM `wei_loop`  [ RunTime:0.0002s ]
SQL: SELECT `title`,`imgsrc` FROM `wei_article` WHERE `id` = 1 LIMIT 1   [ RunTime:0.0002s ]
SQL: SELECT `title`,`imgsrc` FROM `wei_article` WHERE `id` = 3 LIMIT 1   [ RunTime:0.0002s ]
SQL: SELECT `title`,`imgsrc` FROM `wei_article` WHERE `id` = 3 LIMIT 1   [ RunTime:0.0001s ]
INFO: [ view_parse ] --START--
INFO: [ template_filter ] --START--
INFO: Run Behavior\ContentReplaceBehavior [ RunTime:0.000050s ]
INFO: [ template_filter ] --END-- [ RunTime:0.000099s ]
NOTIC: [8] Undefined index: user /var/www/html/thinkphp_weitoutiao.com/Application/Runtime/Cache/Home/2a94b8bda04ff446dcedd42276fc99ee.php 第 98 行.
INFO: Run Behavior\ParseTemplateBehavior [ RunTime:0.008796s ]
INFO: [ view_parse ] --END-- [ RunTime:0.008837s ]
INFO: [ view_filter ] --START--
INFO: Run Behavior\WriteHtmlCacheBehavior [ RunTime:0.000041s ]
INFO: [ view_filter ] --END-- [ RunTime:0.000072s ]
INFO: [ app_end ] --START--
INFO: Run Behavior\ShowPageTraceBehavior [ RunTime:0.000032s ]
INFO: [ app_end ] --END-- [ RunTime:0.000065s ]

[ 2017-06-04T22:14:09+08:00 ] 127.0.0.1 /index.php/Home/Index/index/type/1.html
INFO: [ app_init ] --START--
INFO: Run Behavior\BuildLiteBehavior [ RunTime:0.000027s ]
INFO: [ app_init ] --END-- [ RunTime:0.000185s ]
INFO: [ app_begin ] --START--
INFO: Run Behavior\ReadHtmlCacheBehavior [ RunTime:0.000076s ]
INFO: [ app_begin ] --END-- [ RunTime:0.000170s ]
SQL: SHOW COLUMNS FROM `wei_type` [ RunTime:0.0008s ]
SQL: SELECT * FROM `wei_type` ORDER BY artnum  [ RunTime:0.0002s ]
SQL: SHOW COLUMNS FROM `wei_article` [ RunTime:0.0008s ]
SQL: SELECT * FROM `wei_article` ORDER BY viewtime desc LIMIT 0,6   [ RunTime:0.0001s ]
SQL: SELECT * FROM `wei_article` WHERE `type` = 1  [ RunTime:0.0001s ]
SQL: SHOW COLUMNS FROM `wei_loop` [ RunTime:0.0006s ]
SQL: SELECT * FROM `wei_loop`  [ RunTime:0.0001s ]
SQL: SELECT `title`,`imgsrc` FROM `wei_article` WHERE `id` = 1 LIMIT 1   [ RunTime:0.0002s ]
SQL: SELECT `title`,`imgsrc` FROM `wei_article` WHERE `id` = 3 LIMIT 1   [ RunTime:0.0001s ]
SQL: SELECT `title`,`imgsrc` FROM `wei_article` WHERE `id` = 3 LIMIT 1   [ RunTime:0.0001s ]
INFO: [ view_parse ] --START--
INFO: [ template_filter ] --START--
INFO: Run Behavior\ContentReplaceBehavior [ RunTime:0.000050s ]
INFO: [ template_filter ] --END-- [ RunTime:0.000101s ]
NOTIC: [8] Undefined index: user /var/www/html/thinkphp_weitoutiao.com/Application/Runtime/Cache/Home/2a94b8bda04ff446dcedd42276fc99ee.php 第 98 行.
INFO: Run Behavior\ParseTemplateBehavior [ RunTime:0.009969s ]
INFO: [ view_parse ] --END-- [ RunTime:0.010015s ]
INFO: [ view_filter ] --START--
INFO: Run Behavior\WriteHtmlCacheBehavior [ RunTime:0.000040s ]
INFO: [ view_filter ] --END-- [ RunTime:0.000070s ]
INFO: [ app_end ] --START--
INFO: Run Behavior\ShowPageTraceBehavior [ RunTime:0.000035s ]
INFO: [ app_end ] --END-- [ RunTime:0.000069s ]

[ 2017-06-04T22:14:14+08:00 ] 127.0.0.1 /index.php/Home/Article/index/type/1/id/2.html
INFO: [ app_init ] --START--
INFO: Run Behavior\BuildLiteBehavior [ RunTime:0.000011s ]
INFO: [ app_init ] --END-- [ RunTime:0.000082s ]
INFO: [ app_begin ] --START--
INFO: Run Behavior\ReadHtmlCacheBehavior [ RunTime:0.000041s ]
INFO: [ app_begin ] --END-- [ RunTime:0.000072s ]
SQL: SHOW COLUMNS FROM `wei_type` [ RunTime:0.0008s ]
SQL: SELECT * FROM `wei_type` ORDER BY artnum  [ RunTime:0.0003s ]
SQL: SHOW COLUMNS FROM `wei_article` [ RunTime:0.0009s ]
SQL: SELECT * FROM `wei_article` ORDER BY viewtime desc LIMIT 0,6   [ RunTime:0.0002s ]
SQL: SELECT * FROM `wei_article` WHERE `id` = 2 LIMIT 1   [ RunTime:0.0003s ]
SQL: UPDATE `wei_article` SET `viewtime`='155' WHERE `id` = 2 [ RunTime:0.0003s ]
SQL: SHOW COLUMNS FROM `wei_comment` [ RunTime:0.0005s ]
SQL: SELECT * FROM `wei_comment` WHERE `articleid` = 2 AND `pid` = 0  [ RunTime:0.0003s ]
SQL: SELECT * FROM `wei_article` WHERE ( id> 2 ) ORDER BY id asc LIMIT 1   [ RunTime:0.0003s ]
INFO: [ view_parse ] --START--
INFO: [ template_filter ] --START--
INFO: Run Behavior\ContentReplaceBehavior [ RunTime:0.000054s ]
INFO: [ template_filter ] --END-- [ RunTime:0.000109s ]
NOTIC: [8] Undefined index: user /var/www/html/thinkphp_weitoutiao.com/Application/Runtime/Cache/Home/2ac6c1276904b87404ed678dbabb985c.php 第 96 行.
NOTIC: [8] Use of undefined constant id - assumed 'id' /var/www/html/thinkphp_weitoutiao.com/Application/Runtime/Cache/Home/2ac6c1276904b87404ed678dbabb985c.php 第 140 行.
NOTIC: [8] Undefined index: logo /var/www/html/thinkphp_weitoutiao.com/Application/Runtime/Cache/Home/2ac6c1276904b87404ed678dbabb985c.php 第 146 行.
NOTIC: [8] Use of undefined constant id - assumed 'id' /var/www/html/thinkphp_weitoutiao.com/Application/Runtime/Cache/Home/2ac6c1276904b87404ed678dbabb985c.php 第 240 行.
INFO: Run Behavior\ParseTemplateBehavior [ RunTime:0.015045s ]
INFO: [ view_parse ] --END-- [ RunTime:0.015078s ]
INFO: [ view_filter ] --START--
INFO: Run Behavior\WriteHtmlCacheBehavior [ RunTime:0.000041s ]
INFO: [ view_filter ] --END-- [ RunTime:0.000064s ]
INFO: [ app_end ] --START--
INFO: Run Behavior\ShowPageTraceBehavior [ RunTime:0.000037s ]
INFO: [ app_end ] --END-- [ RunTime:0.000063s ]

