[ 2017-05-19T20:36:08+08:00 ] 127.0.0.1 /
INFO: [ app_init ] --START--
INFO: Run Behavior\BuildLiteBehavior [ RunTime:0.000018s ]
INFO: [ app_init ] --END-- [ RunTime:0.000759s ]
INFO: [ app_begin ] --START--
INFO: Run Behavior\ReadHtmlCacheBehavior [ RunTime:0.001024s ]
INFO: [ app_begin ] --END-- [ RunTime:0.001086s ]
SQL: SHOW COLUMNS FROM `wei_type` [ RunTime:0.0008s ]
SQL: SELECT * FROM `wei_type` ORDER BY artnum  [ RunTime:0.0012s ]
SQL: SHOW COLUMNS FROM `wei_article` [ RunTime:0.0009s ]
SQL: SELECT * FROM `wei_article` ORDER BY viewtime desc LIMIT 0,6   [ RunTime:0.0007s ]
NOTIC: [2] Missing argument 1 for Think\Model::where(), called in /var/www/html/thinkphp_weitoutiao.com/Application/Home/Controller/IndexController.class.php on line 12 and defined /var/www/html/thinkphp_weitoutiao.com/ThinkPHP/Library/Think/Model.class.php 第 1797 行.
NOTIC: [8] Undefined variable: where /var/www/html/thinkphp_weitoutiao.com/ThinkPHP/Library/Think/Model.class.php 第 1805 行.
NOTIC: [8] Undefined variable: where /var/www/html/thinkphp_weitoutiao.com/ThinkPHP/Library/Think/Model.class.php 第 1808 行.
NOTIC: [8] Undefined variable: where /var/www/html/thinkphp_weitoutiao.com/ThinkPHP/Library/Think/Model.class.php 第 1816 行.
SQL: SELECT * FROM `wei_article`  [ RunTime:0.0002s ]
SQL: SHOW COLUMNS FROM `wei_loop` [ RunTime:0.0007s ]
SQL: SELECT * FROM `wei_loop`  [ RunTime:0.0005s ]
SQL: SELECT `title`,`imgsrc` FROM `wei_article` WHERE `id` = 1 LIMIT 1   [ RunTime:0.0001s ]
SQL: SELECT `title`,`imgsrc` FROM `wei_article` WHERE `id` = 3 LIMIT 1   [ RunTime:0.0001s ]
INFO: [ view_parse ] --START--
INFO: [ template_filter ] --START--
INFO: Run Behavior\ContentReplaceBehavior [ RunTime:0.000047s ]
INFO: [ template_filter ] --END-- [ RunTime:0.000090s ]
NOTIC: [8] Undefined index: user /var/www/html/thinkphp_weitoutiao.com/Application/Runtime/Cache/Home/2a94b8bda04ff446dcedd42276fc99ee.php 第 98 行.
INFO: Run Behavior\ParseTemplateBehavior [ RunTime:0.016630s ]
INFO: [ view_parse ] --END-- [ RunTime:0.016669s ]
INFO: [ view_filter ] --START--
INFO: Run Behavior\WriteHtmlCacheBehavior [ RunTime:0.000940s ]
INFO: [ view_filter ] --END-- [ RunTime:0.000977s ]
INFO: [ app_end ] --START--
INFO: Run Behavior\ShowPageTraceBehavior [ RunTime:0.001005s ]
INFO: [ app_end ] --END-- [ RunTime:0.001046s ]

[ 2017-05-19T20:36:56+08:00 ] 127.0.0.1 /
INFO: [ app_init ] --START--
INFO: Run Behavior\BuildLiteBehavior [ RunTime:0.000009s ]
INFO: [ app_init ] --END-- [ RunTime:0.000064s ]
INFO: [ app_begin ] --START--
INFO: Run Behavior\ReadHtmlCacheBehavior [ RunTime:0.000025s ]
INFO: [ app_begin ] --END-- [ RunTime:0.000049s ]
SQL: SHOW COLUMNS FROM `wei_type` [ RunTime:0.0004s ]
SQL: SELECT * FROM `wei_type` ORDER BY artnum  [ RunTime:0.0001s ]
SQL: SHOW COLUMNS FROM `wei_article` [ RunTime:0.0004s ]
SQL: SELECT * FROM `wei_article` ORDER BY viewtime desc LIMIT 0,6   [ RunTime:0.0001s ]
NOTIC: [2] Missing argument 1 for Think\Model::where(), called in /var/www/html/thinkphp_weitoutiao.com/Application/Home/Controller/IndexController.class.php on line 12 and defined /var/www/html/thinkphp_weitoutiao.com/ThinkPHP/Library/Think/Model.class.php 第 1797 行.
NOTIC: [8] Undefined variable: where /var/www/html/thinkphp_weitoutiao.com/ThinkPHP/Library/Think/Model.class.php 第 1805 行.
NOTIC: [8] Undefined variable: where /var/www/html/thinkphp_weitoutiao.com/ThinkPHP/Library/Think/Model.class.php 第 1808 行.
NOTIC: [8] Undefined variable: where /var/www/html/thinkphp_weitoutiao.com/ThinkPHP/Library/Think/Model.class.php 第 1816 行.
SQL: SELECT * FROM `wei_article`  [ RunTime:0.0000s ]
SQL: SHOW COLUMNS FROM `wei_loop` [ RunTime:0.0003s ]
SQL: SELECT * FROM `wei_loop`  [ RunTime:0.0001s ]
SQL: SELECT `title`,`imgsrc` FROM `wei_article` WHERE `id` = 1 LIMIT 1   [ RunTime:0.0000s ]
SQL: SELECT `title`,`imgsrc` FROM `wei_article` WHERE `id` = 3 LIMIT 1   [ RunTime:0.0000s ]
SQL: SELECT `title`,`imgsrc` FROM `wei_article` WHERE `id` = 3 LIMIT 1   [ RunTime:0.0000s ]
INFO: [ view_parse ] --START--
INFO: [ template_filter ] --START--
INFO: Run Behavior\ContentReplaceBehavior [ RunTime:0.000039s ]
INFO: [ template_filter ] --END-- [ RunTime:0.000081s ]
NOTIC: [8] Undefined index: user /var/www/html/thinkphp_weitoutiao.com/Application/Runtime/Cache/Home/2a94b8bda04ff446dcedd42276fc99ee.php 第 98 行.
INFO: Run Behavior\ParseTemplateBehavior [ RunTime:0.007415s ]
INFO: [ view_parse ] --END-- [ RunTime:0.007449s ]
INFO: [ view_filter ] --START--
INFO: Run Behavior\WriteHtmlCacheBehavior [ RunTime:0.000038s ]
INFO: [ view_filter ] --END-- [ RunTime:0.000059s ]
INFO: [ app_end ] --START--
INFO: Run Behavior\ShowPageTraceBehavior [ RunTime:0.000029s ]
INFO: [ app_end ] --END-- [ RunTime:0.000052s ]

[ 2017-05-19T20:37:26+08:00 ] 127.0.0.1 /index.php/Home/Article/index/type/1/id/1.html
INFO: [ app_init ] --START--
INFO: Run Behavior\BuildLiteBehavior [ RunTime:0.000012s ]
INFO: [ app_init ] --END-- [ RunTime:0.000078s ]
INFO: [ app_begin ] --START--
INFO: Run Behavior\ReadHtmlCacheBehavior [ RunTime:0.000042s ]
INFO: [ app_begin ] --END-- [ RunTime:0.000072s ]
SQL: SHOW COLUMNS FROM `wei_type` [ RunTime:0.0004s ]
SQL: SELECT * FROM `wei_type` ORDER BY artnum  [ RunTime:0.0001s ]
SQL: SHOW COLUMNS FROM `wei_article` [ RunTime:0.0004s ]
SQL: SELECT * FROM `wei_article` ORDER BY viewtime desc LIMIT 0,6   [ RunTime:0.0001s ]
SQL: SELECT * FROM `wei_article` WHERE `id` = 1 LIMIT 1   [ RunTime:0.0001s ]
SQL: UPDATE `wei_article` SET `viewtime`='85' WHERE `id` = 1 [ RunTime:0.0003s ]
SQL: SHOW COLUMNS FROM `wei_comment` [ RunTime:0.0004s ]
SQL: SELECT * FROM `wei_comment` WHERE `articleid` = 1 AND `pid` = 0  [ RunTime:0.0005s ]
SQL: SHOW COLUMNS FROM `wei_wbuser` [ RunTime:0.0004s ]
SQL: SELECT * FROM `wei_wbuser` WHERE `id` = 1 LIMIT 1   [ RunTime:0.0005s ]
SQL: SHOW COLUMNS FROM `wei_thumbs_up` [ RunTime:0.0004s ]
SQL: SELECT COUNT(*) AS tp_count FROM `wei_thumbs_up` WHERE `commentid` = 3 AND `status` = 1 LIMIT 1   [ RunTime:0.0005s ]
SQL: SELECT * FROM `wei_comment` WHERE `pid` = 3  [ RunTime:0.0001s ]
SQL: SELECT * FROM `wei_article` WHERE ( id> 1 ) ORDER BY id asc LIMIT 1   [ RunTime:0.0002s ]
INFO: [ view_parse ] --START--
INFO: [ template_filter ] --START--
INFO: Run Behavior\ContentReplaceBehavior [ RunTime:0.000056s ]
INFO: [ template_filter ] --END-- [ RunTime:0.000105s ]
NOTIC: [8] Undefined index: user /var/www/html/thinkphp_weitoutiao.com/Application/Runtime/Cache/Home/2ac6c1276904b87404ed678dbabb985c.php 第 96 行.
NOTIC: [8] Use of undefined constant id - assumed 'id' /var/www/html/thinkphp_weitoutiao.com/Application/Runtime/Cache/Home/2ac6c1276904b87404ed678dbabb985c.php 第 140 行.
NOTIC: [8] Undefined index: logo /var/www/html/thinkphp_weitoutiao.com/Application/Runtime/Cache/Home/2ac6c1276904b87404ed678dbabb985c.php 第 146 行.
NOTIC: [8] Undefined index: reply /var/www/html/thinkphp_weitoutiao.com/Application/Runtime/Cache/Home/2ac6c1276904b87404ed678dbabb985c.php 第 172 行.
NOTIC: [8] Use of undefined constant id - assumed 'id' /var/www/html/thinkphp_weitoutiao.com/Application/Runtime/Cache/Home/2ac6c1276904b87404ed678dbabb985c.php 第 240 行.
INFO: Run Behavior\ParseTemplateBehavior [ RunTime:0.010501s ]
INFO: [ view_parse ] --END-- [ RunTime:0.010538s ]
INFO: [ view_filter ] --START--
INFO: Run Behavior\WriteHtmlCacheBehavior [ RunTime:0.000047s ]
INFO: [ view_filter ] --END-- [ RunTime:0.000072s ]
INFO: [ app_end ] --START--
INFO: Run Behavior\ShowPageTraceBehavior [ RunTime:0.000033s ]
INFO: [ app_end ] --END-- [ RunTime:0.000057s ]

[ 2017-05-19T20:37:29+08:00 ] 127.0.0.1 /index.php/Home/Article/collect.html
INFO: [ app_init ] --START--
INFO: Run Behavior\BuildLiteBehavior [ RunTime:0.000009s ]
INFO: [ app_init ] --END-- [ RunTime:0.000059s ]
INFO: [ app_begin ] --START--
INFO: Run Behavior\ReadHtmlCacheBehavior [ RunTime:0.000022s ]
INFO: [ app_begin ] --END-- [ RunTime:0.000044s ]
SQL: SHOW COLUMNS FROM `wei_type` [ RunTime:0.0010s ]
SQL: SELECT * FROM `wei_type` ORDER BY artnum  [ RunTime:0.0001s ]
SQL: SHOW COLUMNS FROM `wei_article` [ RunTime:0.0004s ]
SQL: SELECT * FROM `wei_article` ORDER BY viewtime desc LIMIT 0,6   [ RunTime:0.0002s ]
SQL: SHOW COLUMNS FROM `wei_wbuser` [ RunTime:0.0003s ]
NOTIC: [8] Undefined index: user /var/www/html/thinkphp_weitoutiao.com/Application/Home/Controller/ArticleController.class.php 第 136 行.
SQL: SELECT * FROM `wei_wbuser` WHERE `user` = null LIMIT 1   [ RunTime:0.0001s ]
SQL: SHOW COLUMNS FROM `wei_collect` [ RunTime:0.0003s ]
SQL: SELECT * FROM `wei_collect` WHERE `userid` = null AND `articleid` = 1 LIMIT 1   [ RunTime:0.0005s ]
ERR: 1048:Column 'userid' cannot be null
 [ SQL语句 ] : INSERT INTO `wei_collect` (`articleid`,`userid`,`status`,`time`) VALUES ('1',NULL,'1','1495197449')
ERR: 1048:Column 'userid' cannot be null
 [ SQL语句 ] : INSERT INTO `wei_collect` (`articleid`,`userid`,`status`,`time`) VALUES ('1',NULL,'1','1495197449')

[ 2017-05-19T20:37:30+08:00 ] 127.0.0.1 /index.php/Home/Article/collect.html
INFO: [ app_init ] --START--
INFO: Run Behavior\BuildLiteBehavior [ RunTime:0.000009s ]
INFO: [ app_init ] --END-- [ RunTime:0.000059s ]
INFO: [ app_begin ] --START--
INFO: Run Behavior\ReadHtmlCacheBehavior [ RunTime:0.000021s ]
INFO: [ app_begin ] --END-- [ RunTime:0.000044s ]
SQL: SHOW COLUMNS FROM `wei_type` [ RunTime:0.0004s ]
SQL: SELECT * FROM `wei_type` ORDER BY artnum  [ RunTime:0.0001s ]
SQL: SHOW COLUMNS FROM `wei_article` [ RunTime:0.0003s ]
SQL: SELECT * FROM `wei_article` ORDER BY viewtime desc LIMIT 0,6   [ RunTime:0.0001s ]
SQL: SHOW COLUMNS FROM `wei_wbuser` [ RunTime:0.0003s ]
NOTIC: [8] Undefined index: user /var/www/html/thinkphp_weitoutiao.com/Application/Home/Controller/ArticleController.class.php 第 136 行.
SQL: SELECT * FROM `wei_wbuser` WHERE `user` = null LIMIT 1   [ RunTime:0.0001s ]
SQL: SHOW COLUMNS FROM `wei_collect` [ RunTime:0.0003s ]
SQL: SELECT * FROM `wei_collect` WHERE `userid` = null AND `articleid` = 1 LIMIT 1   [ RunTime:0.0002s ]
ERR: 1048:Column 'userid' cannot be null
 [ SQL语句 ] : INSERT INTO `wei_collect` (`articleid`,`userid`,`status`,`time`) VALUES ('1',NULL,'1','1495197450')
ERR: 1048:Column 'userid' cannot be null
 [ SQL语句 ] : INSERT INTO `wei_collect` (`articleid`,`userid`,`status`,`time`) VALUES ('1',NULL,'1','1495197450')

[ 2017-05-19T20:37:30+08:00 ] 127.0.0.1 /index.php/Home/Article/collect.html
INFO: [ app_init ] --START--
INFO: Run Behavior\BuildLiteBehavior [ RunTime:0.000026s ]
INFO: [ app_init ] --END-- [ RunTime:0.000182s ]
INFO: [ app_begin ] --START--
INFO: Run Behavior\ReadHtmlCacheBehavior [ RunTime:0.000141s ]
INFO: [ app_begin ] --END-- [ RunTime:0.000233s ]
SQL: SHOW COLUMNS FROM `wei_type` [ RunTime:0.0004s ]
SQL: SELECT * FROM `wei_type` ORDER BY artnum  [ RunTime:0.0001s ]
SQL: SHOW COLUMNS FROM `wei_article` [ RunTime:0.0003s ]
SQL: SELECT * FROM `wei_article` ORDER BY viewtime desc LIMIT 0,6   [ RunTime:0.0001s ]
SQL: SHOW COLUMNS FROM `wei_wbuser` [ RunTime:0.0003s ]
NOTIC: [8] Undefined index: user /var/www/html/thinkphp_weitoutiao.com/Application/Home/Controller/ArticleController.class.php 第 136 行.
SQL: SELECT * FROM `wei_wbuser` WHERE `user` = null LIMIT 1   [ RunTime:0.0000s ]
SQL: SHOW COLUMNS FROM `wei_collect` [ RunTime:0.0003s ]
SQL: SELECT * FROM `wei_collect` WHERE `userid` = null AND `articleid` = 1 LIMIT 1   [ RunTime:0.0000s ]
ERR: 1048:Column 'userid' cannot be null
 [ SQL语句 ] : INSERT INTO `wei_collect` (`articleid`,`userid`,`status`,`time`) VALUES ('1',NULL,'1','1495197450')
ERR: 1048:Column 'userid' cannot be null
 [ SQL语句 ] : INSERT INTO `wei_collect` (`articleid`,`userid`,`status`,`time`) VALUES ('1',NULL,'1','1495197450')

[ 2017-05-19T20:37:35+08:00 ] 127.0.0.1 /index.php/Home/Article/zan.html
INFO: [ app_init ] --START--
INFO: Run Behavior\BuildLiteBehavior [ RunTime:0.000007s ]
INFO: [ app_init ] --END-- [ RunTime:0.000057s ]
INFO: [ app_begin ] --START--
INFO: Run Behavior\ReadHtmlCacheBehavior [ RunTime:0.000022s ]
INFO: [ app_begin ] --END-- [ RunTime:0.000043s ]
SQL: SHOW COLUMNS FROM `wei_type` [ RunTime:0.0004s ]
SQL: SELECT * FROM `wei_type` ORDER BY artnum  [ RunTime:0.0001s ]
SQL: SHOW COLUMNS FROM `wei_article` [ RunTime:0.0003s ]
SQL: SELECT * FROM `wei_article` ORDER BY viewtime desc LIMIT 0,6   [ RunTime:0.0001s ]
SQL: SHOW COLUMNS FROM `wei_wbuser` [ RunTime:0.0003s ]
NOTIC: [8] Undefined index: user /var/www/html/thinkphp_weitoutiao.com/Application/Home/Controller/ArticleController.class.php 第 107 行.
SQL: SELECT * FROM `wei_wbuser` WHERE `user` = null LIMIT 1   [ RunTime:0.0001s ]
SQL: SHOW COLUMNS FROM `wei_thumbs_up` [ RunTime:0.0003s ]
SQL: SELECT * FROM `wei_thumbs_up` WHERE `userid` = null AND `commentid` = 3 LIMIT 1   [ RunTime:0.0001s ]
ERR: 1048:Column 'userid' cannot be null
 [ SQL语句 ] : INSERT INTO `wei_thumbs_up` (`commentid`,`userid`,`status`,`time`) VALUES ('3',NULL,'1','1495197455')
ERR: 1048:Column 'userid' cannot be null
 [ SQL语句 ] : INSERT INTO `wei_thumbs_up` (`commentid`,`userid`,`status`,`time`) VALUES ('3',NULL,'1','1495197455')

[ 2017-05-19T20:37:39+08:00 ] 127.0.0.1 /index.php/Home/Article/reply/id/1.html
INFO: [ app_init ] --START--
INFO: Run Behavior\BuildLiteBehavior [ RunTime:0.000009s ]
INFO: [ app_init ] --END-- [ RunTime:0.000063s ]
INFO: [ app_begin ] --START--
INFO: Run Behavior\ReadHtmlCacheBehavior [ RunTime:0.000026s ]
INFO: [ app_begin ] --END-- [ RunTime:0.000051s ]
SQL: SHOW COLUMNS FROM `wei_type` [ RunTime:0.0004s ]
SQL: SELECT * FROM `wei_type` ORDER BY artnum  [ RunTime:0.0001s ]
SQL: SHOW COLUMNS FROM `wei_article` [ RunTime:0.0004s ]
SQL: SELECT * FROM `wei_article` ORDER BY viewtime desc LIMIT 0,6   [ RunTime:0.0001s ]
SQL: SHOW COLUMNS FROM `wei_wbuser` [ RunTime:0.0003s ]
NOTIC: [8] Undefined index: user /var/www/html/thinkphp_weitoutiao.com/Application/Home/Controller/ArticleController.class.php 第 90 行.
SQL: SELECT `id` FROM `wei_wbuser` WHERE `user` = null LIMIT 1   [ RunTime:0.0001s ]
SQL: SHOW COLUMNS FROM `wei_comment` [ RunTime:0.0003s ]
ERR: 1048:Column 'userid' cannot be null
 [ SQL语句 ] : INSERT INTO `wei_comment` (`articleid`,`pid`,`content`,`userid`,`time`) VALUES ('1','3','',NULL,'1495197459')
ERR: 1048:Column 'userid' cannot be null
 [ SQL语句 ] : INSERT INTO `wei_comment` (`articleid`,`pid`,`content`,`userid`,`time`) VALUES ('1','3','',NULL,'1495197459')

[ 2017-05-19T20:37:56+08:00 ] 127.0.0.1 /index.php/Home/Article/reply/id/1.html
INFO: [ app_init ] --START--
INFO: Run Behavior\BuildLiteBehavior [ RunTime:0.000010s ]
INFO: [ app_init ] --END-- [ RunTime:0.000077s ]
INFO: [ app_begin ] --START--
INFO: Run Behavior\ReadHtmlCacheBehavior [ RunTime:0.000032s ]
INFO: [ app_begin ] --END-- [ RunTime:0.000063s ]
SQL: SHOW COLUMNS FROM `wei_type` [ RunTime:0.0005s ]
SQL: SELECT * FROM `wei_type` ORDER BY artnum  [ RunTime:0.0001s ]
SQL: SHOW COLUMNS FROM `wei_article` [ RunTime:0.0006s ]
SQL: SELECT * FROM `wei_article` ORDER BY viewtime desc LIMIT 0,6   [ RunTime:0.0001s ]
SQL: SHOW COLUMNS FROM `wei_wbuser` [ RunTime:0.0004s ]
NOTIC: [8] Undefined index: user /var/www/html/thinkphp_weitoutiao.com/Application/Home/Controller/ArticleController.class.php 第 90 行.
SQL: SELECT `id` FROM `wei_wbuser` WHERE `user` = null LIMIT 1   [ RunTime:0.0001s ]
SQL: SHOW COLUMNS FROM `wei_comment` [ RunTime:0.0003s ]
ERR: 1048:Column 'userid' cannot be null
 [ SQL语句 ] : INSERT INTO `wei_comment` (`articleid`,`pid`,`content`,`userid`,`time`) VALUES ('1','3','',NULL,'1495197476')
ERR: 1048:Column 'userid' cannot be null
 [ SQL语句 ] : INSERT INTO `wei_comment` (`articleid`,`pid`,`content`,`userid`,`time`) VALUES ('1','3','',NULL,'1495197476')

[ 2017-05-19T20:38:02+08:00 ] 127.0.0.1 /index.php/Home/Article/reply/id/1.html
INFO: [ app_init ] --START--
INFO: Run Behavior\BuildLiteBehavior [ RunTime:0.000027s ]
INFO: [ app_init ] --END-- [ RunTime:0.000201s ]
INFO: [ app_begin ] --START--
INFO: Run Behavior\ReadHtmlCacheBehavior [ RunTime:0.000050s ]
INFO: [ app_begin ] --END-- [ RunTime:0.000105s ]
SQL: SHOW COLUMNS FROM `wei_type` [ RunTime:0.0004s ]
SQL: SELECT * FROM `wei_type` ORDER BY artnum  [ RunTime:0.0001s ]
SQL: SHOW COLUMNS FROM `wei_article` [ RunTime:0.0004s ]
SQL: SELECT * FROM `wei_article` ORDER BY viewtime desc LIMIT 0,6   [ RunTime:0.0001s ]
SQL: SHOW COLUMNS FROM `wei_wbuser` [ RunTime:0.0003s ]
NOTIC: [8] Undefined index: user /var/www/html/thinkphp_weitoutiao.com/Application/Home/Controller/ArticleController.class.php 第 90 行.
SQL: SELECT `id` FROM `wei_wbuser` WHERE `user` = null LIMIT 1   [ RunTime:0.0000s ]
SQL: SHOW COLUMNS FROM `wei_comment` [ RunTime:0.0003s ]
ERR: 1048:Column 'userid' cannot be null
 [ SQL语句 ] : INSERT INTO `wei_comment` (`articleid`,`pid`,`content`,`userid`,`time`) VALUES ('1','3','',NULL,'1495197482')
ERR: 1048:Column 'userid' cannot be null
 [ SQL语句 ] : INSERT INTO `wei_comment` (`articleid`,`pid`,`content`,`userid`,`time`) VALUES ('1','3','',NULL,'1495197482')

[ 2017-05-19T20:38:17+08:00 ] 127.0.0.1 /index.php/Home/Index/index/type/6.html
INFO: [ app_init ] --START--
INFO: Run Behavior\BuildLiteBehavior [ RunTime:0.000009s ]
INFO: [ app_init ] --END-- [ RunTime:0.000063s ]
INFO: [ app_begin ] --START--
INFO: Run Behavior\ReadHtmlCacheBehavior [ RunTime:0.000026s ]
INFO: [ app_begin ] --END-- [ RunTime:0.000051s ]
SQL: SHOW COLUMNS FROM `wei_type` [ RunTime:0.0004s ]
SQL: SELECT * FROM `wei_type` ORDER BY artnum  [ RunTime:0.0001s ]
SQL: SHOW COLUMNS FROM `wei_article` [ RunTime:0.0003s ]
SQL: SELECT * FROM `wei_article` ORDER BY viewtime desc LIMIT 0,6   [ RunTime:0.0001s ]
SQL: SELECT * FROM `wei_article` WHERE `type` = 6  [ RunTime:0.0001s ]
SQL: SHOW COLUMNS FROM `wei_loop` [ RunTime:0.0003s ]
SQL: SELECT * FROM `wei_loop`  [ RunTime:0.0000s ]
SQL: SELECT `title`,`imgsrc` FROM `wei_article` WHERE `id` = 1 LIMIT 1   [ RunTime:0.0001s ]
SQL: SELECT `title`,`imgsrc` FROM `wei_article` WHERE `id` = 3 LIMIT 1   [ RunTime:0.0001s ]
SQL: SELECT `title`,`imgsrc` FROM `wei_article` WHERE `id` = 3 LIMIT 1   [ RunTime:0.0000s ]
INFO: [ view_parse ] --START--
INFO: [ template_filter ] --START--
INFO: Run Behavior\ContentReplaceBehavior [ RunTime:0.000038s ]
INFO: [ template_filter ] --END-- [ RunTime:0.000076s ]
NOTIC: [8] Undefined index: user /var/www/html/thinkphp_weitoutiao.com/Application/Runtime/Cache/Home/2a94b8bda04ff446dcedd42276fc99ee.php 第 98 行.
INFO: Run Behavior\ParseTemplateBehavior [ RunTime:0.006424s ]
INFO: [ view_parse ] --END-- [ RunTime:0.006454s ]
INFO: [ view_filter ] --START--
INFO: Run Behavior\WriteHtmlCacheBehavior [ RunTime:0.000033s ]
INFO: [ view_filter ] --END-- [ RunTime:0.000054s ]
INFO: [ app_end ] --START--
INFO: Run Behavior\ShowPageTraceBehavior [ RunTime:0.000025s ]
INFO: [ app_end ] --END-- [ RunTime:0.000045s ]

[ 2017-05-19T20:38:18+08:00 ] 127.0.0.1 /index.php/Home/Index/index/type/3.html
INFO: [ app_init ] --START--
INFO: Run Behavior\BuildLiteBehavior [ RunTime:0.000009s ]
INFO: [ app_init ] --END-- [ RunTime:0.000061s ]
INFO: [ app_begin ] --START--
INFO: Run Behavior\ReadHtmlCacheBehavior [ RunTime:0.000023s ]
INFO: [ app_begin ] --END-- [ RunTime:0.000048s ]
SQL: SHOW COLUMNS FROM `wei_type` [ RunTime:0.0004s ]
SQL: SELECT * FROM `wei_type` ORDER BY artnum  [ RunTime:0.0001s ]
SQL: SHOW COLUMNS FROM `wei_article` [ RunTime:0.0003s ]
SQL: SELECT * FROM `wei_article` ORDER BY viewtime desc LIMIT 0,6   [ RunTime:0.0001s ]
SQL: SELECT * FROM `wei_article` WHERE `type` = 3  [ RunTime:0.0001s ]
SQL: SHOW COLUMNS FROM `wei_loop` [ RunTime:0.0003s ]
SQL: SELECT * FROM `wei_loop`  [ RunTime:0.0001s ]
SQL: SELECT `title`,`imgsrc` FROM `wei_article` WHERE `id` = 1 LIMIT 1   [ RunTime:0.0000s ]
SQL: SELECT `title`,`imgsrc` FROM `wei_article` WHERE `id` = 3 LIMIT 1   [ RunTime:0.0000s ]
SQL: SELECT `title`,`imgsrc` FROM `wei_article` WHERE `id` = 3 LIMIT 1   [ RunTime:0.0000s ]
INFO: [ view_parse ] --START--
INFO: [ template_filter ] --START--
INFO: Run Behavior\ContentReplaceBehavior [ RunTime:0.000064s ]
INFO: [ template_filter ] --END-- [ RunTime:0.000126s ]
NOTIC: [8] Undefined index: user /var/www/html/thinkphp_weitoutiao.com/Application/Runtime/Cache/Home/2a94b8bda04ff446dcedd42276fc99ee.php 第 98 行.
INFO: Run Behavior\ParseTemplateBehavior [ RunTime:0.011392s ]
INFO: [ view_parse ] --END-- [ RunTime:0.011440s ]
INFO: [ view_filter ] --START--
INFO: Run Behavior\WriteHtmlCacheBehavior [ RunTime:0.000055s ]
INFO: [ view_filter ] --END-- [ RunTime:0.000095s ]
INFO: [ app_end ] --START--
INFO: Run Behavior\ShowPageTraceBehavior [ RunTime:0.000039s ]
INFO: [ app_end ] --END-- [ RunTime:0.000079s ]

[ 2017-05-19T20:38:19+08:00 ] 127.0.0.1 /index.php/Home/Index/index/type/2.html
INFO: [ app_init ] --START--
INFO: Run Behavior\BuildLiteBehavior [ RunTime:0.000027s ]
INFO: [ app_init ] --END-- [ RunTime:0.000181s ]
INFO: [ app_begin ] --START--
INFO: Run Behavior\ReadHtmlCacheBehavior [ RunTime:0.000074s ]
INFO: [ app_begin ] --END-- [ RunTime:0.000167s ]
SQL: SHOW COLUMNS FROM `wei_type` [ RunTime:0.0004s ]
SQL: SELECT * FROM `wei_type` ORDER BY artnum  [ RunTime:0.0001s ]
SQL: SHOW COLUMNS FROM `wei_article` [ RunTime:0.0006s ]
SQL: SELECT * FROM `wei_article` ORDER BY viewtime desc LIMIT 0,6   [ RunTime:0.0002s ]
SQL: SELECT * FROM `wei_article` WHERE `type` = 2  [ RunTime:0.0001s ]
SQL: SHOW COLUMNS FROM `wei_loop` [ RunTime:0.0003s ]
SQL: SELECT * FROM `wei_loop`  [ RunTime:0.0000s ]
SQL: SELECT `title`,`imgsrc` FROM `wei_article` WHERE `id` = 1 LIMIT 1   [ RunTime:0.0000s ]
SQL: SELECT `title`,`imgsrc` FROM `wei_article` WHERE `id` = 3 LIMIT 1   [ RunTime:0.0001s ]
SQL: SELECT `title`,`imgsrc` FROM `wei_article` WHERE `id` = 3 LIMIT 1   [ RunTime:0.0000s ]
INFO: [ view_parse ] --START--
INFO: [ template_filter ] --START--
INFO: Run Behavior\ContentReplaceBehavior [ RunTime:0.000046s ]
INFO: [ template_filter ] --END-- [ RunTime:0.000091s ]
NOTIC: [8] Undefined index: user /var/www/html/thinkphp_weitoutiao.com/Application/Runtime/Cache/Home/2a94b8bda04ff446dcedd42276fc99ee.php 第 98 行.
INFO: Run Behavior\ParseTemplateBehavior [ RunTime:0.007131s ]
INFO: [ view_parse ] --END-- [ RunTime:0.007163s ]
INFO: [ view_filter ] --START--
INFO: Run Behavior\WriteHtmlCacheBehavior [ RunTime:0.000032s ]
INFO: [ view_filter ] --END-- [ RunTime:0.000058s ]
INFO: [ app_end ] --START--
INFO: Run Behavior\ShowPageTraceBehavior [ RunTime:0.000027s ]
INFO: [ app_end ] --END-- [ RunTime:0.000053s ]

[ 2017-05-19T20:38:20+08:00 ] 127.0.0.1 /index.php/Home/Index/index/type/1.html
INFO: [ app_init ] --START--
INFO: Run Behavior\BuildLiteBehavior [ RunTime:0.000026s ]
INFO: [ app_init ] --END-- [ RunTime:0.000197s ]
INFO: [ app_begin ] --START--
INFO: Run Behavior\ReadHtmlCacheBehavior [ RunTime:0.000108s ]
INFO: [ app_begin ] --END-- [ RunTime:0.000209s ]
SQL: SHOW COLUMNS FROM `wei_type` [ RunTime:0.0006s ]
SQL: SELECT * FROM `wei_type` ORDER BY artnum  [ RunTime:0.0001s ]
SQL: SHOW COLUMNS FROM `wei_article` [ RunTime:0.0005s ]
SQL: SELECT * FROM `wei_article` ORDER BY viewtime desc LIMIT 0,6   [ RunTime:0.0001s ]
SQL: SELECT * FROM `wei_article` WHERE `type` = 1  [ RunTime:0.0002s ]
SQL: SHOW COLUMNS FROM `wei_loop` [ RunTime:0.0005s ]
SQL: SELECT * FROM `wei_loop`  [ RunTime:0.0001s ]
SQL: SELECT `title`,`imgsrc` FROM `wei_article` WHERE `id` = 1 LIMIT 1   [ RunTime:0.0001s ]
SQL: SELECT `title`,`imgsrc` FROM `wei_article` WHERE `id` = 3 LIMIT 1   [ RunTime:0.0001s ]
SQL: SELECT `title`,`imgsrc` FROM `wei_article` WHERE `id` = 3 LIMIT 1   [ RunTime:0.0001s ]
INFO: [ view_parse ] --START--
INFO: [ template_filter ] --START--
INFO: Run Behavior\ContentReplaceBehavior [ RunTime:0.000065s ]
INFO: [ template_filter ] --END-- [ RunTime:0.000128s ]
NOTIC: [8] Undefined index: user /var/www/html/thinkphp_weitoutiao.com/Application/Runtime/Cache/Home/2a94b8bda04ff446dcedd42276fc99ee.php 第 98 行.
INFO: Run Behavior\ParseTemplateBehavior [ RunTime:0.010596s ]
INFO: [ view_parse ] --END-- [ RunTime:0.010633s ]
INFO: [ view_filter ] --START--
INFO: Run Behavior\WriteHtmlCacheBehavior [ RunTime:0.000033s ]
INFO: [ view_filter ] --END-- [ RunTime:0.000053s ]
INFO: [ app_end ] --START--
INFO: Run Behavior\ShowPageTraceBehavior [ RunTime:0.000027s ]
INFO: [ app_end ] --END-- [ RunTime:0.000049s ]

[ 2017-05-19T20:38:25+08:00 ] 127.0.0.1 /index.php/Home/Article/index/type/1/id/2.html
INFO: [ app_init ] --START--
INFO: Run Behavior\BuildLiteBehavior [ RunTime:0.000012s ]
INFO: [ app_init ] --END-- [ RunTime:0.000080s ]
INFO: [ app_begin ] --START--
INFO: Run Behavior\ReadHtmlCacheBehavior [ RunTime:0.000043s ]
INFO: [ app_begin ] --END-- [ RunTime:0.000074s ]
SQL: SHOW COLUMNS FROM `wei_type` [ RunTime:0.0004s ]
SQL: SELECT * FROM `wei_type` ORDER BY artnum  [ RunTime:0.0001s ]
SQL: SHOW COLUMNS FROM `wei_article` [ RunTime:0.0004s ]
SQL: SELECT * FROM `wei_article` ORDER BY viewtime desc LIMIT 0,6   [ RunTime:0.0001s ]
SQL: SELECT * FROM `wei_article` WHERE `id` = 2 LIMIT 1   [ RunTime:0.0002s ]
SQL: UPDATE `wei_article` SET `viewtime`='154' WHERE `id` = 2 [ RunTime:0.0002s ]
SQL: SHOW COLUMNS FROM `wei_comment` [ RunTime:0.0004s ]
SQL: SELECT * FROM `wei_comment` WHERE `articleid` = 2 AND `pid` = 0  [ RunTime:0.0002s ]
SQL: SELECT * FROM `wei_article` WHERE ( id> 2 ) ORDER BY id asc LIMIT 1   [ RunTime:0.0002s ]
INFO: [ view_parse ] --START--
INFO: [ template_filter ] --START--
INFO: Run Behavior\ContentReplaceBehavior [ RunTime:0.000046s ]
INFO: [ template_filter ] --END-- [ RunTime:0.000091s ]
NOTIC: [8] Undefined index: user /var/www/html/thinkphp_weitoutiao.com/Application/Runtime/Cache/Home/2ac6c1276904b87404ed678dbabb985c.php 第 96 行.
NOTIC: [8] Use of undefined constant id - assumed 'id' /var/www/html/thinkphp_weitoutiao.com/Application/Runtime/Cache/Home/2ac6c1276904b87404ed678dbabb985c.php 第 140 行.
NOTIC: [8] Undefined index: logo /var/www/html/thinkphp_weitoutiao.com/Application/Runtime/Cache/Home/2ac6c1276904b87404ed678dbabb985c.php 第 146 行.
NOTIC: [8] Use of undefined constant id - assumed 'id' /var/www/html/thinkphp_weitoutiao.com/Application/Runtime/Cache/Home/2ac6c1276904b87404ed678dbabb985c.php 第 240 行.
INFO: Run Behavior\ParseTemplateBehavior [ RunTime:0.012622s ]
INFO: [ view_parse ] --END-- [ RunTime:0.012662s ]
INFO: [ view_filter ] --START--
INFO: Run Behavior\WriteHtmlCacheBehavior [ RunTime:0.000049s ]
INFO: [ view_filter ] --END-- [ RunTime:0.000073s ]
INFO: [ app_end ] --START--
INFO: Run Behavior\ShowPageTraceBehavior [ RunTime:0.000033s ]
INFO: [ app_end ] --END-- [ RunTime:0.000058s ]

