[ 2017-04-28T11:19:34+08:00 ] 127.0.0.1 /
INFO: [ app_init ] --START--
INFO: Run Behavior\BuildLiteBehavior [ RunTime:0.000012s ]
INFO: [ app_init ] --END-- [ RunTime:0.000080s ]
INFO: [ app_begin ] --START--
INFO: Run Behavior\ReadHtmlCacheBehavior [ RunTime:0.000036s ]
INFO: [ app_begin ] --END-- [ RunTime:0.000067s ]
SQL: SHOW COLUMNS FROM `wei_type` [ RunTime:0.0005s ]
SQL: SELECT * FROM `wei_type` ORDER BY artnum  [ RunTime:0.0001s ]
SQL: SHOW COLUMNS FROM `wei_article` [ RunTime:0.0005s ]
SQL: SELECT * FROM `wei_article` ORDER BY viewtime desc LIMIT 0,6   [ RunTime:0.0001s ]
NOTIC: [2] Missing argument 1 for Think\Model::where(), called in /var/www/html/thinkphp_weitoutiao.com/Application/Home/Controller/IndexController.class.php on line 12 and defined /var/www/html/thinkphp_weitoutiao.com/ThinkPHP/Library/Think/Model.class.php 第 1797 行.
NOTIC: [8] Undefined variable: where /var/www/html/thinkphp_weitoutiao.com/ThinkPHP/Library/Think/Model.class.php 第 1805 行.
NOTIC: [8] Undefined variable: where /var/www/html/thinkphp_weitoutiao.com/ThinkPHP/Library/Think/Model.class.php 第 1808 行.
NOTIC: [8] Undefined variable: where /var/www/html/thinkphp_weitoutiao.com/ThinkPHP/Library/Think/Model.class.php 第 1816 行.
SQL: SELECT * FROM `wei_article`  [ RunTime:0.0001s ]
SQL: SHOW COLUMNS FROM `wei_loop` [ RunTime:0.0004s ]
SQL: SELECT * FROM `wei_loop`  [ RunTime:0.0001s ]
SQL: SELECT `title`,`imgsrc` FROM `wei_article` WHERE `id` = 1 LIMIT 1   [ RunTime:0.0000s ]
INFO: [ view_parse ] --START--
INFO: [ template_filter ] --START--
INFO: Run Behavior\ContentReplaceBehavior [ RunTime:0.000040s ]
INFO: [ template_filter ] --END-- [ RunTime:0.000082s ]
NOTIC: [8] Undefined index: user /var/www/html/thinkphp_weitoutiao.com/Application/Runtime/Cache/Home/2a94b8bda04ff446dcedd42276fc99ee.php 第 98 行.
INFO: Run Behavior\ParseTemplateBehavior [ RunTime:0.008131s ]
INFO: [ view_parse ] --END-- [ RunTime:0.008172s ]
INFO: [ view_filter ] --START--
INFO: Run Behavior\WriteHtmlCacheBehavior [ RunTime:0.001139s ]
INFO: [ view_filter ] --END-- [ RunTime:0.001179s ]
INFO: [ app_end ] --START--
INFO: Run Behavior\ShowPageTraceBehavior [ RunTime:0.001023s ]
INFO: [ app_end ] --END-- [ RunTime:0.001067s ]

[ 2017-04-28T11:35:29+08:00 ] 127.0.0.1 /
INFO: [ app_init ] --START--
INFO: Run Behavior\BuildLiteBehavior [ RunTime:0.000010s ]
INFO: [ app_init ] --END-- [ RunTime:0.000073s ]
INFO: [ app_begin ] --START--
INFO: Run Behavior\ReadHtmlCacheBehavior [ RunTime:0.000031s ]
INFO: [ app_begin ] --END-- [ RunTime:0.000061s ]
SQL: SHOW COLUMNS FROM `wei_type` [ RunTime:0.0004s ]
SQL: SELECT * FROM `wei_type` ORDER BY artnum  [ RunTime:0.0001s ]
SQL: SHOW COLUMNS FROM `wei_article` [ RunTime:0.0003s ]
SQL: SELECT * FROM `wei_article` ORDER BY viewtime desc LIMIT 0,6   [ RunTime:0.0002s ]
NOTIC: [2] Missing argument 1 for Think\Model::where(), called in /var/www/html/thinkphp_weitoutiao.com/Application/Home/Controller/IndexController.class.php on line 12 and defined /var/www/html/thinkphp_weitoutiao.com/ThinkPHP/Library/Think/Model.class.php 第 1797 行.
NOTIC: [8] Undefined variable: where /var/www/html/thinkphp_weitoutiao.com/ThinkPHP/Library/Think/Model.class.php 第 1805 行.
NOTIC: [8] Undefined variable: where /var/www/html/thinkphp_weitoutiao.com/ThinkPHP/Library/Think/Model.class.php 第 1808 行.
NOTIC: [8] Undefined variable: where /var/www/html/thinkphp_weitoutiao.com/ThinkPHP/Library/Think/Model.class.php 第 1816 行.
SQL: SELECT * FROM `wei_article`  [ RunTime:0.0001s ]
SQL: SHOW COLUMNS FROM `wei_loop` [ RunTime:0.0014s ]
SQL: SELECT * FROM `wei_loop`  [ RunTime:0.0001s ]
SQL: SELECT `title`,`imgsrc` FROM `wei_article` WHERE `id` = 1 LIMIT 1   [ RunTime:0.0002s ]
INFO: [ view_parse ] --START--
INFO: [ template_filter ] --START--
INFO: Run Behavior\ContentReplaceBehavior [ RunTime:0.000038s ]
INFO: [ template_filter ] --END-- [ RunTime:0.000080s ]
NOTIC: [8] Undefined index: user /var/www/html/thinkphp_weitoutiao.com/Application/Runtime/Cache/Home/2a94b8bda04ff446dcedd42276fc99ee.php 第 98 行.
INFO: Run Behavior\ParseTemplateBehavior [ RunTime:0.006433s ]
INFO: [ view_parse ] --END-- [ RunTime:0.006465s ]
INFO: [ view_filter ] --START--
INFO: Run Behavior\WriteHtmlCacheBehavior [ RunTime:0.000035s ]
INFO: [ view_filter ] --END-- [ RunTime:0.000057s ]
INFO: [ app_end ] --START--
INFO: Run Behavior\ShowPageTraceBehavior [ RunTime:0.000028s ]
INFO: [ app_end ] --END-- [ RunTime:0.000050s ]

[ 2017-04-28T11:35:32+08:00 ] 127.0.0.1 /index.php/Home/Article/index/type/1/id/1.html
INFO: [ app_init ] --START--
INFO: Run Behavior\BuildLiteBehavior [ RunTime:0.000010s ]
INFO: [ app_init ] --END-- [ RunTime:0.000058s ]
INFO: [ app_begin ] --START--
INFO: Run Behavior\ReadHtmlCacheBehavior [ RunTime:0.000029s ]
INFO: [ app_begin ] --END-- [ RunTime:0.000059s ]
SQL: SHOW COLUMNS FROM `wei_type` [ RunTime:0.0005s ]
SQL: SELECT * FROM `wei_type` ORDER BY artnum  [ RunTime:0.0002s ]
SQL: SHOW COLUMNS FROM `wei_article` [ RunTime:0.0005s ]
SQL: SELECT * FROM `wei_article` ORDER BY viewtime desc LIMIT 0,6   [ RunTime:0.0002s ]
SQL: SELECT * FROM `wei_article` WHERE `id` = 1 LIMIT 1   [ RunTime:0.0003s ]
SQL: UPDATE `wei_article` SET `viewtime`='72' WHERE `id` = 1 [ RunTime:0.1271s ]
SQL: SHOW COLUMNS FROM `wei_comment` [ RunTime:0.0014s ]
SQL: SELECT * FROM `wei_comment` WHERE `articleid` = 1 AND `pid` = 0  [ RunTime:0.1251s ]
SQL: SHOW COLUMNS FROM `wei_wbuser` [ RunTime:0.0005s ]
SQL: SELECT * FROM `wei_wbuser` WHERE `id` = 1 LIMIT 1   [ RunTime:0.1005s ]
SQL: SHOW COLUMNS FROM `wei_thumbs_up` [ RunTime:0.0011s ]
SQL: SELECT COUNT(*) AS tp_count FROM `wei_thumbs_up` WHERE `commentid` = 3 AND `status` = 1 LIMIT 1   [ RunTime:0.1226s ]
SQL: SELECT * FROM `wei_comment` WHERE `pid` = 3  [ RunTime:0.0002s ]
SQL: SELECT * FROM `wei_article` WHERE ( id> 1 ) ORDER BY id asc LIMIT 1   [ RunTime:0.0003s ]
INFO: [ view_parse ] --START--
INFO: [ template_filter ] --START--
INFO: Run Behavior\ContentReplaceBehavior [ RunTime:0.000057s ]
INFO: [ template_filter ] --END-- [ RunTime:0.000096s ]
NOTIC: [8] Undefined index: user /var/www/html/thinkphp_weitoutiao.com/Application/Runtime/Cache/Home/2ac6c1276904b87404ed678dbabb985c.php 第 96 行.
NOTIC: [8] Use of undefined constant id - assumed 'id' /var/www/html/thinkphp_weitoutiao.com/Application/Runtime/Cache/Home/2ac6c1276904b87404ed678dbabb985c.php 第 142 行.
NOTIC: [8] Undefined index: logo /var/www/html/thinkphp_weitoutiao.com/Application/Runtime/Cache/Home/2ac6c1276904b87404ed678dbabb985c.php 第 148 行.
NOTIC: [8] Undefined index: reply /var/www/html/thinkphp_weitoutiao.com/Application/Runtime/Cache/Home/2ac6c1276904b87404ed678dbabb985c.php 第 174 行.
NOTIC: [8] Use of undefined constant id - assumed 'id' /var/www/html/thinkphp_weitoutiao.com/Application/Runtime/Cache/Home/2ac6c1276904b87404ed678dbabb985c.php 第 242 行.
INFO: Run Behavior\ParseTemplateBehavior [ RunTime:0.130303s ]
INFO: [ view_parse ] --END-- [ RunTime:0.130360s ]
INFO: [ view_filter ] --START--
INFO: Run Behavior\WriteHtmlCacheBehavior [ RunTime:0.000023s ]
INFO: [ view_filter ] --END-- [ RunTime:0.000045s ]
INFO: [ app_end ] --START--
INFO: Run Behavior\ShowPageTraceBehavior [ RunTime:0.000023s ]
INFO: [ app_end ] --END-- [ RunTime:0.000046s ]

[ 2017-04-28T11:35:57+08:00 ] 127.0.0.1 /index.php/Home/Index/index/type/1.html
INFO: [ app_init ] --START--
INFO: Run Behavior\BuildLiteBehavior [ RunTime:0.000008s ]
INFO: [ app_init ] --END-- [ RunTime:0.000059s ]
INFO: [ app_begin ] --START--
INFO: Run Behavior\ReadHtmlCacheBehavior [ RunTime:0.000025s ]
INFO: [ app_begin ] --END-- [ RunTime:0.000049s ]
SQL: SHOW COLUMNS FROM `wei_type` [ RunTime:0.0004s ]
SQL: SELECT * FROM `wei_type` ORDER BY artnum  [ RunTime:0.0001s ]
SQL: SHOW COLUMNS FROM `wei_article` [ RunTime:0.0006s ]
SQL: SELECT * FROM `wei_article` ORDER BY viewtime desc LIMIT 0,6   [ RunTime:0.0004s ]
SQL: SELECT * FROM `wei_article` WHERE `type` = 1  [ RunTime:0.0002s ]
SQL: SHOW COLUMNS FROM `wei_loop` [ RunTime:0.0004s ]
SQL: SELECT * FROM `wei_loop`  [ RunTime:0.0001s ]
SQL: SELECT `title`,`imgsrc` FROM `wei_article` WHERE `id` = 1 LIMIT 1   [ RunTime:0.0002s ]
INFO: [ view_parse ] --START--
INFO: [ template_filter ] --START--
INFO: Run Behavior\ContentReplaceBehavior [ RunTime:0.000045s ]
INFO: [ template_filter ] --END-- [ RunTime:0.000097s ]
NOTIC: [8] Undefined index: user /var/www/html/thinkphp_weitoutiao.com/Application/Runtime/Cache/Home/2a94b8bda04ff446dcedd42276fc99ee.php 第 98 行.
INFO: Run Behavior\ParseTemplateBehavior [ RunTime:0.007816s ]
INFO: [ view_parse ] --END-- [ RunTime:0.007856s ]
INFO: [ view_filter ] --START--
INFO: Run Behavior\WriteHtmlCacheBehavior [ RunTime:0.000046s ]
INFO: [ view_filter ] --END-- [ RunTime:0.000074s ]
INFO: [ app_end ] --START--
INFO: Run Behavior\ShowPageTraceBehavior [ RunTime:0.000114s ]
INFO: [ app_end ] --END-- [ RunTime:0.000219s ]

[ 2017-04-28T11:36:32+08:00 ] 127.0.0.1 /index.php/Home/Index/index/type/1.html
INFO: [ app_init ] --START--
INFO: Run Behavior\BuildLiteBehavior [ RunTime:0.000012s ]
INFO: [ app_init ] --END-- [ RunTime:0.000086s ]
INFO: [ app_begin ] --START--
INFO: Run Behavior\ReadHtmlCacheBehavior [ RunTime:0.000034s ]
INFO: [ app_begin ] --END-- [ RunTime:0.000061s ]
SQL: SHOW COLUMNS FROM `wei_type` [ RunTime:0.0004s ]
SQL: SELECT * FROM `wei_type` ORDER BY artnum  [ RunTime:0.0001s ]
SQL: SHOW COLUMNS FROM `wei_article` [ RunTime:0.0003s ]
SQL: SELECT * FROM `wei_article` ORDER BY viewtime desc LIMIT 0,6   [ RunTime:0.0001s ]
SQL: SELECT * FROM `wei_article` WHERE `type` = 1  [ RunTime:0.0001s ]
SQL: SHOW COLUMNS FROM `wei_loop` [ RunTime:0.0004s ]
SQL: SELECT * FROM `wei_loop`  [ RunTime:0.0001s ]
SQL: SELECT `title`,`imgsrc` FROM `wei_article` WHERE `id` = 1 LIMIT 1   [ RunTime:0.0000s ]
SQL: SELECT `title`,`imgsrc` FROM `wei_article` WHERE `id` = 3 LIMIT 1   [ RunTime:0.0002s ]
INFO: [ view_parse ] --START--
INFO: [ template_filter ] --START--
INFO: Run Behavior\ContentReplaceBehavior [ RunTime:0.000042s ]
INFO: [ template_filter ] --END-- [ RunTime:0.000087s ]
NOTIC: [8] Undefined index: user /var/www/html/thinkphp_weitoutiao.com/Application/Runtime/Cache/Home/2a94b8bda04ff446dcedd42276fc99ee.php 第 98 行.
INFO: Run Behavior\ParseTemplateBehavior [ RunTime:0.007641s ]
INFO: [ view_parse ] --END-- [ RunTime:0.007683s ]
INFO: [ view_filter ] --START--
INFO: Run Behavior\WriteHtmlCacheBehavior [ RunTime:0.000069s ]
INFO: [ view_filter ] --END-- [ RunTime:0.000095s ]
INFO: [ app_end ] --START--
INFO: Run Behavior\ShowPageTraceBehavior [ RunTime:0.000040s ]
INFO: [ app_end ] --END-- [ RunTime:0.000070s ]

[ 2017-04-28T11:37:00+08:00 ] 127.0.0.1 /index.php/Home/Index/index/type/1.html
INFO: [ app_init ] --START--
INFO: Run Behavior\BuildLiteBehavior [ RunTime:0.000008s ]
INFO: [ app_init ] --END-- [ RunTime:0.000058s ]
INFO: [ app_begin ] --START--
INFO: Run Behavior\ReadHtmlCacheBehavior [ RunTime:0.000024s ]
INFO: [ app_begin ] --END-- [ RunTime:0.000046s ]
SQL: SHOW COLUMNS FROM `wei_type` [ RunTime:0.0004s ]
SQL: SELECT * FROM `wei_type` ORDER BY artnum  [ RunTime:0.0001s ]
SQL: SHOW COLUMNS FROM `wei_article` [ RunTime:0.0003s ]
SQL: SELECT * FROM `wei_article` ORDER BY viewtime desc LIMIT 0,6   [ RunTime:0.0001s ]
SQL: SELECT * FROM `wei_article` WHERE `type` = 1  [ RunTime:0.0000s ]
SQL: SHOW COLUMNS FROM `wei_loop` [ RunTime:0.0003s ]
SQL: SELECT * FROM `wei_loop`  [ RunTime:0.0000s ]
SQL: SELECT `title`,`imgsrc` FROM `wei_article` WHERE `id` = 1 LIMIT 1   [ RunTime:0.0000s ]
SQL: SELECT `title`,`imgsrc` FROM `wei_article` WHERE `id` = 3 LIMIT 1   [ RunTime:0.0000s ]
INFO: [ view_parse ] --START--
INFO: [ template_filter ] --START--
INFO: Run Behavior\ContentReplaceBehavior [ RunTime:0.000039s ]
INFO: [ template_filter ] --END-- [ RunTime:0.000081s ]
NOTIC: [8] Undefined index: user /var/www/html/thinkphp_weitoutiao.com/Application/Runtime/Cache/Home/2a94b8bda04ff446dcedd42276fc99ee.php 第 98 行.
INFO: Run Behavior\ParseTemplateBehavior [ RunTime:0.011125s ]
INFO: [ view_parse ] --END-- [ RunTime:0.011161s ]
INFO: [ view_filter ] --START--
INFO: Run Behavior\WriteHtmlCacheBehavior [ RunTime:0.000042s ]
INFO: [ view_filter ] --END-- [ RunTime:0.000065s ]
INFO: [ app_end ] --START--
INFO: Run Behavior\ShowPageTraceBehavior [ RunTime:0.000031s ]
INFO: [ app_end ] --END-- [ RunTime:0.000058s ]

[ 2017-04-28T13:35:03+08:00 ] 127.0.0.1 /index.php/Home/Index/index/type/1.html
INFO: [ app_init ] --START--
INFO: Run Behavior\BuildLiteBehavior [ RunTime:0.000009s ]
INFO: [ app_init ] --END-- [ RunTime:0.000074s ]
INFO: [ app_begin ] --START--
INFO: Run Behavior\ReadHtmlCacheBehavior [ RunTime:0.000023s ]
INFO: [ app_begin ] --END-- [ RunTime:0.000048s ]
SQL: SHOW COLUMNS FROM `wei_type` [ RunTime:0.0004s ]
SQL: SELECT * FROM `wei_type` ORDER BY artnum  [ RunTime:0.0001s ]
SQL: SHOW COLUMNS FROM `wei_article` [ RunTime:0.0003s ]
SQL: SELECT * FROM `wei_article` ORDER BY viewtime desc LIMIT 0,6   [ RunTime:0.0001s ]
SQL: SELECT * FROM `wei_article` WHERE `type` = 1  [ RunTime:0.0001s ]
SQL: SHOW COLUMNS FROM `wei_loop` [ RunTime:0.0003s ]
SQL: SELECT * FROM `wei_loop`  [ RunTime:0.0001s ]
SQL: SELECT `title`,`imgsrc` FROM `wei_article` WHERE `id` = 1 LIMIT 1   [ RunTime:0.0000s ]
SQL: SELECT `title`,`imgsrc` FROM `wei_article` WHERE `id` = 3 LIMIT 1   [ RunTime:0.0000s ]
INFO: [ view_parse ] --START--
INFO: [ template_filter ] --START--
INFO: Run Behavior\ContentReplaceBehavior [ RunTime:0.000054s ]
INFO: [ template_filter ] --END-- [ RunTime:0.000102s ]
NOTIC: [8] Undefined index: user /var/www/html/thinkphp_weitoutiao.com/Application/Runtime/Cache/Home/2a94b8bda04ff446dcedd42276fc99ee.php 第 98 行.
INFO: Run Behavior\ParseTemplateBehavior [ RunTime:0.006184s ]
INFO: [ view_parse ] --END-- [ RunTime:0.006212s ]
INFO: [ view_filter ] --START--
INFO: Run Behavior\WriteHtmlCacheBehavior [ RunTime:0.000028s ]
INFO: [ view_filter ] --END-- [ RunTime:0.000048s ]
INFO: [ app_end ] --START--
INFO: Run Behavior\ShowPageTraceBehavior [ RunTime:0.000022s ]
INFO: [ app_end ] --END-- [ RunTime:0.000045s ]

[ 2017-04-28T13:35:04+08:00 ] 127.0.0.1 /index.php/Home/Index/index/type/1.html
INFO: [ app_init ] --START--
INFO: Run Behavior\BuildLiteBehavior [ RunTime:0.000009s ]
INFO: [ app_init ] --END-- [ RunTime:0.000066s ]
INFO: [ app_begin ] --START--
INFO: Run Behavior\ReadHtmlCacheBehavior [ RunTime:0.000028s ]
INFO: [ app_begin ] --END-- [ RunTime:0.000054s ]
SQL: SHOW COLUMNS FROM `wei_type` [ RunTime:0.0005s ]
SQL: SELECT * FROM `wei_type` ORDER BY artnum  [ RunTime:0.0001s ]
SQL: SHOW COLUMNS FROM `wei_article` [ RunTime:0.0004s ]
SQL: SELECT * FROM `wei_article` ORDER BY viewtime desc LIMIT 0,6   [ RunTime:0.0001s ]
SQL: SELECT * FROM `wei_article` WHERE `type` = 1  [ RunTime:0.0000s ]
SQL: SHOW COLUMNS FROM `wei_loop` [ RunTime:0.0004s ]
SQL: SELECT * FROM `wei_loop`  [ RunTime:0.0001s ]
SQL: SELECT `title`,`imgsrc` FROM `wei_article` WHERE `id` = 1 LIMIT 1   [ RunTime:0.0000s ]
SQL: SELECT `title`,`imgsrc` FROM `wei_article` WHERE `id` = 3 LIMIT 1   [ RunTime:0.0000s ]
INFO: [ view_parse ] --START--
INFO: [ template_filter ] --START--
INFO: Run Behavior\ContentReplaceBehavior [ RunTime:0.000039s ]
INFO: [ template_filter ] --END-- [ RunTime:0.000079s ]
NOTIC: [8] Undefined index: user /var/www/html/thinkphp_weitoutiao.com/Application/Runtime/Cache/Home/2a94b8bda04ff446dcedd42276fc99ee.php 第 98 行.
INFO: Run Behavior\ParseTemplateBehavior [ RunTime:0.007167s ]
INFO: [ view_parse ] --END-- [ RunTime:0.007200s ]
INFO: [ view_filter ] --START--
INFO: Run Behavior\WriteHtmlCacheBehavior [ RunTime:0.000037s ]
INFO: [ view_filter ] --END-- [ RunTime:0.000058s ]
INFO: [ app_end ] --START--
INFO: Run Behavior\ShowPageTraceBehavior [ RunTime:0.000032s ]
INFO: [ app_end ] --END-- [ RunTime:0.000056s ]

