[ 2017-05-18T09:51:22+08:00 ] 127.0.0.1 /
INFO: [ app_init ] --START--
INFO: Run Behavior\BuildLiteBehavior [ RunTime:0.000012s ]
INFO: [ app_init ] --END-- [ RunTime:0.000660s ]
INFO: [ app_begin ] --START--
INFO: Run Behavior\ReadHtmlCacheBehavior [ RunTime:0.000936s ]
INFO: [ app_begin ] --END-- [ RunTime:0.001020s ]
SQL: SHOW COLUMNS FROM `wei_type` [ RunTime:0.0006s ]
SQL: SELECT * FROM `wei_type` ORDER BY artnum  [ RunTime:0.0007s ]
SQL: SHOW COLUMNS FROM `wei_article` [ RunTime:0.0011s ]
SQL: SELECT * FROM `wei_article` ORDER BY viewtime desc LIMIT 0,6   [ RunTime:0.0008s ]
NOTIC: [2] Missing argument 1 for Think\Model::where(), called in /var/www/html/thinkphp_weitoutiao.com/Application/Home/Controller/IndexController.class.php on line 12 and defined /var/www/html/thinkphp_weitoutiao.com/ThinkPHP/Library/Think/Model.class.php 第 1797 行.
NOTIC: [8] Undefined variable: where /var/www/html/thinkphp_weitoutiao.com/ThinkPHP/Library/Think/Model.class.php 第 1805 行.
NOTIC: [8] Undefined variable: where /var/www/html/thinkphp_weitoutiao.com/ThinkPHP/Library/Think/Model.class.php 第 1808 行.
NOTIC: [8] Undefined variable: where /var/www/html/thinkphp_weitoutiao.com/ThinkPHP/Library/Think/Model.class.php 第 1816 行.
SQL: SELECT * FROM `wei_article`  [ RunTime:0.0003s ]
SQL: SHOW COLUMNS FROM `wei_loop` [ RunTime:0.0006s ]
SQL: SELECT * FROM `wei_loop`  [ RunTime:0.0006s ]
SQL: SELECT `title`,`imgsrc` FROM `wei_article` WHERE `id` = 1 LIMIT 1   [ RunTime:0.0002s ]
SQL: SELECT `title`,`imgsrc` FROM `wei_article` WHERE `id` = 3 LIMIT 1   [ RunTime:0.0002s ]
INFO: [ view_parse ] --START--
INFO: [ template_filter ] --START--
INFO: Run Behavior\ContentReplaceBehavior [ RunTime:0.000063s ]
INFO: [ template_filter ] --END-- [ RunTime:0.000128s ]
NOTIC: [8] Undefined index: user /var/www/html/thinkphp_weitoutiao.com/Application/Runtime/Cache/Home/2a94b8bda04ff446dcedd42276fc99ee.php 第 98 行.
INFO: Run Behavior\ParseTemplateBehavior [ RunTime:0.022801s ]
INFO: [ view_parse ] --END-- [ RunTime:0.022840s ]
INFO: [ view_filter ] --START--
INFO: Run Behavior\WriteHtmlCacheBehavior [ RunTime:0.001249s ]
INFO: [ view_filter ] --END-- [ RunTime:0.001290s ]
INFO: [ app_end ] --START--
INFO: Run Behavior\ShowPageTraceBehavior [ RunTime:0.000923s ]
INFO: [ app_end ] --END-- [ RunTime:0.000957s ]

