[ 2017-04-27T09:20:54+08:00 ] 127.0.0.1 /favicon.ico
INFO: [ app_init ] --START--
INFO: Run Behavior\BuildLiteBehavior [ RunTime:0.000009s ]
INFO: [ app_init ] --END-- [ RunTime:0.000069s ]
ERR: 无法加载模块:Favicon

[ 2017-04-27T09:20:59+08:00 ] 127.0.0.1 /Public/images/Article2017-04-26/size_59005b9dc73f3.png
INFO: [ app_init ] --START--
INFO: Run Behavior\BuildLiteBehavior [ RunTime:0.000017s ]
INFO: [ app_init ] --END-- [ RunTime:0.000109s ]
ERR: 无法加载模块:Public

[ 2017-04-27T09:20:59+08:00 ] 127.0.0.1 /Public/images/Article2017-04-26/size_59005bac6a8f3.png
INFO: [ app_init ] --START--
INFO: Run Behavior\BuildLiteBehavior [ RunTime:0.000009s ]
INFO: [ app_init ] --END-- [ RunTime:0.000061s ]
ERR: 无法加载模块:Public

[ 2017-04-27T09:20:59+08:00 ] 127.0.0.1 /Public/images/Article2017-04-26/size_59005b15998dc.png
INFO: [ app_init ] --START--
INFO: Run Behavior\BuildLiteBehavior [ RunTime:0.000011s ]
INFO: [ app_init ] --END-- [ RunTime:0.000069s ]
ERR: 无法加载模块:Public

[ 2017-04-27T09:21:08+08:00 ] 127.0.0.1 /Public/images/Article2017-04-26/size_59005b9dc73f3.png
INFO: [ app_init ] --START--
INFO: Run Behavior\BuildLiteBehavior [ RunTime:0.000010s ]
INFO: [ app_init ] --END-- [ RunTime:0.000061s ]
ERR: 无法加载模块:Public

[ 2017-04-27T09:21:08+08:00 ] 127.0.0.1 /Public/images/Article2017-04-26/size_59005bac6a8f3.png
INFO: [ app_init ] --START--
INFO: Run Behavior\BuildLiteBehavior [ RunTime:0.000016s ]
INFO: [ app_init ] --END-- [ RunTime:0.000087s ]
ERR: 无法加载模块:Public

[ 2017-04-27T09:21:08+08:00 ] 127.0.0.1 /Public/images/Article2017-04-26/size_59005b15998dc.png
INFO: [ app_init ] --START--
INFO: Run Behavior\BuildLiteBehavior [ RunTime:0.000017s ]
INFO: [ app_init ] --END-- [ RunTime:0.000114s ]
ERR: 无法加载模块:Public

[ 2017-04-27T09:21:34+08:00 ] 127.0.0.1 /Public/images/Article2017-04-26/size_59005b9dc73f3.png
INFO: [ app_init ] --START--
INFO: Run Behavior\BuildLiteBehavior [ RunTime:0.000009s ]
INFO: [ app_init ] --END-- [ RunTime:0.000060s ]
ERR: 无法加载模块:Public

[ 2017-04-27T09:21:34+08:00 ] 127.0.0.1 /Public/images/Article2017-04-26/size_59005b15998dc.png
INFO: [ app_init ] --START--
INFO: Run Behavior\BuildLiteBehavior [ RunTime:0.000008s ]
INFO: [ app_init ] --END-- [ RunTime:0.000053s ]
ERR: 无法加载模块:Public

[ 2017-04-27T09:21:34+08:00 ] 127.0.0.1 /Public/images/Article2017-04-26/size_59005bac6a8f3.png
INFO: [ app_init ] --START--
INFO: Run Behavior\BuildLiteBehavior [ RunTime:0.000008s ]
INFO: [ app_init ] --END-- [ RunTime:0.000053s ]
ERR: 无法加载模块:Public

[ 2017-04-27T09:25:41+08:00 ] 127.0.0.1 /Public/images/Article2017-04-26/size_59005b9dc73f3.png
INFO: [ app_init ] --START--
INFO: Run Behavior\BuildLiteBehavior [ RunTime:0.000009s ]
INFO: [ app_init ] --END-- [ RunTime:0.000058s ]
ERR: 无法加载模块:Public

[ 2017-04-27T09:25:41+08:00 ] 127.0.0.1 /Public/images/Article2017-04-26/size_59005b15998dc.png
INFO: [ app_init ] --START--
INFO: Run Behavior\BuildLiteBehavior [ RunTime:0.000008s ]
INFO: [ app_init ] --END-- [ RunTime:0.000053s ]
ERR: 无法加载模块:Public

[ 2017-04-27T09:25:41+08:00 ] 127.0.0.1 /Public/images/Article2017-04-26/size_59005bac6a8f3.png
INFO: [ app_init ] --START--
INFO: Run Behavior\BuildLiteBehavior [ RunTime:0.000008s ]
INFO: [ app_init ] --END-- [ RunTime:0.000054s ]
ERR: 无法加载模块:Public

[ 2017-04-27T09:25:41+08:00 ] 127.0.0.1 /Public/images/Article2017-04-27/size_590147c025c09.png
INFO: [ app_init ] --START--
INFO: Run Behavior\BuildLiteBehavior [ RunTime:0.000008s ]
INFO: [ app_init ] --END-- [ RunTime:0.000053s ]
ERR: 无法加载模块:Public

[ 2017-04-27T09:25:42+08:00 ] 127.0.0.1 /Public/images/Article2017-04-26/size_59005b9dc73f3.png
INFO: [ app_init ] --START--
INFO: Run Behavior\BuildLiteBehavior [ RunTime:0.000009s ]
INFO: [ app_init ] --END-- [ RunTime:0.000059s ]
ERR: 无法加载模块:Public

[ 2017-04-27T09:25:42+08:00 ] 127.0.0.1 /Public/images/Article2017-04-26/size_59005b15998dc.png
INFO: [ app_init ] --START--
INFO: Run Behavior\BuildLiteBehavior [ RunTime:0.000007s ]
INFO: [ app_init ] --END-- [ RunTime:0.000053s ]
ERR: 无法加载模块:Public

[ 2017-04-27T09:25:42+08:00 ] 127.0.0.1 /Public/images/Article2017-04-27/size_590147c025c09.png
INFO: [ app_init ] --START--
INFO: Run Behavior\BuildLiteBehavior [ RunTime:0.000007s ]
INFO: [ app_init ] --END-- [ RunTime:0.000052s ]
ERR: 无法加载模块:Public

[ 2017-04-27T09:25:42+08:00 ] 127.0.0.1 /Public/images/Article2017-04-26/size_59005bac6a8f3.png
INFO: [ app_init ] --START--
INFO: Run Behavior\BuildLiteBehavior [ RunTime:0.000007s ]
INFO: [ app_init ] --END-- [ RunTime:0.000053s ]
ERR: 无法加载模块:Public

[ 2017-04-27T09:25:44+08:00 ] 127.0.0.1 /Public/images/Article2017-04-26/size_59005b9dc73f3.png
INFO: [ app_init ] --START--
INFO: Run Behavior\BuildLiteBehavior [ RunTime:0.000008s ]
INFO: [ app_init ] --END-- [ RunTime:0.000055s ]
ERR: 无法加载模块:Public

[ 2017-04-27T09:25:44+08:00 ] 127.0.0.1 /Public/images/Article2017-04-26/size_59005b15998dc.png
INFO: [ app_init ] --START--
INFO: Run Behavior\BuildLiteBehavior [ RunTime:0.000008s ]
INFO: [ app_init ] --END-- [ RunTime:0.000055s ]
ERR: 无法加载模块:Public

[ 2017-04-27T09:25:44+08:00 ] 127.0.0.1 /Public/images/Article2017-04-26/size_59005bac6a8f3.png
INFO: [ app_init ] --START--
INFO: Run Behavior\BuildLiteBehavior [ RunTime:0.000008s ]
INFO: [ app_init ] --END-- [ RunTime:0.000055s ]
ERR: 无法加载模块:Public

[ 2017-04-27T09:25:44+08:00 ] 127.0.0.1 /Public/images/Article2017-04-27/size_590147c025c09.png
INFO: [ app_init ] --START--
INFO: Run Behavior\BuildLiteBehavior [ RunTime:0.000008s ]
INFO: [ app_init ] --END-- [ RunTime:0.000054s ]
ERR: 无法加载模块:Public

[ 2017-04-27T09:25:45+08:00 ] 127.0.0.1 /Public/images/Article2017-04-26/size_59005b9dc73f3.png
INFO: [ app_init ] --START--
INFO: Run Behavior\BuildLiteBehavior [ RunTime:0.000008s ]
INFO: [ app_init ] --END-- [ RunTime:0.000055s ]
ERR: 无法加载模块:Public

[ 2017-04-27T09:25:45+08:00 ] 127.0.0.1 /Public/images/Article2017-04-26/size_59005bac6a8f3.png
INFO: [ app_init ] --START--
INFO: Run Behavior\BuildLiteBehavior [ RunTime:0.000010s ]
INFO: [ app_init ] --END-- [ RunTime:0.000059s ]
ERR: 无法加载模块:Public

[ 2017-04-27T09:25:45+08:00 ] 127.0.0.1 /Public/images/Article2017-04-27/size_590147c025c09.png
INFO: [ app_init ] --START--
INFO: Run Behavior\BuildLiteBehavior [ RunTime:0.000007s ]
INFO: [ app_init ] --END-- [ RunTime:0.000051s ]
ERR: 无法加载模块:Public

[ 2017-04-27T09:25:45+08:00 ] 127.0.0.1 /Public/images/Article2017-04-26/size_59005b15998dc.png
INFO: [ app_init ] --START--
INFO: Run Behavior\BuildLiteBehavior [ RunTime:0.000007s ]
INFO: [ app_init ] --END-- [ RunTime:0.000045s ]
ERR: 无法加载模块:Public

[ 2017-04-27T12:09:29+08:00 ] 127.0.0.1 /Public/images/Article2017-04-26/size_59005b9dc73f3.png
INFO: [ app_init ] --START--
INFO: Run Behavior\BuildLiteBehavior [ RunTime:0.000008s ]
INFO: [ app_init ] --END-- [ RunTime:0.000060s ]
ERR: 无法加载模块:Public

[ 2017-04-27T12:09:29+08:00 ] 127.0.0.1 /Public/images/Article2017-04-26/size_59005b15998dc.png
INFO: [ app_init ] --START--
INFO: Run Behavior\BuildLiteBehavior [ RunTime:0.000009s ]
INFO: [ app_init ] --END-- [ RunTime:0.000055s ]
ERR: 无法加载模块:Public

[ 2017-04-27T12:09:29+08:00 ] 127.0.0.1 /Public/images/Article2017-04-26/size_59005bac6a8f3.png
INFO: [ app_init ] --START--
INFO: Run Behavior\BuildLiteBehavior [ RunTime:0.000007s ]
INFO: [ app_init ] --END-- [ RunTime:0.000052s ]
ERR: 无法加载模块:Public

[ 2017-04-27T12:09:29+08:00 ] 127.0.0.1 /Public/images/Article2017-04-27/size_590147c025c09.png
INFO: [ app_init ] --START--
INFO: Run Behavior\BuildLiteBehavior [ RunTime:0.000008s ]
INFO: [ app_init ] --END-- [ RunTime:0.000054s ]
ERR: 无法加载模块:Public

[ 2017-04-27T12:11:58+08:00 ] 127.0.0.1 /Public/images/Article2017-04-26/size_59005b9dc73f3.png
INFO: [ app_init ] --START--
INFO: Run Behavior\BuildLiteBehavior [ RunTime:0.000008s ]
INFO: [ app_init ] --END-- [ RunTime:0.000054s ]
ERR: 无法加载模块:Public

[ 2017-04-27T12:11:58+08:00 ] 127.0.0.1 /Public/images/Article2017-04-26/size_59005b15998dc.png
INFO: [ app_init ] --START--
INFO: Run Behavior\BuildLiteBehavior [ RunTime:0.000028s ]
INFO: [ app_init ] --END-- [ RunTime:0.000163s ]
ERR: 无法加载模块:Public

[ 2017-04-27T12:11:58+08:00 ] 127.0.0.1 /Public/images/Article2017-04-26/size_59005bac6a8f3.png
INFO: [ app_init ] --START--
INFO: Run Behavior\BuildLiteBehavior [ RunTime:0.000009s ]
INFO: [ app_init ] --END-- [ RunTime:0.000053s ]
ERR: 无法加载模块:Public

[ 2017-04-27T12:11:58+08:00 ] 127.0.0.1 /Public/images/Article2017-04-27/size_590147c025c09.png
INFO: [ app_init ] --START--
INFO: Run Behavior\BuildLiteBehavior [ RunTime:0.000008s ]
INFO: [ app_init ] --END-- [ RunTime:0.000052s ]
ERR: 无法加载模块:Public

[ 2017-04-27T12:12:00+08:00 ] 127.0.0.1 /Public/images/Article2017-04-26/size_59005b9dc73f3.png
INFO: [ app_init ] --START--
INFO: Run Behavior\BuildLiteBehavior [ RunTime:0.000009s ]
INFO: [ app_init ] --END-- [ RunTime:0.000057s ]
ERR: 无法加载模块:Public

[ 2017-04-27T12:12:00+08:00 ] 127.0.0.1 /Public/images/Article2017-04-26/size_59005b15998dc.png
INFO: [ app_init ] --START--
INFO: Run Behavior\BuildLiteBehavior [ RunTime:0.000009s ]
INFO: [ app_init ] --END-- [ RunTime:0.000050s ]
ERR: 无法加载模块:Public

[ 2017-04-27T12:12:00+08:00 ] 127.0.0.1 /Public/images/Article2017-04-27/size_590147c025c09.png
INFO: [ app_init ] --START--
INFO: Run Behavior\BuildLiteBehavior [ RunTime:0.000009s ]
INFO: [ app_init ] --END-- [ RunTime:0.000055s ]
ERR: 无法加载模块:Public

[ 2017-04-27T12:12:00+08:00 ] 127.0.0.1 /Public/images/Article2017-04-26/size_59005bac6a8f3.png
INFO: [ app_init ] --START--
INFO: Run Behavior\BuildLiteBehavior [ RunTime:0.000008s ]
INFO: [ app_init ] --END-- [ RunTime:0.000056s ]
ERR: 无法加载模块:Public

[ 2017-04-27T12:12:02+08:00 ] 127.0.0.1 /Public/images/Article2017-04-26/size_59005b9dc73f3.png
INFO: [ app_init ] --START--
INFO: Run Behavior\BuildLiteBehavior [ RunTime:0.000009s ]
INFO: [ app_init ] --END-- [ RunTime:0.000059s ]
ERR: 无法加载模块:Public

[ 2017-04-27T12:12:02+08:00 ] 127.0.0.1 /Public/images/Article2017-04-26/size_59005bac6a8f3.png
INFO: [ app_init ] --START--
INFO: Run Behavior\BuildLiteBehavior [ RunTime:0.000008s ]
INFO: [ app_init ] --END-- [ RunTime:0.000055s ]
ERR: 无法加载模块:Public

[ 2017-04-27T12:12:02+08:00 ] 127.0.0.1 /Public/images/Article2017-04-26/size_59005b15998dc.png
INFO: [ app_init ] --START--
INFO: Run Behavior\BuildLiteBehavior [ RunTime:0.000009s ]
INFO: [ app_init ] --END-- [ RunTime:0.000052s ]
ERR: 无法加载模块:Public

[ 2017-04-27T12:12:02+08:00 ] 127.0.0.1 /Public/images/Article2017-04-27/size_590147c025c09.png
INFO: [ app_init ] --START--
INFO: Run Behavior\BuildLiteBehavior [ RunTime:0.000008s ]
INFO: [ app_init ] --END-- [ RunTime:0.000051s ]
ERR: 无法加载模块:Public

[ 2017-04-27T12:12:04+08:00 ] 127.0.0.1 /Public/images/Article2017-04-26/size_59005b9dc73f3.png
INFO: [ app_init ] --START--
INFO: Run Behavior\BuildLiteBehavior [ RunTime:0.000009s ]
INFO: [ app_init ] --END-- [ RunTime:0.000059s ]
ERR: 无法加载模块:Public

[ 2017-04-27T12:12:04+08:00 ] 127.0.0.1 /Public/images/Article2017-04-26/size_59005bac6a8f3.png
INFO: [ app_init ] --START--
INFO: Run Behavior\BuildLiteBehavior [ RunTime:0.000008s ]
INFO: [ app_init ] --END-- [ RunTime:0.000053s ]
ERR: 无法加载模块:Public

[ 2017-04-27T12:12:04+08:00 ] 127.0.0.1 /Public/images/Article2017-04-26/size_59005b15998dc.png
INFO: [ app_init ] --START--
INFO: Run Behavior\BuildLiteBehavior [ RunTime:0.000009s ]
INFO: [ app_init ] --END-- [ RunTime:0.000055s ]
ERR: 无法加载模块:Public

[ 2017-04-27T12:12:04+08:00 ] 127.0.0.1 /Public/images/Article2017-04-27/size_590147c025c09.png
INFO: [ app_init ] --START--
INFO: Run Behavior\BuildLiteBehavior [ RunTime:0.000009s ]
INFO: [ app_init ] --END-- [ RunTime:0.000054s ]
ERR: 无法加载模块:Public

[ 2017-04-27T12:12:08+08:00 ] 127.0.0.1 /Public/images/Article2017-04-26/size_59005b9dc73f3.png
INFO: [ app_init ] --START--
INFO: Run Behavior\BuildLiteBehavior [ RunTime:0.000009s ]
INFO: [ app_init ] --END-- [ RunTime:0.000058s ]
ERR: 无法加载模块:Public

[ 2017-04-27T12:12:08+08:00 ] 127.0.0.1 /Public/images/Article2017-04-26/size_59005bac6a8f3.png
INFO: [ app_init ] --START--
INFO: Run Behavior\BuildLiteBehavior [ RunTime:0.000007s ]
INFO: [ app_init ] --END-- [ RunTime:0.000052s ]
ERR: 无法加载模块:Public

[ 2017-04-27T12:12:08+08:00 ] 127.0.0.1 /Public/images/Article2017-04-27/size_590147c025c09.png
INFO: [ app_init ] --START--
INFO: Run Behavior\BuildLiteBehavior [ RunTime:0.000009s ]
INFO: [ app_init ] --END-- [ RunTime:0.000052s ]
ERR: 无法加载模块:Public

[ 2017-04-27T12:12:08+08:00 ] 127.0.0.1 /Public/images/Article2017-04-26/size_59005b15998dc.png
INFO: [ app_init ] --START--
INFO: Run Behavior\BuildLiteBehavior [ RunTime:0.000008s ]
INFO: [ app_init ] --END-- [ RunTime:0.000054s ]
ERR: 无法加载模块:Public

[ 2017-04-27T12:12:10+08:00 ] 127.0.0.1 /Public/images/Article2017-04-26/size_59005b9dc73f3.png
INFO: [ app_init ] --START--
INFO: Run Behavior\BuildLiteBehavior [ RunTime:0.000008s ]
INFO: [ app_init ] --END-- [ RunTime:0.000057s ]
ERR: 无法加载模块:Public

[ 2017-04-27T12:12:10+08:00 ] 127.0.0.1 /Public/images/Article2017-04-27/size_590147c025c09.png
INFO: [ app_init ] --START--
INFO: Run Behavior\BuildLiteBehavior [ RunTime:0.000009s ]
INFO: [ app_init ] --END-- [ RunTime:0.000054s ]
ERR: 无法加载模块:Public

[ 2017-04-27T12:12:10+08:00 ] 127.0.0.1 /Public/images/Article2017-04-26/size_59005bac6a8f3.png
INFO: [ app_init ] --START--
INFO: Run Behavior\BuildLiteBehavior [ RunTime:0.000009s ]
INFO: [ app_init ] --END-- [ RunTime:0.000054s ]
ERR: 无法加载模块:Public

[ 2017-04-27T12:12:10+08:00 ] 127.0.0.1 /Public/images/Article2017-04-26/size_59005b15998dc.png
INFO: [ app_init ] --START--
INFO: Run Behavior\BuildLiteBehavior [ RunTime:0.000008s ]
INFO: [ app_init ] --END-- [ RunTime:0.000054s ]
ERR: 无法加载模块:Public

[ 2017-04-27T12:12:11+08:00 ] 127.0.0.1 /Public/images/Article2017-04-26/size_59005bac6a8f3.png
INFO: [ app_init ] --START--
INFO: Run Behavior\BuildLiteBehavior [ RunTime:0.000009s ]
INFO: [ app_init ] --END-- [ RunTime:0.000060s ]
ERR: 无法加载模块:Public

[ 2017-04-27T12:12:11+08:00 ] 127.0.0.1 /Public/images/Article2017-04-26/size_59005b9dc73f3.png
INFO: [ app_init ] --START--
INFO: Run Behavior\BuildLiteBehavior [ RunTime:0.000008s ]
INFO: [ app_init ] --END-- [ RunTime:0.000054s ]
ERR: 无法加载模块:Public

[ 2017-04-27T12:12:11+08:00 ] 127.0.0.1 /Public/images/Article2017-04-27/size_590147c025c09.png
INFO: [ app_init ] --START--
INFO: Run Behavior\BuildLiteBehavior [ RunTime:0.000007s ]
INFO: [ app_init ] --END-- [ RunTime:0.000046s ]
ERR: 无法加载模块:Public

[ 2017-04-27T12:12:11+08:00 ] 127.0.0.1 /Public/images/Article2017-04-26/size_59005b15998dc.png
INFO: [ app_init ] --START--
INFO: Run Behavior\BuildLiteBehavior [ RunTime:0.000009s ]
INFO: [ app_init ] --END-- [ RunTime:0.000058s ]
ERR: 无法加载模块:Public

[ 2017-04-27T14:05:37+08:00 ] 127.0.0.1 /Public/images/Article2017-04-26/size_59005b9dc73f3.png
INFO: [ app_init ] --START--
INFO: Run Behavior\BuildLiteBehavior [ RunTime:0.000008s ]
INFO: [ app_init ] --END-- [ RunTime:0.000059s ]
ERR: 无法加载模块:Public

[ 2017-04-27T14:05:37+08:00 ] 127.0.0.1 /Public/images/Article2017-04-26/size_59005bac6a8f3.png
INFO: [ app_init ] --START--
INFO: Run Behavior\BuildLiteBehavior [ RunTime:0.000008s ]
INFO: [ app_init ] --END-- [ RunTime:0.000053s ]
ERR: 无法加载模块:Public

[ 2017-04-27T14:05:37+08:00 ] 127.0.0.1 /Public/images/Article2017-04-27/size_590147c025c09.png
INFO: [ app_init ] --START--
INFO: Run Behavior\BuildLiteBehavior [ RunTime:0.000008s ]
INFO: [ app_init ] --END-- [ RunTime:0.000056s ]
ERR: 无法加载模块:Public

[ 2017-04-27T14:05:37+08:00 ] 127.0.0.1 /Public/images/Article2017-04-26/size_59005b15998dc.png
INFO: [ app_init ] --START--
INFO: Run Behavior\BuildLiteBehavior [ RunTime:0.000008s ]
INFO: [ app_init ] --END-- [ RunTime:0.000053s ]
ERR: 无法加载模块:Public

