[ 2017-04-25T13:25:29+08:00 ] 127.0.0.1 /Public/images/Article2017-04-20/size_58f89b392d2ef.jpeg
INFO: [ app_init ] --START--
INFO: Run Behavior\BuildLiteBehavior [ RunTime:0.000016s ]
INFO: [ app_init ] --END-- [ RunTime:0.000105s ]
ERR: 无法加载模块:Public

[ 2017-04-25T13:25:29+08:00 ] 127.0.0.1 /Public/images/Article2017-04-20/size_58f844928beea.jpeg
INFO: [ app_init ] --START--
INFO: Run Behavior\BuildLiteBehavior [ RunTime:0.000009s ]
INFO: [ app_init ] --END-- [ RunTime:0.000061s ]
ERR: 无法加载模块:Public

[ 2017-04-25T13:25:29+08:00 ] 127.0.0.1 /Public/images/Article2017-04-20/size_58f80fb11726d.jpeg
INFO: [ app_init ] --START--
INFO: Run Behavior\BuildLiteBehavior [ RunTime:0.000013s ]
INFO: [ app_init ] --END-- [ RunTime:0.000093s ]
ERR: 无法加载模块:Public

[ 2017-04-25T13:25:29+08:00 ] 127.0.0.1 /Public/images/Article2017-04-23/size_58fcbb033764d.jpeg
INFO: [ app_init ] --START--
INFO: Run Behavior\BuildLiteBehavior [ RunTime:0.000014s ]
INFO: [ app_init ] --END-- [ RunTime:0.000100s ]
ERR: 无法加载模块:Public

[ 2017-04-25T13:25:33+08:00 ] 127.0.0.1 /Public/images/Article2017-04-20/size_58f80fb11726d.jpeg
INFO: [ app_init ] --START--
INFO: Run Behavior\BuildLiteBehavior [ RunTime:0.000009s ]
INFO: [ app_init ] --END-- [ RunTime:0.000060s ]
ERR: 无法加载模块:Public

[ 2017-04-25T13:25:33+08:00 ] 127.0.0.1 /Public/images/Article2017-04-23/size_58fcbb033764d.jpeg
INFO: [ app_init ] --START--
INFO: Run Behavior\BuildLiteBehavior [ RunTime:0.000008s ]
INFO: [ app_init ] --END-- [ RunTime:0.000059s ]
ERR: 无法加载模块:Public

[ 2017-04-25T13:25:33+08:00 ] 127.0.0.1 /Public/images/Article2017-04-20/size_58f844928beea.jpeg
INFO: [ app_init ] --START--
INFO: Run Behavior\BuildLiteBehavior [ RunTime:0.000009s ]
INFO: [ app_init ] --END-- [ RunTime:0.000059s ]
ERR: 无法加载模块:Public

[ 2017-04-25T13:25:33+08:00 ] 127.0.0.1 /Public/images/Article2017-04-20/size_58f89b392d2ef.jpeg
INFO: [ app_init ] --START--
INFO: Run Behavior\BuildLiteBehavior [ RunTime:0.000009s ]
INFO: [ app_init ] --END-- [ RunTime:0.000058s ]
ERR: 无法加载模块:Public

[ 2017-04-25T13:25:37+08:00 ] 127.0.0.1 /Public/images/Article2017-04-20/size_58f89b392d2ef.jpeg
INFO: [ app_init ] --START--
INFO: Run Behavior\BuildLiteBehavior [ RunTime:0.000009s ]
INFO: [ app_init ] --END-- [ RunTime:0.000061s ]
ERR: 无法加载模块:Public

[ 2017-04-25T13:25:37+08:00 ] 127.0.0.1 /Public/images/Article2017-04-23/size_58fcbb033764d.jpeg
INFO: [ app_init ] --START--
INFO: Run Behavior\BuildLiteBehavior [ RunTime:0.000007s ]
INFO: [ app_init ] --END-- [ RunTime:0.000045s ]
ERR: 无法加载模块:Public

[ 2017-04-25T13:25:37+08:00 ] 127.0.0.1 /Public/images/Article2017-04-20/size_58f80fb11726d.jpeg
INFO: [ app_init ] --START--
INFO: Run Behavior\BuildLiteBehavior [ RunTime:0.000008s ]
INFO: [ app_init ] --END-- [ RunTime:0.000052s ]
ERR: 无法加载模块:Public

[ 2017-04-25T13:25:37+08:00 ] 127.0.0.1 /Public/images/Article2017-04-20/size_58f844928beea.jpeg
INFO: [ app_init ] --START--
INFO: Run Behavior\BuildLiteBehavior [ RunTime:0.000010s ]
INFO: [ app_init ] --END-- [ RunTime:0.000058s ]
ERR: 无法加载模块:Public

[ 2017-04-25T13:25:46+08:00 ] 127.0.0.1 /Public/images/Article2017-04-20/size_58f844928beea.jpeg
INFO: [ app_init ] --START--
INFO: Run Behavior\BuildLiteBehavior [ RunTime:0.000008s ]
INFO: [ app_init ] --END-- [ RunTime:0.000058s ]
ERR: 无法加载模块:Public

[ 2017-04-25T13:25:46+08:00 ] 127.0.0.1 /Public/images/Article2017-04-20/size_58f89b392d2ef.jpeg
INFO: [ app_init ] --START--
INFO: Run Behavior\BuildLiteBehavior [ RunTime:0.000007s ]
INFO: [ app_init ] --END-- [ RunTime:0.000054s ]
ERR: 无法加载模块:Public

[ 2017-04-25T13:25:46+08:00 ] 127.0.0.1 /Public/images/Article2017-04-20/size_58f80fb11726d.jpeg
INFO: [ app_init ] --START--
INFO: Run Behavior\BuildLiteBehavior [ RunTime:0.000007s ]
INFO: [ app_init ] --END-- [ RunTime:0.000057s ]
ERR: 无法加载模块:Public

[ 2017-04-25T13:25:46+08:00 ] 127.0.0.1 /Public/images/Article2017-04-23/size_58fcbb033764d.jpeg
INFO: [ app_init ] --START--
INFO: Run Behavior\BuildLiteBehavior [ RunTime:0.000008s ]
INFO: [ app_init ] --END-- [ RunTime:0.000056s ]
ERR: 无法加载模块:Public

[ 2017-04-25T13:25:50+08:00 ] 127.0.0.1 /Public/images/Article2017-04-20/size_58f844928beea.jpeg
INFO: [ app_init ] --START--
INFO: Run Behavior\BuildLiteBehavior [ RunTime:0.000008s ]
INFO: [ app_init ] --END-- [ RunTime:0.000059s ]
ERR: 无法加载模块:Public

[ 2017-04-25T13:25:50+08:00 ] 127.0.0.1 /Public/images/Article2017-04-20/size_58f89b392d2ef.jpeg
INFO: [ app_init ] --START--
INFO: Run Behavior\BuildLiteBehavior [ RunTime:0.000008s ]
INFO: [ app_init ] --END-- [ RunTime:0.000057s ]
ERR: 无法加载模块:Public

[ 2017-04-25T13:25:50+08:00 ] 127.0.0.1 /Public/images/Article2017-04-20/size_58f80fb11726d.jpeg
INFO: [ app_init ] --START--
INFO: Run Behavior\BuildLiteBehavior [ RunTime:0.000009s ]
INFO: [ app_init ] --END-- [ RunTime:0.000060s ]
ERR: 无法加载模块:Public

[ 2017-04-25T13:25:50+08:00 ] 127.0.0.1 /Public/images/Article2017-04-23/size_58fcbb033764d.jpeg
INFO: [ app_init ] --START--
INFO: Run Behavior\BuildLiteBehavior [ RunTime:0.000007s ]
INFO: [ app_init ] --END-- [ RunTime:0.000053s ]
ERR: 无法加载模块:Public

[ 2017-04-25T13:25:55+08:00 ] 127.0.0.1 /favicon.ico
INFO: [ app_init ] --START--
INFO: Run Behavior\BuildLiteBehavior [ RunTime:0.000016s ]
INFO: [ app_init ] --END-- [ RunTime:0.000126s ]
ERR: 无法加载模块:Favicon

[ 2017-04-25T13:26:46+08:00 ] 127.0.0.1 /Public/images/Article2017-04-20/size_58f844928beea.jpeg
INFO: [ app_init ] --START--
INFO: Run Behavior\BuildLiteBehavior [ RunTime:0.000008s ]
INFO: [ app_init ] --END-- [ RunTime:0.000059s ]
ERR: 无法加载模块:Public

[ 2017-04-25T13:26:46+08:00 ] 127.0.0.1 /Public/images/Article2017-04-20/size_58f89b392d2ef.jpeg
INFO: [ app_init ] --START--
INFO: Run Behavior\BuildLiteBehavior [ RunTime:0.000008s ]
INFO: [ app_init ] --END-- [ RunTime:0.000055s ]
ERR: 无法加载模块:Public

[ 2017-04-25T13:26:46+08:00 ] 127.0.0.1 /Public/images/Article2017-04-20/size_58f80fb11726d.jpeg
INFO: [ app_init ] --START--
INFO: Run Behavior\BuildLiteBehavior [ RunTime:0.000008s ]
INFO: [ app_init ] --END-- [ RunTime:0.000053s ]
ERR: 无法加载模块:Public

[ 2017-04-25T13:26:46+08:00 ] 127.0.0.1 /Public/images/Article2017-04-23/size_58fcbb033764d.jpeg
INFO: [ app_init ] --START--
INFO: Run Behavior\BuildLiteBehavior [ RunTime:0.000008s ]
INFO: [ app_init ] --END-- [ RunTime:0.000055s ]
ERR: 无法加载模块:Public

[ 2017-04-25T13:26:48+08:00 ] 127.0.0.1 /Public/images/Article2017-04-20/size_58f844928beea.jpeg
INFO: [ app_init ] --START--
INFO: Run Behavior\BuildLiteBehavior [ RunTime:0.000009s ]
INFO: [ app_init ] --END-- [ RunTime:0.000062s ]
ERR: 无法加载模块:Public

[ 2017-04-25T13:26:48+08:00 ] 127.0.0.1 /Public/images/Article2017-04-20/size_58f89b392d2ef.jpeg
INFO: [ app_init ] --START--
INFO: Run Behavior\BuildLiteBehavior [ RunTime:0.000007s ]
INFO: [ app_init ] --END-- [ RunTime:0.000048s ]
ERR: 无法加载模块:Public

[ 2017-04-25T13:26:48+08:00 ] 127.0.0.1 /Public/images/Article2017-04-20/size_58f80fb11726d.jpeg
INFO: [ app_init ] --START--
INFO: Run Behavior\BuildLiteBehavior [ RunTime:0.000009s ]
INFO: [ app_init ] --END-- [ RunTime:0.000060s ]
ERR: 无法加载模块:Public

[ 2017-04-25T13:26:48+08:00 ] 127.0.0.1 /Public/images/Article2017-04-23/size_58fcbb033764d.jpeg
INFO: [ app_init ] --START--
INFO: Run Behavior\BuildLiteBehavior [ RunTime:0.000008s ]
INFO: [ app_init ] --END-- [ RunTime:0.000050s ]
ERR: 无法加载模块:Public

[ 2017-04-25T13:26:55+08:00 ] 127.0.0.1 /favicon.ico
INFO: [ app_init ] --START--
INFO: Run Behavior\BuildLiteBehavior [ RunTime:0.000008s ]
INFO: [ app_init ] --END-- [ RunTime:0.000075s ]
ERR: 无法加载模块:Favicon

[ 2017-04-25T13:26:58+08:00 ] 127.0.0.1 /Public/images/Article2017-04-20/size_58f844928beea.jpeg
INFO: [ app_init ] --START--
INFO: Run Behavior\BuildLiteBehavior [ RunTime:0.000008s ]
INFO: [ app_init ] --END-- [ RunTime:0.000057s ]
ERR: 无法加载模块:Public

[ 2017-04-25T13:26:58+08:00 ] 127.0.0.1 /Public/images/Article2017-04-20/size_58f89b392d2ef.jpeg
INFO: [ app_init ] --START--
INFO: Run Behavior\BuildLiteBehavior [ RunTime:0.000007s ]
INFO: [ app_init ] --END-- [ RunTime:0.000051s ]
ERR: 无法加载模块:Public

[ 2017-04-25T13:26:58+08:00 ] 127.0.0.1 /Public/images/Article2017-04-20/size_58f80fb11726d.jpeg
INFO: [ app_init ] --START--
INFO: Run Behavior\BuildLiteBehavior [ RunTime:0.000007s ]
INFO: [ app_init ] --END-- [ RunTime:0.000049s ]
ERR: 无法加载模块:Public

[ 2017-04-25T13:26:59+08:00 ] 127.0.0.1 /Public/images/Article2017-04-20/size_58f844928beea.jpeg
INFO: [ app_init ] --START--
INFO: Run Behavior\BuildLiteBehavior [ RunTime:0.000018s ]
INFO: [ app_init ] --END-- [ RunTime:0.000071s ]
ERR: 无法加载模块:Public

[ 2017-04-25T13:26:59+08:00 ] 127.0.0.1 /Public/images/Article2017-04-20/size_58f89b392d2ef.jpeg
INFO: [ app_init ] --START--
INFO: Run Behavior\BuildLiteBehavior [ RunTime:0.000009s ]
INFO: [ app_init ] --END-- [ RunTime:0.000058s ]
ERR: 无法加载模块:Public

[ 2017-04-25T13:26:59+08:00 ] 127.0.0.1 /Public/images/Article2017-04-20/size_58f80fb11726d.jpeg
INFO: [ app_init ] --START--
INFO: Run Behavior\BuildLiteBehavior [ RunTime:0.000009s ]
INFO: [ app_init ] --END-- [ RunTime:0.000056s ]
ERR: 无法加载模块:Public

[ 2017-04-25T13:26:59+08:00 ] 127.0.0.1 /Public/images/Article2017-04-20/size_58f844928beea.jpeg
INFO: [ app_init ] --START--
INFO: Run Behavior\BuildLiteBehavior [ RunTime:0.000009s ]
INFO: [ app_init ] --END-- [ RunTime:0.000058s ]
ERR: 无法加载模块:Public

[ 2017-04-25T13:26:59+08:00 ] 127.0.0.1 /Public/images/Article2017-04-20/size_58f89b392d2ef.jpeg
INFO: [ app_init ] --START--
INFO: Run Behavior\BuildLiteBehavior [ RunTime:0.000008s ]
INFO: [ app_init ] --END-- [ RunTime:0.000058s ]
ERR: 无法加载模块:Public

[ 2017-04-25T13:26:59+08:00 ] 127.0.0.1 /Public/images/Article2017-04-20/size_58f80fb11726d.jpeg
INFO: [ app_init ] --START--
INFO: Run Behavior\BuildLiteBehavior [ RunTime:0.000016s ]
INFO: [ app_init ] --END-- [ RunTime:0.000112s ]
ERR: 无法加载模块:Public

[ 2017-04-25T13:27:01+08:00 ] 127.0.0.1 /Public/images/Article2017-04-20/size_58f844928beea.jpeg
INFO: [ app_init ] --START--
INFO: Run Behavior\BuildLiteBehavior [ RunTime:0.000012s ]
INFO: [ app_init ] --END-- [ RunTime:0.000087s ]
ERR: 无法加载模块:Public

[ 2017-04-25T13:27:01+08:00 ] 127.0.0.1 /Public/images/Article2017-04-20/size_58f89b392d2ef.jpeg
INFO: [ app_init ] --START--
INFO: Run Behavior\BuildLiteBehavior [ RunTime:0.000012s ]
INFO: [ app_init ] --END-- [ RunTime:0.000082s ]
ERR: 无法加载模块:Public

[ 2017-04-25T13:27:01+08:00 ] 127.0.0.1 /Public/images/Article2017-04-20/size_58f80fb11726d.jpeg
INFO: [ app_init ] --START--
INFO: Run Behavior\BuildLiteBehavior [ RunTime:0.000013s ]
INFO: [ app_init ] --END-- [ RunTime:0.000091s ]
ERR: 无法加载模块:Public

[ 2017-04-25T13:29:30+08:00 ] 127.0.0.1 /Public/images/Article2017-04-20/size_58f844928beea.jpeg
INFO: [ app_init ] --START--
INFO: Run Behavior\BuildLiteBehavior [ RunTime:0.000009s ]
INFO: [ app_init ] --END-- [ RunTime:0.000072s ]
ERR: 无法加载模块:Public

[ 2017-04-25T13:29:30+08:00 ] 127.0.0.1 /Public/images/Article2017-04-20/size_58f89b392d2ef.jpeg
INFO: [ app_init ] --START--
INFO: Run Behavior\BuildLiteBehavior [ RunTime:0.000008s ]
INFO: [ app_init ] --END-- [ RunTime:0.000054s ]
ERR: 无法加载模块:Public

[ 2017-04-25T13:29:30+08:00 ] 127.0.0.1 /Public/images/Article2017-04-20/size_58f80fb11726d.jpeg
INFO: [ app_init ] --START--
INFO: Run Behavior\BuildLiteBehavior [ RunTime:0.000008s ]
INFO: [ app_init ] --END-- [ RunTime:0.000056s ]
ERR: 无法加载模块:Public

[ 2017-04-25T13:29:33+08:00 ] 127.0.0.1 /Public/images/Article2017-04-20/size_58f844928beea.jpeg
INFO: [ app_init ] --START--
INFO: Run Behavior\BuildLiteBehavior [ RunTime:0.000009s ]
INFO: [ app_init ] --END-- [ RunTime:0.000061s ]
ERR: 无法加载模块:Public

[ 2017-04-25T13:29:33+08:00 ] 127.0.0.1 /Public/images/Article2017-04-20/size_58f89b392d2ef.jpeg
INFO: [ app_init ] --START--
INFO: Run Behavior\BuildLiteBehavior [ RunTime:0.000017s ]
INFO: [ app_init ] --END-- [ RunTime:0.000119s ]
ERR: 无法加载模块:Public

[ 2017-04-25T13:29:33+08:00 ] 127.0.0.1 /Public/images/Article2017-04-23/size_58fcbb033764d.jpeg
INFO: [ app_init ] --START--
INFO: Run Behavior\BuildLiteBehavior [ RunTime:0.000008s ]
INFO: [ app_init ] --END-- [ RunTime:0.000062s ]
ERR: 无法加载模块:Public

[ 2017-04-25T13:29:34+08:00 ] 127.0.0.1 /Public/images/Article2017-04-20/size_58f844928beea.jpeg
INFO: [ app_init ] --START--
INFO: Run Behavior\BuildLiteBehavior [ RunTime:0.000009s ]
INFO: [ app_init ] --END-- [ RunTime:0.000059s ]
ERR: 无法加载模块:Public

[ 2017-04-25T13:29:34+08:00 ] 127.0.0.1 /Public/images/Article2017-04-20/size_58f89b392d2ef.jpeg
INFO: [ app_init ] --START--
INFO: Run Behavior\BuildLiteBehavior [ RunTime:0.000008s ]
INFO: [ app_init ] --END-- [ RunTime:0.000054s ]
ERR: 无法加载模块:Public

[ 2017-04-25T13:29:34+08:00 ] 127.0.0.1 /Public/images/Article2017-04-23/size_58fcbb033764d.jpeg
INFO: [ app_init ] --START--
INFO: Run Behavior\BuildLiteBehavior [ RunTime:0.000013s ]
INFO: [ app_init ] --END-- [ RunTime:0.000090s ]
ERR: 无法加载模块:Public

[ 2017-04-25T13:29:37+08:00 ] 127.0.0.1 /Public/images/Article2017-04-20/size_58f844928beea.jpeg
INFO: [ app_init ] --START--
INFO: Run Behavior\BuildLiteBehavior [ RunTime:0.000023s ]
INFO: [ app_init ] --END-- [ RunTime:0.000141s ]
ERR: 无法加载模块:Public

[ 2017-04-25T13:29:37+08:00 ] 127.0.0.1 /Public/images/Article2017-04-20/size_58f89b392d2ef.jpeg
INFO: [ app_init ] --START--
INFO: Run Behavior\BuildLiteBehavior [ RunTime:0.000009s ]
INFO: [ app_init ] --END-- [ RunTime:0.000055s ]
ERR: 无法加载模块:Public

[ 2017-04-25T13:29:37+08:00 ] 127.0.0.1 /Public/images/Article2017-04-23/size_58fcbb033764d.jpeg
INFO: [ app_init ] --START--
INFO: Run Behavior\BuildLiteBehavior [ RunTime:0.000008s ]
INFO: [ app_init ] --END-- [ RunTime:0.000051s ]
ERR: 无法加载模块:Public

[ 2017-04-25T13:29:40+08:00 ] 127.0.0.1 /Public/images/Article2017-04-20/size_58f844928beea.jpeg
INFO: [ app_init ] --START--
INFO: Run Behavior\BuildLiteBehavior [ RunTime:0.000008s ]
INFO: [ app_init ] --END-- [ RunTime:0.000054s ]
ERR: 无法加载模块:Public

[ 2017-04-25T13:29:40+08:00 ] 127.0.0.1 /Public/images/Article2017-04-20/size_58f89b392d2ef.jpeg
INFO: [ app_init ] --START--
INFO: Run Behavior\BuildLiteBehavior [ RunTime:0.000007s ]
INFO: [ app_init ] --END-- [ RunTime:0.000051s ]
ERR: 无法加载模块:Public

[ 2017-04-25T13:29:40+08:00 ] 127.0.0.1 /Public/images/Article2017-04-23/size_58fcbb033764d.jpeg
INFO: [ app_init ] --START--
INFO: Run Behavior\BuildLiteBehavior [ RunTime:0.000008s ]
INFO: [ app_init ] --END-- [ RunTime:0.000052s ]
ERR: 无法加载模块:Public

[ 2017-04-25T13:29:42+08:00 ] 127.0.0.1 /Public/images/Article2017-04-20/size_58f844928beea.jpeg
INFO: [ app_init ] --START--
INFO: Run Behavior\BuildLiteBehavior [ RunTime:0.000008s ]
INFO: [ app_init ] --END-- [ RunTime:0.000055s ]
ERR: 无法加载模块:Public

[ 2017-04-25T13:29:42+08:00 ] 127.0.0.1 /Public/images/Article2017-04-20/size_58f89b392d2ef.jpeg
INFO: [ app_init ] --START--
INFO: Run Behavior\BuildLiteBehavior [ RunTime:0.000008s ]
INFO: [ app_init ] --END-- [ RunTime:0.000051s ]
ERR: 无法加载模块:Public

[ 2017-04-25T13:29:42+08:00 ] 127.0.0.1 /Public/images/Article2017-04-23/size_58fcbb033764d.jpeg
INFO: [ app_init ] --START--
INFO: Run Behavior\BuildLiteBehavior [ RunTime:0.000007s ]
INFO: [ app_init ] --END-- [ RunTime:0.000050s ]
ERR: 无法加载模块:Public

[ 2017-04-25T13:29:45+08:00 ] 127.0.0.1 /Public/images/Article2017-04-20/size_58f89b392d2ef.jpeg
INFO: [ app_init ] --START--
INFO: Run Behavior\BuildLiteBehavior [ RunTime:0.000008s ]
INFO: [ app_init ] --END-- [ RunTime:0.000052s ]
ERR: 无法加载模块:Public

[ 2017-04-25T13:29:45+08:00 ] 127.0.0.1 /Public/images/Article2017-04-20/size_58f844928beea.jpeg
INFO: [ app_init ] --START--
INFO: Run Behavior\BuildLiteBehavior [ RunTime:0.000008s ]
INFO: [ app_init ] --END-- [ RunTime:0.000059s ]
ERR: 无法加载模块:Public

[ 2017-04-25T13:29:45+08:00 ] 127.0.0.1 /Public/images/Article2017-04-23/size_58fcbb033764d.jpeg
INFO: [ app_init ] --START--
INFO: Run Behavior\BuildLiteBehavior [ RunTime:0.000008s ]
INFO: [ app_init ] --END-- [ RunTime:0.000054s ]
ERR: 无法加载模块:Public

[ 2017-04-25T13:29:49+08:00 ] 127.0.0.1 /Public/images/Article2017-04-20/size_58f844928beea.jpeg
INFO: [ app_init ] --START--
INFO: Run Behavior\BuildLiteBehavior [ RunTime:0.000008s ]
INFO: [ app_init ] --END-- [ RunTime:0.000057s ]
ERR: 无法加载模块:Public

[ 2017-04-25T13:29:49+08:00 ] 127.0.0.1 /Public/images/Article2017-04-20/size_58f89b392d2ef.jpeg
INFO: [ app_init ] --START--
INFO: Run Behavior\BuildLiteBehavior [ RunTime:0.000009s ]
INFO: [ app_init ] --END-- [ RunTime:0.000062s ]
ERR: 无法加载模块:Public

[ 2017-04-25T13:29:49+08:00 ] 127.0.0.1 /Public/images/Article2017-04-23/size_58fcbb033764d.jpeg
INFO: [ app_init ] --START--
INFO: Run Behavior\BuildLiteBehavior [ RunTime:0.000009s ]
INFO: [ app_init ] --END-- [ RunTime:0.000063s ]
ERR: 无法加载模块:Public

[ 2017-04-25T13:30:10+08:00 ] 127.0.0.1 /Public/images/Article2017-04-20/size_58f844928beea.jpeg
INFO: [ app_init ] --START--
INFO: Run Behavior\BuildLiteBehavior [ RunTime:0.000008s ]
INFO: [ app_init ] --END-- [ RunTime:0.000055s ]
ERR: 无法加载模块:Public

[ 2017-04-25T13:30:10+08:00 ] 127.0.0.1 /Public/images/Article2017-04-20/size_58f89b392d2ef.jpeg
INFO: [ app_init ] --START--
INFO: Run Behavior\BuildLiteBehavior [ RunTime:0.000007s ]
INFO: [ app_init ] --END-- [ RunTime:0.000050s ]
ERR: 无法加载模块:Public

[ 2017-04-25T13:30:10+08:00 ] 127.0.0.1 /Public/images/Article2017-04-23/size_58fcbb033764d.jpeg
INFO: [ app_init ] --START--
INFO: Run Behavior\BuildLiteBehavior [ RunTime:0.000008s ]
INFO: [ app_init ] --END-- [ RunTime:0.000052s ]
ERR: 无法加载模块:Public

[ 2017-04-25T13:30:12+08:00 ] 127.0.0.1 /Public/images/Article2017-04-20/size_58f844928beea.jpeg
INFO: [ app_init ] --START--
INFO: Run Behavior\BuildLiteBehavior [ RunTime:0.000010s ]
INFO: [ app_init ] --END-- [ RunTime:0.000067s ]
ERR: 无法加载模块:Public

[ 2017-04-25T13:30:12+08:00 ] 127.0.0.1 /Public/images/Article2017-04-20/size_58f89b392d2ef.jpeg
INFO: [ app_init ] --START--
INFO: Run Behavior\BuildLiteBehavior [ RunTime:0.000008s ]
INFO: [ app_init ] --END-- [ RunTime:0.000061s ]
ERR: 无法加载模块:Public

[ 2017-04-25T13:30:12+08:00 ] 127.0.0.1 /Public/images/Article2017-04-23/size_58fcbb033764d.jpeg
INFO: [ app_init ] --START--
INFO: Run Behavior\BuildLiteBehavior [ RunTime:0.000009s ]
INFO: [ app_init ] --END-- [ RunTime:0.000062s ]
ERR: 无法加载模块:Public

[ 2017-04-25T13:30:39+08:00 ] 127.0.0.1 /favicon.ico
INFO: [ app_init ] --START--
INFO: Run Behavior\BuildLiteBehavior [ RunTime:0.000009s ]
INFO: [ app_init ] --END-- [ RunTime:0.000058s ]
ERR: 无法加载模块:Favicon

[ 2017-04-25T13:39:21+08:00 ] 127.0.0.1 /Public/images/Article2017-04-20/size_58f89b392d2ef.jpeg
INFO: [ app_init ] --START--
INFO: Run Behavior\BuildLiteBehavior [ RunTime:0.000008s ]
INFO: [ app_init ] --END-- [ RunTime:0.000057s ]
ERR: 无法加载模块:Public

[ 2017-04-25T13:39:21+08:00 ] 127.0.0.1 /Public/images/Article2017-04-20/size_58f844928beea.jpeg
INFO: [ app_init ] --START--
INFO: Run Behavior\BuildLiteBehavior [ RunTime:0.000008s ]
INFO: [ app_init ] --END-- [ RunTime:0.000057s ]
ERR: 无法加载模块:Public

[ 2017-04-25T13:39:21+08:00 ] 127.0.0.1 /Public/images/Article2017-04-23/size_58fcbb033764d.jpeg
INFO: [ app_init ] --START--
INFO: Run Behavior\BuildLiteBehavior [ RunTime:0.000010s ]
INFO: [ app_init ] --END-- [ RunTime:0.000060s ]
ERR: 无法加载模块:Public

[ 2017-04-25T13:39:44+08:00 ] 127.0.0.1 /Public/images/Article2017-04-20/size_58f89b392d2ef.jpeg
INFO: [ app_init ] --START--
INFO: Run Behavior\BuildLiteBehavior [ RunTime:0.000008s ]
INFO: [ app_init ] --END-- [ RunTime:0.000056s ]
ERR: 无法加载模块:Public

[ 2017-04-25T13:39:44+08:00 ] 127.0.0.1 /Public/images/Article2017-04-20/size_58f844928beea.jpeg
INFO: [ app_init ] --START--
INFO: Run Behavior\BuildLiteBehavior [ RunTime:0.000008s ]
INFO: [ app_init ] --END-- [ RunTime:0.000056s ]
ERR: 无法加载模块:Public

[ 2017-04-25T13:39:44+08:00 ] 127.0.0.1 /Public/images/Article2017-04-23/size_58fcbb033764d.jpeg
INFO: [ app_init ] --START--
INFO: Run Behavior\BuildLiteBehavior [ RunTime:0.000009s ]
INFO: [ app_init ] --END-- [ RunTime:0.000057s ]
ERR: 无法加载模块:Public

[ 2017-04-25T13:40:11+08:00 ] 127.0.0.1 /Public/images/Article2017-04-20/size_58f844928beea.jpeg
INFO: [ app_init ] --START--
INFO: Run Behavior\BuildLiteBehavior [ RunTime:0.000010s ]
INFO: [ app_init ] --END-- [ RunTime:0.000065s ]
ERR: 无法加载模块:Public

[ 2017-04-25T13:40:11+08:00 ] 127.0.0.1 /Public/images/Article2017-04-20/size_58f89b392d2ef.jpeg
INFO: [ app_init ] --START--
INFO: Run Behavior\BuildLiteBehavior [ RunTime:0.000008s ]
INFO: [ app_init ] --END-- [ RunTime:0.000062s ]
ERR: 无法加载模块:Public

[ 2017-04-25T13:40:11+08:00 ] 127.0.0.1 /Public/images/Article2017-04-23/size_58fcbb033764d.jpeg
INFO: [ app_init ] --START--
INFO: Run Behavior\BuildLiteBehavior [ RunTime:0.000009s ]
INFO: [ app_init ] --END-- [ RunTime:0.000064s ]
ERR: 无法加载模块:Public

[ 2017-04-25T13:40:18+08:00 ] 127.0.0.1 /Public/images/Article2017-04-20/size_58f844928beea.jpeg
INFO: [ app_init ] --START--
INFO: Run Behavior\BuildLiteBehavior [ RunTime:0.000009s ]
INFO: [ app_init ] --END-- [ RunTime:0.000059s ]
ERR: 无法加载模块:Public

[ 2017-04-25T13:40:18+08:00 ] 127.0.0.1 /Public/images/Article2017-04-20/size_58f89b392d2ef.jpeg
INFO: [ app_init ] --START--
INFO: Run Behavior\BuildLiteBehavior [ RunTime:0.000009s ]
INFO: [ app_init ] --END-- [ RunTime:0.000055s ]
ERR: 无法加载模块:Public

[ 2017-04-25T13:40:18+08:00 ] 127.0.0.1 /Public/images/Article2017-04-23/size_58fcbb033764d.jpeg
INFO: [ app_init ] --START--
INFO: Run Behavior\BuildLiteBehavior [ RunTime:0.000007s ]
INFO: [ app_init ] --END-- [ RunTime:0.000050s ]
ERR: 无法加载模块:Public

[ 2017-04-25T13:40:19+08:00 ] 127.0.0.1 /Public/images/Article2017-04-20/size_58f844928beea.jpeg
INFO: [ app_init ] --START--
INFO: Run Behavior\BuildLiteBehavior [ RunTime:0.000008s ]
INFO: [ app_init ] --END-- [ RunTime:0.000055s ]
ERR: 无法加载模块:Public

[ 2017-04-25T13:40:19+08:00 ] 127.0.0.1 /Public/images/Article2017-04-20/size_58f89b392d2ef.jpeg
INFO: [ app_init ] --START--
INFO: Run Behavior\BuildLiteBehavior [ RunTime:0.000006s ]
INFO: [ app_init ] --END-- [ RunTime:0.000049s ]
ERR: 无法加载模块:Public

[ 2017-04-25T13:40:19+08:00 ] 127.0.0.1 /Public/images/Article2017-04-23/size_58fcbb033764d.jpeg
INFO: [ app_init ] --START--
INFO: Run Behavior\BuildLiteBehavior [ RunTime:0.000008s ]
INFO: [ app_init ] --END-- [ RunTime:0.000052s ]
ERR: 无法加载模块:Public

[ 2017-04-25T13:40:21+08:00 ] 127.0.0.1 /Public/images/Article2017-04-20/size_58f844928beea.jpeg
INFO: [ app_init ] --START--
INFO: Run Behavior\BuildLiteBehavior [ RunTime:0.000009s ]
INFO: [ app_init ] --END-- [ RunTime:0.000058s ]
ERR: 无法加载模块:Public

[ 2017-04-25T13:40:21+08:00 ] 127.0.0.1 /Public/images/Article2017-04-20/size_58f89b392d2ef.jpeg
INFO: [ app_init ] --START--
INFO: Run Behavior\BuildLiteBehavior [ RunTime:0.000010s ]
INFO: [ app_init ] --END-- [ RunTime:0.000063s ]
ERR: 无法加载模块:Public

[ 2017-04-25T13:40:21+08:00 ] 127.0.0.1 /Public/images/Article2017-04-23/size_58fcbb033764d.jpeg
INFO: [ app_init ] --START--
INFO: Run Behavior\BuildLiteBehavior [ RunTime:0.000008s ]
INFO: [ app_init ] --END-- [ RunTime:0.000056s ]
ERR: 无法加载模块:Public

[ 2017-04-25T13:40:23+08:00 ] 127.0.0.1 /Public/images/Article2017-04-20/size_58f844928beea.jpeg
INFO: [ app_init ] --START--
INFO: Run Behavior\BuildLiteBehavior [ RunTime:0.000009s ]
INFO: [ app_init ] --END-- [ RunTime:0.000062s ]
ERR: 无法加载模块:Public

[ 2017-04-25T13:40:23+08:00 ] 127.0.0.1 /Public/images/Article2017-04-20/size_58f89b392d2ef.jpeg
INFO: [ app_init ] --START--
INFO: Run Behavior\BuildLiteBehavior [ RunTime:0.000008s ]
INFO: [ app_init ] --END-- [ RunTime:0.000060s ]
ERR: 无法加载模块:Public

[ 2017-04-25T13:40:23+08:00 ] 127.0.0.1 /Public/images/Article2017-04-23/size_58fcbb033764d.jpeg
INFO: [ app_init ] --START--
INFO: Run Behavior\BuildLiteBehavior [ RunTime:0.000008s ]
INFO: [ app_init ] --END-- [ RunTime:0.000050s ]
ERR: 无法加载模块:Public

[ 2017-04-25T13:40:24+08:00 ] 127.0.0.1 /Public/images/Article2017-04-20/size_58f844928beea.jpeg
INFO: [ app_init ] --START--
INFO: Run Behavior\BuildLiteBehavior [ RunTime:0.000008s ]
INFO: [ app_init ] --END-- [ RunTime:0.000058s ]
ERR: 无法加载模块:Public

[ 2017-04-25T13:40:24+08:00 ] 127.0.0.1 /Public/images/Article2017-04-20/size_58f89b392d2ef.jpeg
INFO: [ app_init ] --START--
INFO: Run Behavior\BuildLiteBehavior [ RunTime:0.000007s ]
INFO: [ app_init ] --END-- [ RunTime:0.000050s ]
ERR: 无法加载模块:Public

[ 2017-04-25T13:40:24+08:00 ] 127.0.0.1 /Public/images/Article2017-04-23/size_58fcbb033764d.jpeg
INFO: [ app_init ] --START--
INFO: Run Behavior\BuildLiteBehavior [ RunTime:0.000007s ]
INFO: [ app_init ] --END-- [ RunTime:0.000056s ]
ERR: 无法加载模块:Public

[ 2017-04-25T13:40:27+08:00 ] 127.0.0.1 /Public/images/Article2017-04-20/size_58f844928beea.jpeg
INFO: [ app_init ] --START--
INFO: Run Behavior\BuildLiteBehavior [ RunTime:0.000009s ]
INFO: [ app_init ] --END-- [ RunTime:0.000056s ]
ERR: 无法加载模块:Public

[ 2017-04-25T13:40:27+08:00 ] 127.0.0.1 /Public/images/Article2017-04-20/size_58f89b392d2ef.jpeg
INFO: [ app_init ] --START--
INFO: Run Behavior\BuildLiteBehavior [ RunTime:0.000007s ]
INFO: [ app_init ] --END-- [ RunTime:0.000049s ]
ERR: 无法加载模块:Public

[ 2017-04-25T13:40:27+08:00 ] 127.0.0.1 /Public/images/Article2017-04-23/size_58fcbb033764d.jpeg
INFO: [ app_init ] --START--
INFO: Run Behavior\BuildLiteBehavior [ RunTime:0.000008s ]
INFO: [ app_init ] --END-- [ RunTime:0.000056s ]
ERR: 无法加载模块:Public

[ 2017-04-25T13:40:28+08:00 ] 127.0.0.1 /Public/images/Article2017-04-20/size_58f844928beea.jpeg
INFO: [ app_init ] --START--
INFO: Run Behavior\BuildLiteBehavior [ RunTime:0.000010s ]
INFO: [ app_init ] --END-- [ RunTime:0.000063s ]
ERR: 无法加载模块:Public

[ 2017-04-25T13:40:28+08:00 ] 127.0.0.1 /Public/images/Article2017-04-20/size_58f89b392d2ef.jpeg
INFO: [ app_init ] --START--
INFO: Run Behavior\BuildLiteBehavior [ RunTime:0.000008s ]
INFO: [ app_init ] --END-- [ RunTime:0.000057s ]
ERR: 无法加载模块:Public

[ 2017-04-25T13:40:28+08:00 ] 127.0.0.1 /Public/images/Article2017-04-23/size_58fcbb033764d.jpeg
INFO: [ app_init ] --START--
INFO: Run Behavior\BuildLiteBehavior [ RunTime:0.000007s ]
INFO: [ app_init ] --END-- [ RunTime:0.000053s ]
ERR: 无法加载模块:Public

[ 2017-04-25T13:40:33+08:00 ] 127.0.0.1 /Public/images/Article2017-04-20/size_58f844928beea.jpeg
INFO: [ app_init ] --START--
INFO: Run Behavior\BuildLiteBehavior [ RunTime:0.000009s ]
INFO: [ app_init ] --END-- [ RunTime:0.000061s ]
ERR: 无法加载模块:Public

[ 2017-04-25T13:40:33+08:00 ] 127.0.0.1 /Public/images/Article2017-04-20/size_58f89b392d2ef.jpeg
INFO: [ app_init ] --START--
INFO: Run Behavior\BuildLiteBehavior [ RunTime:0.000008s ]
INFO: [ app_init ] --END-- [ RunTime:0.000059s ]
ERR: 无法加载模块:Public

[ 2017-04-25T13:40:33+08:00 ] 127.0.0.1 /Public/images/Article2017-04-23/size_58fcbb033764d.jpeg
INFO: [ app_init ] --START--
INFO: Run Behavior\BuildLiteBehavior [ RunTime:0.000007s ]
INFO: [ app_init ] --END-- [ RunTime:0.000052s ]
ERR: 无法加载模块:Public

[ 2017-04-25T13:40:35+08:00 ] 127.0.0.1 /Public/images/Article2017-04-20/size_58f844928beea.jpeg
INFO: [ app_init ] --START--
INFO: Run Behavior\BuildLiteBehavior [ RunTime:0.000008s ]
INFO: [ app_init ] --END-- [ RunTime:0.000058s ]
ERR: 无法加载模块:Public

[ 2017-04-25T13:40:35+08:00 ] 127.0.0.1 /Public/images/Article2017-04-20/size_58f89b392d2ef.jpeg
INFO: [ app_init ] --START--
INFO: Run Behavior\BuildLiteBehavior [ RunTime:0.000008s ]
INFO: [ app_init ] --END-- [ RunTime:0.000053s ]
ERR: 无法加载模块:Public

[ 2017-04-25T13:40:35+08:00 ] 127.0.0.1 /Public/images/Article2017-04-23/size_58fcbb033764d.jpeg
INFO: [ app_init ] --START--
INFO: Run Behavior\BuildLiteBehavior [ RunTime:0.000007s ]
INFO: [ app_init ] --END-- [ RunTime:0.000053s ]
ERR: 无法加载模块:Public

[ 2017-04-25T13:40:37+08:00 ] 127.0.0.1 /Public/images/Article2017-04-20/size_58f844928beea.jpeg
INFO: [ app_init ] --START--
INFO: Run Behavior\BuildLiteBehavior [ RunTime:0.000009s ]
INFO: [ app_init ] --END-- [ RunTime:0.000060s ]
ERR: 无法加载模块:Public

[ 2017-04-25T13:40:37+08:00 ] 127.0.0.1 /Public/images/Article2017-04-20/size_58f89b392d2ef.jpeg
INFO: [ app_init ] --START--
INFO: Run Behavior\BuildLiteBehavior [ RunTime:0.000010s ]
INFO: [ app_init ] --END-- [ RunTime:0.000059s ]
ERR: 无法加载模块:Public

[ 2017-04-25T13:40:37+08:00 ] 127.0.0.1 /Public/images/Article2017-04-23/size_58fcbb033764d.jpeg
INFO: [ app_init ] --START--
INFO: Run Behavior\BuildLiteBehavior [ RunTime:0.000008s ]
INFO: [ app_init ] --END-- [ RunTime:0.000052s ]
ERR: 无法加载模块:Public

[ 2017-04-25T13:40:38+08:00 ] 127.0.0.1 /Public/images/Article2017-04-20/size_58f844928beea.jpeg
INFO: [ app_init ] --START--
INFO: Run Behavior\BuildLiteBehavior [ RunTime:0.000009s ]
INFO: [ app_init ] --END-- [ RunTime:0.000057s ]
ERR: 无法加载模块:Public

[ 2017-04-25T13:40:38+08:00 ] 127.0.0.1 /Public/images/Article2017-04-20/size_58f89b392d2ef.jpeg
INFO: [ app_init ] --START--
INFO: Run Behavior\BuildLiteBehavior [ RunTime:0.000008s ]
INFO: [ app_init ] --END-- [ RunTime:0.000053s ]
ERR: 无法加载模块:Public

[ 2017-04-25T13:40:38+08:00 ] 127.0.0.1 /Public/images/Article2017-04-23/size_58fcbb033764d.jpeg
INFO: [ app_init ] --START--
INFO: Run Behavior\BuildLiteBehavior [ RunTime:0.000009s ]
INFO: [ app_init ] --END-- [ RunTime:0.000054s ]
ERR: 无法加载模块:Public

[ 2017-04-25T13:44:25+08:00 ] 127.0.0.1 /Public/images/Article2017-04-20/size_58f844928beea.jpeg
INFO: [ app_init ] --START--
INFO: Run Behavior\BuildLiteBehavior [ RunTime:0.000008s ]
INFO: [ app_init ] --END-- [ RunTime:0.000056s ]
ERR: 无法加载模块:Public

[ 2017-04-25T13:44:25+08:00 ] 127.0.0.1 /Public/images/Article2017-04-20/size_58f89b392d2ef.jpeg
INFO: [ app_init ] --START--
INFO: Run Behavior\BuildLiteBehavior [ RunTime:0.000008s ]
INFO: [ app_init ] --END-- [ RunTime:0.000056s ]
ERR: 无法加载模块:Public

[ 2017-04-25T13:44:25+08:00 ] 127.0.0.1 /Public/images/Article2017-04-23/size_58fcbb033764d.jpeg
INFO: [ app_init ] --START--
INFO: Run Behavior\BuildLiteBehavior [ RunTime:0.000008s ]
INFO: [ app_init ] --END-- [ RunTime:0.000056s ]
ERR: 无法加载模块:Public

[ 2017-04-25T13:44:26+08:00 ] 127.0.0.1 /Public/images/Article2017-04-20/size_58f844928beea.jpeg
INFO: [ app_init ] --START--
INFO: Run Behavior\BuildLiteBehavior [ RunTime:0.000010s ]
INFO: [ app_init ] --END-- [ RunTime:0.000171s ]
ERR: 无法加载模块:Public

[ 2017-04-25T13:44:26+08:00 ] 127.0.0.1 /Public/images/Article2017-04-20/size_58f89b392d2ef.jpeg
INFO: [ app_init ] --START--
INFO: Run Behavior\BuildLiteBehavior [ RunTime:0.000009s ]
INFO: [ app_init ] --END-- [ RunTime:0.000057s ]
ERR: 无法加载模块:Public

[ 2017-04-25T13:44:26+08:00 ] 127.0.0.1 /Public/images/Article2017-04-23/size_58fcbb033764d.jpeg
INFO: [ app_init ] --START--
INFO: Run Behavior\BuildLiteBehavior [ RunTime:0.000009s ]
INFO: [ app_init ] --END-- [ RunTime:0.000055s ]
ERR: 无法加载模块:Public

[ 2017-04-25T13:44:40+08:00 ] 127.0.0.1 /Public/images/Article2017-04-20/size_58f844928beea.jpeg
INFO: [ app_init ] --START--
INFO: Run Behavior\BuildLiteBehavior [ RunTime:0.000010s ]
INFO: [ app_init ] --END-- [ RunTime:0.000059s ]
ERR: 无法加载模块:Public

[ 2017-04-25T13:44:40+08:00 ] 127.0.0.1 /Public/images/Article2017-04-23/size_58fcbb033764d.jpeg
INFO: [ app_init ] --START--
INFO: Run Behavior\BuildLiteBehavior [ RunTime:0.000007s ]
INFO: [ app_init ] --END-- [ RunTime:0.000049s ]
ERR: 无法加载模块:Public

[ 2017-04-25T13:44:40+08:00 ] 127.0.0.1 /Public/images/Article2017-04-20/size_58f89b392d2ef.jpeg
INFO: [ app_init ] --START--
INFO: Run Behavior\BuildLiteBehavior [ RunTime:0.000009s ]
INFO: [ app_init ] --END-- [ RunTime:0.000056s ]
ERR: 无法加载模块:Public

[ 2017-04-25T13:46:48+08:00 ] 127.0.0.1 /Public/images/Article2017-04-23/size_58fcbb033764d.jpeg
INFO: [ app_init ] --START--
INFO: Run Behavior\BuildLiteBehavior [ RunTime:0.000012s ]
INFO: [ app_init ] --END-- [ RunTime:0.000082s ]
ERR: 无法加载模块:Public

[ 2017-04-25T13:46:48+08:00 ] 127.0.0.1 /Public/images/Article2017-04-20/size_58f89b392d2ef.jpeg
INFO: [ app_init ] --START--
INFO: Run Behavior\BuildLiteBehavior [ RunTime:0.000012s ]
INFO: [ app_init ] --END-- [ RunTime:0.000078s ]
ERR: 无法加载模块:Public

[ 2017-04-25T13:46:48+08:00 ] 127.0.0.1 /Public/images/Article2017-04-20/size_58f844928beea.jpeg
INFO: [ app_init ] --START--
INFO: Run Behavior\BuildLiteBehavior [ RunTime:0.000009s ]
INFO: [ app_init ] --END-- [ RunTime:0.000058s ]
ERR: 无法加载模块:Public

[ 2017-04-25T13:47:41+08:00 ] 127.0.0.1 /Public/images/Article2017-04-20/size_58f89b392d2ef.jpeg
INFO: [ app_init ] --START--
INFO: Run Behavior\BuildLiteBehavior [ RunTime:0.000008s ]
INFO: [ app_init ] --END-- [ RunTime:0.000058s ]
ERR: 无法加载模块:Public

[ 2017-04-25T13:47:41+08:00 ] 127.0.0.1 /Public/images/Article2017-04-23/size_58fcbb033764d.jpeg
INFO: [ app_init ] --START--
INFO: Run Behavior\BuildLiteBehavior [ RunTime:0.000007s ]
INFO: [ app_init ] --END-- [ RunTime:0.000045s ]
ERR: 无法加载模块:Public

[ 2017-04-25T13:47:41+08:00 ] 127.0.0.1 /Public/images/Article2017-04-20/size_58f844928beea.jpeg
INFO: [ app_init ] --START--
INFO: Run Behavior\BuildLiteBehavior [ RunTime:0.000008s ]
INFO: [ app_init ] --END-- [ RunTime:0.000054s ]
ERR: 无法加载模块:Public

[ 2017-04-25T13:49:07+08:00 ] 127.0.0.1 /Public/images/Article2017-04-20/size_58f844928beea.jpeg
INFO: [ app_init ] --START--
INFO: Run Behavior\BuildLiteBehavior [ RunTime:0.000010s ]
INFO: [ app_init ] --END-- [ RunTime:0.000068s ]
ERR: 无法加载模块:Public

[ 2017-04-25T13:49:07+08:00 ] 127.0.0.1 /Public/images/Article2017-04-20/size_58f89b392d2ef.jpeg
INFO: [ app_init ] --START--
INFO: Run Behavior\BuildLiteBehavior [ RunTime:0.000010s ]
INFO: [ app_init ] --END-- [ RunTime:0.000064s ]
ERR: 无法加载模块:Public

[ 2017-04-25T13:49:07+08:00 ] 127.0.0.1 /Public/images/Article2017-04-23/size_58fcbb033764d.jpeg
INFO: [ app_init ] --START--
INFO: Run Behavior\BuildLiteBehavior [ RunTime:0.000007s ]
INFO: [ app_init ] --END-- [ RunTime:0.000054s ]
ERR: 无法加载模块:Public

[ 2017-04-25T13:49:11+08:00 ] 127.0.0.1 /Public/images/Article2017-04-20/size_58f844928beea.jpeg
INFO: [ app_init ] --START--
INFO: Run Behavior\BuildLiteBehavior [ RunTime:0.000009s ]
INFO: [ app_init ] --END-- [ RunTime:0.000060s ]
ERR: 无法加载模块:Public

[ 2017-04-25T13:49:11+08:00 ] 127.0.0.1 /Public/images/Article2017-04-20/size_58f89b392d2ef.jpeg
INFO: [ app_init ] --START--
INFO: Run Behavior\BuildLiteBehavior [ RunTime:0.000008s ]
INFO: [ app_init ] --END-- [ RunTime:0.000055s ]
ERR: 无法加载模块:Public

[ 2017-04-25T13:49:11+08:00 ] 127.0.0.1 /Public/images/Article2017-04-23/size_58fcbb033764d.jpeg
INFO: [ app_init ] --START--
INFO: Run Behavior\BuildLiteBehavior [ RunTime:0.000015s ]
INFO: [ app_init ] --END-- [ RunTime:0.000112s ]
ERR: 无法加载模块:Public

[ 2017-04-25T13:49:14+08:00 ] 127.0.0.1 /Public/images/Article2017-04-20/size_58f844928beea.jpeg
INFO: [ app_init ] --START--
INFO: Run Behavior\BuildLiteBehavior [ RunTime:0.000008s ]
INFO: [ app_init ] --END-- [ RunTime:0.000059s ]
ERR: 无法加载模块:Public

[ 2017-04-25T13:49:14+08:00 ] 127.0.0.1 /Public/images/Article2017-04-20/size_58f89b392d2ef.jpeg
INFO: [ app_init ] --START--
INFO: Run Behavior\BuildLiteBehavior [ RunTime:0.000008s ]
INFO: [ app_init ] --END-- [ RunTime:0.000056s ]
ERR: 无法加载模块:Public

[ 2017-04-25T13:49:14+08:00 ] 127.0.0.1 /Public/images/Article2017-04-23/size_58fcbb033764d.jpeg
INFO: [ app_init ] --START--
INFO: Run Behavior\BuildLiteBehavior [ RunTime:0.000008s ]
INFO: [ app_init ] --END-- [ RunTime:0.000056s ]
ERR: 无法加载模块:Public

[ 2017-04-25T13:52:46+08:00 ] 127.0.0.1 /Public/images/Article2017-04-20/size_58f89b392d2ef.jpeg
INFO: [ app_init ] --START--
INFO: Run Behavior\BuildLiteBehavior [ RunTime:0.000008s ]
INFO: [ app_init ] --END-- [ RunTime:0.000057s ]
ERR: 无法加载模块:Public

[ 2017-04-25T13:52:46+08:00 ] 127.0.0.1 /Public/images/Article2017-04-20/size_58f844928beea.jpeg
INFO: [ app_init ] --START--
INFO: Run Behavior\BuildLiteBehavior [ RunTime:0.000009s ]
INFO: [ app_init ] --END-- [ RunTime:0.000052s ]
ERR: 无法加载模块:Public

[ 2017-04-25T13:52:46+08:00 ] 127.0.0.1 /Public/images/Article2017-04-23/size_58fcbb033764d.jpeg
INFO: [ app_init ] --START--
INFO: Run Behavior\BuildLiteBehavior [ RunTime:0.000009s ]
INFO: [ app_init ] --END-- [ RunTime:0.000058s ]
ERR: 无法加载模块:Public

[ 2017-04-25T13:54:09+08:00 ] 127.0.0.1 /Public/images/Article2017-04-20/size_58f844928beea.jpeg
INFO: [ app_init ] --START--
INFO: Run Behavior\BuildLiteBehavior [ RunTime:0.000009s ]
INFO: [ app_init ] --END-- [ RunTime:0.000059s ]
ERR: 无法加载模块:Public

[ 2017-04-25T13:54:09+08:00 ] 127.0.0.1 /Public/images/Article2017-04-20/size_58f89b392d2ef.jpeg
INFO: [ app_init ] --START--
INFO: Run Behavior\BuildLiteBehavior [ RunTime:0.000008s ]
INFO: [ app_init ] --END-- [ RunTime:0.000058s ]
ERR: 无法加载模块:Public

[ 2017-04-25T13:54:09+08:00 ] 127.0.0.1 /Public/images/Article2017-04-23/size_58fcbb033764d.jpeg
INFO: [ app_init ] --START--
INFO: Run Behavior\BuildLiteBehavior [ RunTime:0.000024s ]
INFO: [ app_init ] --END-- [ RunTime:0.000166s ]
ERR: 无法加载模块:Public

[ 2017-04-25T13:56:22+08:00 ] 127.0.0.1 /Public/images/Article2017-04-20/size_58f844928beea.jpeg
INFO: [ app_init ] --START--
INFO: Run Behavior\BuildLiteBehavior [ RunTime:0.000008s ]
INFO: [ app_init ] --END-- [ RunTime:0.000060s ]
ERR: 无法加载模块:Public

[ 2017-04-25T13:56:22+08:00 ] 127.0.0.1 /Public/images/Article2017-04-20/size_58f89b392d2ef.jpeg
INFO: [ app_init ] --START--
INFO: Run Behavior\BuildLiteBehavior [ RunTime:0.000008s ]
INFO: [ app_init ] --END-- [ RunTime:0.000054s ]
ERR: 无法加载模块:Public

[ 2017-04-25T13:56:22+08:00 ] 127.0.0.1 /Public/images/Article2017-04-23/size_58fcbb033764d.jpeg
INFO: [ app_init ] --START--
INFO: Run Behavior\BuildLiteBehavior [ RunTime:0.000009s ]
INFO: [ app_init ] --END-- [ RunTime:0.000060s ]
ERR: 无法加载模块:Public

[ 2017-04-25T14:00:28+08:00 ] 127.0.0.1 /Public/images/Article2017-04-20/size_58f844928beea.jpeg
INFO: [ app_init ] --START--
INFO: Run Behavior\BuildLiteBehavior [ RunTime:0.000008s ]
INFO: [ app_init ] --END-- [ RunTime:0.000056s ]
ERR: 无法加载模块:Public

[ 2017-04-25T14:00:28+08:00 ] 127.0.0.1 /Public/images/Article2017-04-23/size_58fcbb033764d.jpeg
INFO: [ app_init ] --START--
INFO: Run Behavior\BuildLiteBehavior [ RunTime:0.000011s ]
INFO: [ app_init ] --END-- [ RunTime:0.000074s ]
ERR: 无法加载模块:Public

[ 2017-04-25T14:00:28+08:00 ] 127.0.0.1 /Public/images/Article2017-04-20/size_58f89b392d2ef.jpeg
INFO: [ app_init ] --START--
INFO: Run Behavior\BuildLiteBehavior [ RunTime:0.000011s ]
INFO: [ app_init ] --END-- [ RunTime:0.000071s ]
ERR: 无法加载模块:Public

[ 2017-04-25T14:01:27+08:00 ] 127.0.0.1 /Public/images/Article2017-04-20/size_58f844928beea.jpeg
INFO: [ app_init ] --START--
INFO: Run Behavior\BuildLiteBehavior [ RunTime:0.000019s ]
INFO: [ app_init ] --END-- [ RunTime:0.000069s ]
ERR: 无法加载模块:Public

[ 2017-04-25T14:01:27+08:00 ] 127.0.0.1 /Public/images/Article2017-04-20/size_58f89b392d2ef.jpeg
INFO: [ app_init ] --START--
INFO: Run Behavior\BuildLiteBehavior [ RunTime:0.000009s ]
INFO: [ app_init ] --END-- [ RunTime:0.000059s ]
ERR: 无法加载模块:Public

[ 2017-04-25T14:01:27+08:00 ] 127.0.0.1 /Public/images/Article2017-04-23/size_58fcbb033764d.jpeg
INFO: [ app_init ] --START--
INFO: Run Behavior\BuildLiteBehavior [ RunTime:0.000008s ]
INFO: [ app_init ] --END-- [ RunTime:0.000053s ]
ERR: 无法加载模块:Public

[ 2017-04-25T14:03:18+08:00 ] 127.0.0.1 /Public/images/Article2017-04-20/size_58f844928beea.jpeg
INFO: [ app_init ] --START--
INFO: Run Behavior\BuildLiteBehavior [ RunTime:0.000010s ]
INFO: [ app_init ] --END-- [ RunTime:0.000068s ]
ERR: 无法加载模块:Public

[ 2017-04-25T14:03:18+08:00 ] 127.0.0.1 /Public/images/Article2017-04-20/size_58f89b392d2ef.jpeg
INFO: [ app_init ] --START--
INFO: Run Behavior\BuildLiteBehavior [ RunTime:0.000010s ]
INFO: [ app_init ] --END-- [ RunTime:0.000064s ]
ERR: 无法加载模块:Public

[ 2017-04-25T14:03:18+08:00 ] 127.0.0.1 /Public/images/Article2017-04-23/size_58fcbb033764d.jpeg
INFO: [ app_init ] --START--
INFO: Run Behavior\BuildLiteBehavior [ RunTime:0.000008s ]
INFO: [ app_init ] --END-- [ RunTime:0.000060s ]
ERR: 无法加载模块:Public

[ 2017-04-25T14:05:12+08:00 ] 127.0.0.1 /Public/images/Article2017-04-20/size_58f89b392d2ef.jpeg
INFO: [ app_init ] --START--
INFO: Run Behavior\BuildLiteBehavior [ RunTime:0.000009s ]
INFO: [ app_init ] --END-- [ RunTime:0.000061s ]
ERR: 无法加载模块:Public

[ 2017-04-25T14:05:12+08:00 ] 127.0.0.1 /Public/images/Article2017-04-23/size_58fcbb033764d.jpeg
INFO: [ app_init ] --START--
INFO: Run Behavior\BuildLiteBehavior [ RunTime:0.000012s ]
INFO: [ app_init ] --END-- [ RunTime:0.000064s ]
ERR: 无法加载模块:Public

[ 2017-04-25T14:05:12+08:00 ] 127.0.0.1 /Public/images/Article2017-04-20/size_58f844928beea.jpeg
INFO: [ app_init ] --START--
INFO: Run Behavior\BuildLiteBehavior [ RunTime:0.000008s ]
INFO: [ app_init ] --END-- [ RunTime:0.000058s ]
ERR: 无法加载模块:Public

[ 2017-04-25T14:05:12+08:00 ] 127.0.0.1 /Public/images/Article2017-04-20/size_58f89b392d2ef.jpeg
INFO: [ app_init ] --START--
INFO: Run Behavior\BuildLiteBehavior [ RunTime:0.000009s ]
INFO: [ app_init ] --END-- [ RunTime:0.000058s ]
ERR: 无法加载模块:Public

[ 2017-04-25T14:05:12+08:00 ] 127.0.0.1 /Public/images/Article2017-04-20/size_58f844928beea.jpeg
INFO: [ app_init ] --START--
INFO: Run Behavior\BuildLiteBehavior [ RunTime:0.000007s ]
INFO: [ app_init ] --END-- [ RunTime:0.000047s ]
ERR: 无法加载模块:Public

[ 2017-04-25T14:05:12+08:00 ] 127.0.0.1 /Public/images/Article2017-04-23/size_58fcbb033764d.jpeg
INFO: [ app_init ] --START--
INFO: Run Behavior\BuildLiteBehavior [ RunTime:0.000008s ]
INFO: [ app_init ] --END-- [ RunTime:0.000057s ]
ERR: 无法加载模块:Public

[ 2017-04-25T14:06:32+08:00 ] 127.0.0.1 /Public/images/Article2017-04-20/size_58f844928beea.jpeg
INFO: [ app_init ] --START--
INFO: Run Behavior\BuildLiteBehavior [ RunTime:0.000009s ]
INFO: [ app_init ] --END-- [ RunTime:0.000058s ]
ERR: 无法加载模块:Public

[ 2017-04-25T14:06:32+08:00 ] 127.0.0.1 /Public/images/Article2017-04-20/size_58f89b392d2ef.jpeg
INFO: [ app_init ] --START--
INFO: Run Behavior\BuildLiteBehavior [ RunTime:0.000008s ]
INFO: [ app_init ] --END-- [ RunTime:0.000053s ]
ERR: 无法加载模块:Public

[ 2017-04-25T14:06:32+08:00 ] 127.0.0.1 /Public/images/Article2017-04-23/size_58fcbb033764d.jpeg
INFO: [ app_init ] --START--
INFO: Run Behavior\BuildLiteBehavior [ RunTime:0.000007s ]
INFO: [ app_init ] --END-- [ RunTime:0.000050s ]
ERR: 无法加载模块:Public

[ 2017-04-25T14:07:04+08:00 ] 127.0.0.1 /Public/images/Article2017-04-23/size_58fcbb033764d.jpeg
INFO: [ app_init ] --START--
INFO: Run Behavior\BuildLiteBehavior [ RunTime:0.000008s ]
INFO: [ app_init ] --END-- [ RunTime:0.000060s ]
ERR: 无法加载模块:Public

[ 2017-04-25T14:07:04+08:00 ] 127.0.0.1 /Public/images/Article2017-04-20/size_58f844928beea.jpeg
INFO: [ app_init ] --START--
INFO: Run Behavior\BuildLiteBehavior [ RunTime:0.000008s ]
INFO: [ app_init ] --END-- [ RunTime:0.000058s ]
ERR: 无法加载模块:Public

[ 2017-04-25T14:07:04+08:00 ] 127.0.0.1 /Public/images/Article2017-04-20/size_58f89b392d2ef.jpeg
INFO: [ app_init ] --START--
INFO: Run Behavior\BuildLiteBehavior [ RunTime:0.000007s ]
INFO: [ app_init ] --END-- [ RunTime:0.000046s ]
ERR: 无法加载模块:Public

[ 2017-04-25T14:07:04+08:00 ] 127.0.0.1 /Public/images/Article2017-04-23/size_58fcbb033764d.jpeg
INFO: [ app_init ] --START--
INFO: Run Behavior\BuildLiteBehavior [ RunTime:0.000010s ]
INFO: [ app_init ] --END-- [ RunTime:0.000060s ]
ERR: 无法加载模块:Public

[ 2017-04-25T14:07:04+08:00 ] 127.0.0.1 /Public/images/Article2017-04-20/size_58f89b392d2ef.jpeg
INFO: [ app_init ] --START--
INFO: Run Behavior\BuildLiteBehavior [ RunTime:0.000008s ]
INFO: [ app_init ] --END-- [ RunTime:0.000050s ]
ERR: 无法加载模块:Public

[ 2017-04-25T14:07:04+08:00 ] 127.0.0.1 /Public/images/Article2017-04-20/size_58f844928beea.jpeg
INFO: [ app_init ] --START--
INFO: Run Behavior\BuildLiteBehavior [ RunTime:0.000007s ]
INFO: [ app_init ] --END-- [ RunTime:0.000054s ]
ERR: 无法加载模块:Public

