[ 2017-04-24T09:06:36+08:00 ] 127.0.0.1 /favicon.ico
INFO: [ app_init ] --START--
INFO: Run Behavior\BuildLiteBehavior [ RunTime:0.000010s ]
INFO: [ app_init ] --END-- [ RunTime:0.000058s ]
ERR: 无法加载模块:Favicon

[ 2017-04-24T13:47:49+08:00 ] 127.0.0.1 /Public/images/Article2017-04-20/size_58f844928beea.jpeg
INFO: [ app_init ] --START--
INFO: Run Behavior\BuildLiteBehavior [ RunTime:0.000007s ]
INFO: [ app_init ] --END-- [ RunTime:0.000045s ]
ERR: 无法加载模块:Public

[ 2017-04-24T13:47:49+08:00 ] 127.0.0.1 /Public/images/Article2017-04-23/size_58fcbb033764d.jpeg
INFO: [ app_init ] --START--
INFO: Run Behavior\BuildLiteBehavior [ RunTime:0.000009s ]
INFO: [ app_init ] --END-- [ RunTime:0.000058s ]
ERR: 无法加载模块:Public

[ 2017-04-24T13:47:49+08:00 ] 127.0.0.1 /Public/images/Article2017-04-20/size_58f89b392d2ef.jpeg
INFO: [ app_init ] --START--
INFO: Run Behavior\BuildLiteBehavior [ RunTime:0.000008s ]
INFO: [ app_init ] --END-- [ RunTime:0.000058s ]
ERR: 无法加载模块:Public

[ 2017-04-24T13:48:01+08:00 ] 127.0.0.1 /Public/images/Article2017-04-20/size_58f844928beea.jpeg
INFO: [ app_init ] --START--
INFO: Run Behavior\BuildLiteBehavior [ RunTime:0.000009s ]
INFO: [ app_init ] --END-- [ RunTime:0.000056s ]
ERR: 无法加载模块:Public

[ 2017-04-24T13:48:01+08:00 ] 127.0.0.1 /Public/images/Article2017-04-20/size_58f89b392d2ef.jpeg
INFO: [ app_init ] --START--
INFO: Run Behavior\BuildLiteBehavior [ RunTime:0.000014s ]
INFO: [ app_init ] --END-- [ RunTime:0.000104s ]
ERR: 无法加载模块:Public

[ 2017-04-24T13:48:01+08:00 ] 127.0.0.1 /Public/images/Article2017-04-23/size_58fcbb033764d.jpeg
INFO: [ app_init ] --START--
INFO: Run Behavior\BuildLiteBehavior [ RunTime:0.000012s ]
INFO: [ app_init ] --END-- [ RunTime:0.000063s ]
ERR: 无法加载模块:Public

[ 2017-04-24T13:48:14+08:00 ] 127.0.0.1 /Public/images/Article2017-04-23/size_58fcbb033764d.jpeg
INFO: [ app_init ] --START--
INFO: Run Behavior\BuildLiteBehavior [ RunTime:0.000008s ]
INFO: [ app_init ] --END-- [ RunTime:0.000057s ]
ERR: 无法加载模块:Public

[ 2017-04-24T13:48:14+08:00 ] 127.0.0.1 /Public/images/Article2017-04-20/size_58f89b392d2ef.jpeg
INFO: [ app_init ] --START--
INFO: Run Behavior\BuildLiteBehavior [ RunTime:0.000016s ]
INFO: [ app_init ] --END-- [ RunTime:0.000114s ]
ERR: 无法加载模块:Public

[ 2017-04-24T13:48:14+08:00 ] 127.0.0.1 /Public/images/Article2017-04-20/size_58f844928beea.jpeg
INFO: [ app_init ] --START--
INFO: Run Behavior\BuildLiteBehavior [ RunTime:0.000019s ]
INFO: [ app_init ] --END-- [ RunTime:0.000068s ]
ERR: 无法加载模块:Public

[ 2017-04-24T13:49:26+08:00 ] 127.0.0.1 /Public/images/Article2017-04-20/size_58f89b392d2ef.jpeg
INFO: [ app_init ] --START--
INFO: Run Behavior\BuildLiteBehavior [ RunTime:0.000011s ]
INFO: [ app_init ] --END-- [ RunTime:0.000077s ]
ERR: 无法加载模块:Public

[ 2017-04-24T13:49:26+08:00 ] 127.0.0.1 /Public/images/Article2017-04-23/size_58fcbb033764d.jpeg
INFO: [ app_init ] --START--
INFO: Run Behavior\BuildLiteBehavior [ RunTime:0.000009s ]
INFO: [ app_init ] --END-- [ RunTime:0.000058s ]
ERR: 无法加载模块:Public

[ 2017-04-24T13:49:26+08:00 ] 127.0.0.1 /Public/images/Article2017-04-20/size_58f844928beea.jpeg
INFO: [ app_init ] --START--
INFO: Run Behavior\BuildLiteBehavior [ RunTime:0.000008s ]
INFO: [ app_init ] --END-- [ RunTime:0.000057s ]
ERR: 无法加载模块:Public

[ 2017-04-24T13:49:43+08:00 ] 127.0.0.1 /Public/images/Article2017-04-20/size_58f844928beea.jpeg
INFO: [ app_init ] --START--
INFO: Run Behavior\BuildLiteBehavior [ RunTime:0.000010s ]
INFO: [ app_init ] --END-- [ RunTime:0.000061s ]
ERR: 无法加载模块:Public

[ 2017-04-24T13:49:43+08:00 ] 127.0.0.1 /Public/images/Article2017-04-20/size_58f89b392d2ef.jpeg
INFO: [ app_init ] --START--
INFO: Run Behavior\BuildLiteBehavior [ RunTime:0.000008s ]
INFO: [ app_init ] --END-- [ RunTime:0.000055s ]
ERR: 无法加载模块:Public

[ 2017-04-24T13:49:43+08:00 ] 127.0.0.1 /Public/images/Article2017-04-23/size_58fcbb033764d.jpeg
INFO: [ app_init ] --START--
INFO: Run Behavior\BuildLiteBehavior [ RunTime:0.000010s ]
INFO: [ app_init ] --END-- [ RunTime:0.000061s ]
ERR: 无法加载模块:Public

[ 2017-04-24T13:49:46+08:00 ] 127.0.0.1 /Public/images/Article2017-04-20/size_58f844928beea.jpeg
INFO: [ app_init ] --START--
INFO: Run Behavior\BuildLiteBehavior [ RunTime:0.000009s ]
INFO: [ app_init ] --END-- [ RunTime:0.000056s ]
ERR: 无法加载模块:Public

[ 2017-04-24T13:49:46+08:00 ] 127.0.0.1 /Public/images/Article2017-04-20/size_58f89b392d2ef.jpeg
INFO: [ app_init ] --START--
INFO: Run Behavior\BuildLiteBehavior [ RunTime:0.000007s ]
INFO: [ app_init ] --END-- [ RunTime:0.000051s ]
ERR: 无法加载模块:Public

[ 2017-04-24T13:49:46+08:00 ] 127.0.0.1 /Public/images/Article2017-04-23/size_58fcbb033764d.jpeg
INFO: [ app_init ] --START--
INFO: Run Behavior\BuildLiteBehavior [ RunTime:0.000007s ]
INFO: [ app_init ] --END-- [ RunTime:0.000049s ]
ERR: 无法加载模块:Public

[ 2017-04-24T13:49:46+08:00 ] 127.0.0.1 /Public/images/Article2017-04-20/size_58f844928beea.jpeg
INFO: [ app_init ] --START--
INFO: Run Behavior\BuildLiteBehavior [ RunTime:0.000009s ]
INFO: [ app_init ] --END-- [ RunTime:0.000059s ]
ERR: 无法加载模块:Public

[ 2017-04-24T13:49:46+08:00 ] 127.0.0.1 /Public/images/Article2017-04-20/size_58f89b392d2ef.jpeg
INFO: [ app_init ] --START--
INFO: Run Behavior\BuildLiteBehavior [ RunTime:0.000008s ]
INFO: [ app_init ] --END-- [ RunTime:0.000058s ]
ERR: 无法加载模块:Public

[ 2017-04-24T13:49:46+08:00 ] 127.0.0.1 /Public/images/Article2017-04-23/size_58fcbb033764d.jpeg
INFO: [ app_init ] --START--
INFO: Run Behavior\BuildLiteBehavior [ RunTime:0.000028s ]
INFO: [ app_init ] --END-- [ RunTime:0.000204s ]
ERR: 无法加载模块:Public

[ 2017-04-24T13:49:47+08:00 ] 127.0.0.1 /Public/images/Article2017-04-20/size_58f844928beea.jpeg
INFO: [ app_init ] --START--
INFO: Run Behavior\BuildLiteBehavior [ RunTime:0.000008s ]
INFO: [ app_init ] --END-- [ RunTime:0.000056s ]
ERR: 无法加载模块:Public

[ 2017-04-24T13:49:47+08:00 ] 127.0.0.1 /Public/images/Article2017-04-20/size_58f89b392d2ef.jpeg
INFO: [ app_init ] --START--
INFO: Run Behavior\BuildLiteBehavior [ RunTime:0.000007s ]
INFO: [ app_init ] --END-- [ RunTime:0.000051s ]
ERR: 无法加载模块:Public

[ 2017-04-24T13:49:47+08:00 ] 127.0.0.1 /Public/images/Article2017-04-23/size_58fcbb033764d.jpeg
INFO: [ app_init ] --START--
INFO: Run Behavior\BuildLiteBehavior [ RunTime:0.000008s ]
INFO: [ app_init ] --END-- [ RunTime:0.000049s ]
ERR: 无法加载模块:Public

[ 2017-04-24T13:49:48+08:00 ] 127.0.0.1 /Public/images/Article2017-04-20/size_58f844928beea.jpeg
INFO: [ app_init ] --START--
INFO: Run Behavior\BuildLiteBehavior [ RunTime:0.000008s ]
INFO: [ app_init ] --END-- [ RunTime:0.000058s ]
ERR: 无法加载模块:Public

[ 2017-04-24T13:49:48+08:00 ] 127.0.0.1 /Public/images/Article2017-04-20/size_58f89b392d2ef.jpeg
INFO: [ app_init ] --START--
INFO: Run Behavior\BuildLiteBehavior [ RunTime:0.000009s ]
INFO: [ app_init ] --END-- [ RunTime:0.000058s ]
ERR: 无法加载模块:Public

[ 2017-04-24T13:49:48+08:00 ] 127.0.0.1 /Public/images/Article2017-04-23/size_58fcbb033764d.jpeg
INFO: [ app_init ] --START--
INFO: Run Behavior\BuildLiteBehavior [ RunTime:0.000015s ]
INFO: [ app_init ] --END-- [ RunTime:0.000102s ]
ERR: 无法加载模块:Public

[ 2017-04-24T13:49:49+08:00 ] 127.0.0.1 /Public/images/Article2017-04-20/size_58f844928beea.jpeg
INFO: [ app_init ] --START--
INFO: Run Behavior\BuildLiteBehavior [ RunTime:0.000015s ]
INFO: [ app_init ] --END-- [ RunTime:0.000065s ]
ERR: 无法加载模块:Public

[ 2017-04-24T13:49:49+08:00 ] 127.0.0.1 /Public/images/Article2017-04-20/size_58f89b392d2ef.jpeg
INFO: [ app_init ] --START--
INFO: Run Behavior\BuildLiteBehavior [ RunTime:0.000008s ]
INFO: [ app_init ] --END-- [ RunTime:0.000049s ]
ERR: 无法加载模块:Public

[ 2017-04-24T13:49:49+08:00 ] 127.0.0.1 /Public/images/Article2017-04-23/size_58fcbb033764d.jpeg
INFO: [ app_init ] --START--
INFO: Run Behavior\BuildLiteBehavior [ RunTime:0.000007s ]
INFO: [ app_init ] --END-- [ RunTime:0.000049s ]
ERR: 无法加载模块:Public

[ 2017-04-24T13:49:50+08:00 ] 127.0.0.1 /Public/images/Article2017-04-20/size_58f844928beea.jpeg
INFO: [ app_init ] --START--
INFO: Run Behavior\BuildLiteBehavior [ RunTime:0.000008s ]
INFO: [ app_init ] --END-- [ RunTime:0.000056s ]
ERR: 无法加载模块:Public

[ 2017-04-24T13:49:50+08:00 ] 127.0.0.1 /Public/images/Article2017-04-20/size_58f89b392d2ef.jpeg
INFO: [ app_init ] --START--
INFO: Run Behavior\BuildLiteBehavior [ RunTime:0.000008s ]
INFO: [ app_init ] --END-- [ RunTime:0.000059s ]
ERR: 无法加载模块:Public

[ 2017-04-24T13:49:50+08:00 ] 127.0.0.1 /Public/images/Article2017-04-23/size_58fcbb033764d.jpeg
INFO: [ app_init ] --START--
INFO: Run Behavior\BuildLiteBehavior [ RunTime:0.000008s ]
INFO: [ app_init ] --END-- [ RunTime:0.000056s ]
ERR: 无法加载模块:Public

[ 2017-04-24T13:49:54+08:00 ] 127.0.0.1 /Public/images/Article2017-04-20/size_58f844928beea.jpeg
INFO: [ app_init ] --START--
INFO: Run Behavior\BuildLiteBehavior [ RunTime:0.000008s ]
INFO: [ app_init ] --END-- [ RunTime:0.000058s ]
ERR: 无法加载模块:Public

[ 2017-04-24T13:49:54+08:00 ] 127.0.0.1 /Public/images/Article2017-04-23/size_58fcbb033764d.jpeg
INFO: [ app_init ] --START--
INFO: Run Behavior\BuildLiteBehavior [ RunTime:0.000008s ]
INFO: [ app_init ] --END-- [ RunTime:0.000063s ]
ERR: 无法加载模块:Public

[ 2017-04-24T13:49:54+08:00 ] 127.0.0.1 /Public/images/Article2017-04-20/size_58f89b392d2ef.jpeg
INFO: [ app_init ] --START--
INFO: Run Behavior\BuildLiteBehavior [ RunTime:0.000008s ]
INFO: [ app_init ] --END-- [ RunTime:0.000053s ]
ERR: 无法加载模块:Public

[ 2017-04-24T13:49:55+08:00 ] 127.0.0.1 /Public/images/Article2017-04-20/size_58f844928beea.jpeg
INFO: [ app_init ] --START--
INFO: Run Behavior\BuildLiteBehavior [ RunTime:0.000009s ]
INFO: [ app_init ] --END-- [ RunTime:0.000059s ]
ERR: 无法加载模块:Public

[ 2017-04-24T13:49:55+08:00 ] 127.0.0.1 /Public/images/Article2017-04-20/size_58f89b392d2ef.jpeg
INFO: [ app_init ] --START--
INFO: Run Behavior\BuildLiteBehavior [ RunTime:0.000008s ]
INFO: [ app_init ] --END-- [ RunTime:0.000052s ]
ERR: 无法加载模块:Public

[ 2017-04-24T13:49:55+08:00 ] 127.0.0.1 /Public/images/Article2017-04-23/size_58fcbb033764d.jpeg
INFO: [ app_init ] --START--
INFO: Run Behavior\BuildLiteBehavior [ RunTime:0.000008s ]
INFO: [ app_init ] --END-- [ RunTime:0.000049s ]
ERR: 无法加载模块:Public

[ 2017-04-24T13:49:55+08:00 ] 127.0.0.1 /Public/images/Article2017-04-20/size_58f844928beea.jpeg
INFO: [ app_init ] --START--
INFO: Run Behavior\BuildLiteBehavior [ RunTime:0.000010s ]
INFO: [ app_init ] --END-- [ RunTime:0.000066s ]
ERR: 无法加载模块:Public

[ 2017-04-24T13:49:55+08:00 ] 127.0.0.1 /Public/images/Article2017-04-20/size_58f89b392d2ef.jpeg
INFO: [ app_init ] --START--
INFO: Run Behavior\BuildLiteBehavior [ RunTime:0.000009s ]
INFO: [ app_init ] --END-- [ RunTime:0.000054s ]
ERR: 无法加载模块:Public

[ 2017-04-24T13:49:55+08:00 ] 127.0.0.1 /Public/images/Article2017-04-23/size_58fcbb033764d.jpeg
INFO: [ app_init ] --START--
INFO: Run Behavior\BuildLiteBehavior [ RunTime:0.000008s ]
INFO: [ app_init ] --END-- [ RunTime:0.000050s ]
ERR: 无法加载模块:Public

[ 2017-04-24T13:50:00+08:00 ] 127.0.0.1 /Public/images/Article2017-04-20/size_58f844928beea.jpeg
INFO: [ app_init ] --START--
INFO: Run Behavior\BuildLiteBehavior [ RunTime:0.000009s ]
INFO: [ app_init ] --END-- [ RunTime:0.000059s ]
ERR: 无法加载模块:Public

[ 2017-04-24T13:50:00+08:00 ] 127.0.0.1 /Public/images/Article2017-04-20/size_58f89b392d2ef.jpeg
INFO: [ app_init ] --START--
INFO: Run Behavior\BuildLiteBehavior [ RunTime:0.000010s ]
INFO: [ app_init ] --END-- [ RunTime:0.000057s ]
ERR: 无法加载模块:Public

[ 2017-04-24T13:50:00+08:00 ] 127.0.0.1 /Public/images/Article2017-04-23/size_58fcbb033764d.jpeg
INFO: [ app_init ] --START--
INFO: Run Behavior\BuildLiteBehavior [ RunTime:0.000008s ]
INFO: [ app_init ] --END-- [ RunTime:0.000056s ]
ERR: 无法加载模块:Public

[ 2017-04-24T13:50:11+08:00 ] 127.0.0.1 /Public/images/Article2017-04-23/size_58fcbb033764d.jpeg
INFO: [ app_init ] --START--
INFO: Run Behavior\BuildLiteBehavior [ RunTime:0.000009s ]
INFO: [ app_init ] --END-- [ RunTime:0.000063s ]
ERR: 无法加载模块:Public

[ 2017-04-24T13:50:11+08:00 ] 127.0.0.1 /Public/images/Article2017-04-20/size_58f89b392d2ef.jpeg
INFO: [ app_init ] --START--
INFO: Run Behavior\BuildLiteBehavior [ RunTime:0.000008s ]
INFO: [ app_init ] --END-- [ RunTime:0.000057s ]
ERR: 无法加载模块:Public

[ 2017-04-24T13:50:11+08:00 ] 127.0.0.1 /Public/images/Article2017-04-20/size_58f844928beea.jpeg
INFO: [ app_init ] --START--
INFO: Run Behavior\BuildLiteBehavior [ RunTime:0.000009s ]
INFO: [ app_init ] --END-- [ RunTime:0.000053s ]
ERR: 无法加载模块:Public

[ 2017-04-24T13:57:37+08:00 ] 127.0.0.1 /Public/images/Article2017-04-20/size_58f844928beea.jpeg
INFO: [ app_init ] --START--
INFO: Run Behavior\BuildLiteBehavior [ RunTime:0.000009s ]
INFO: [ app_init ] --END-- [ RunTime:0.000057s ]
ERR: 无法加载模块:Public

[ 2017-04-24T13:57:37+08:00 ] 127.0.0.1 /Public/images/Article2017-04-23/size_58fcbb033764d.jpeg
INFO: [ app_init ] --START--
INFO: Run Behavior\BuildLiteBehavior [ RunTime:0.000007s ]
INFO: [ app_init ] --END-- [ RunTime:0.000045s ]
ERR: 无法加载模块:Public

[ 2017-04-24T13:57:37+08:00 ] 127.0.0.1 /Public/images/Article2017-04-20/size_58f89b392d2ef.jpeg
INFO: [ app_init ] --START--
INFO: Run Behavior\BuildLiteBehavior [ RunTime:0.000009s ]
INFO: [ app_init ] --END-- [ RunTime:0.000056s ]
ERR: 无法加载模块:Public

[ 2017-04-24T13:58:02+08:00 ] 127.0.0.1 /Public/images/Article2017-04-20/size_58f844928beea.jpeg
INFO: [ app_init ] --START--
INFO: Run Behavior\BuildLiteBehavior [ RunTime:0.000009s ]
INFO: [ app_init ] --END-- [ RunTime:0.000059s ]
ERR: 无法加载模块:Public

[ 2017-04-24T13:58:02+08:00 ] 127.0.0.1 /Public/images/Article2017-04-23/size_58fcbb033764d.jpeg
INFO: [ app_init ] --START--
INFO: Run Behavior\BuildLiteBehavior [ RunTime:0.000014s ]
INFO: [ app_init ] --END-- [ RunTime:0.000106s ]
ERR: 无法加载模块:Public

[ 2017-04-24T13:58:02+08:00 ] 127.0.0.1 /Public/images/Article2017-04-20/size_58f89b392d2ef.jpeg
INFO: [ app_init ] --START--
INFO: Run Behavior\BuildLiteBehavior [ RunTime:0.000008s ]
INFO: [ app_init ] --END-- [ RunTime:0.000056s ]
ERR: 无法加载模块:Public

[ 2017-04-24T13:58:26+08:00 ] 127.0.0.1 /Public/images/Article2017-04-20/size_58f844928beea.jpeg
INFO: [ app_init ] --START--
INFO: Run Behavior\BuildLiteBehavior [ RunTime:0.000008s ]
INFO: [ app_init ] --END-- [ RunTime:0.000058s ]
ERR: 无法加载模块:Public

[ 2017-04-24T13:58:26+08:00 ] 127.0.0.1 /Public/images/Article2017-04-20/size_58f89b392d2ef.jpeg
INFO: [ app_init ] --START--
INFO: Run Behavior\BuildLiteBehavior [ RunTime:0.000008s ]
INFO: [ app_init ] --END-- [ RunTime:0.000051s ]
ERR: 无法加载模块:Public

[ 2017-04-24T13:58:26+08:00 ] 127.0.0.1 /Public/images/Article2017-04-23/size_58fcbb033764d.jpeg
INFO: [ app_init ] --START--
INFO: Run Behavior\BuildLiteBehavior [ RunTime:0.000008s ]
INFO: [ app_init ] --END-- [ RunTime:0.000059s ]
ERR: 无法加载模块:Public

[ 2017-04-24T14:00:35+08:00 ] 127.0.0.1 /Public/images/Article2017-04-20/size_58f89b392d2ef.jpeg
INFO: [ app_init ] --START--
INFO: Run Behavior\BuildLiteBehavior [ RunTime:0.000006s ]
INFO: [ app_init ] --END-- [ RunTime:0.000045s ]
ERR: 无法加载模块:Public

[ 2017-04-24T14:00:35+08:00 ] 127.0.0.1 /Public/images/Article2017-04-20/size_58f844928beea.jpeg
INFO: [ app_init ] --START--
INFO: Run Behavior\BuildLiteBehavior [ RunTime:0.000008s ]
INFO: [ app_init ] --END-- [ RunTime:0.000058s ]
ERR: 无法加载模块:Public

[ 2017-04-24T14:00:35+08:00 ] 127.0.0.1 /Public/images/Article2017-04-23/size_58fcbb033764d.jpeg
INFO: [ app_init ] --START--
INFO: Run Behavior\BuildLiteBehavior [ RunTime:0.000018s ]
INFO: [ app_init ] --END-- [ RunTime:0.000122s ]
ERR: 无法加载模块:Public

[ 2017-04-24T14:00:37+08:00 ] 127.0.0.1 /Public/images/Article2017-04-20/size_58f844928beea.jpeg
INFO: [ app_init ] --START--
INFO: Run Behavior\BuildLiteBehavior [ RunTime:0.000009s ]
INFO: [ app_init ] --END-- [ RunTime:0.000061s ]
ERR: 无法加载模块:Public

[ 2017-04-24T14:00:37+08:00 ] 127.0.0.1 /Public/images/Article2017-04-20/size_58f89b392d2ef.jpeg
INFO: [ app_init ] --START--
INFO: Run Behavior\BuildLiteBehavior [ RunTime:0.000008s ]
INFO: [ app_init ] --END-- [ RunTime:0.000056s ]
ERR: 无法加载模块:Public

[ 2017-04-24T14:00:37+08:00 ] 127.0.0.1 /Public/images/Article2017-04-23/size_58fcbb033764d.jpeg
INFO: [ app_init ] --START--
INFO: Run Behavior\BuildLiteBehavior [ RunTime:0.000008s ]
INFO: [ app_init ] --END-- [ RunTime:0.000056s ]
ERR: 无法加载模块:Public

[ 2017-04-24T14:00:38+08:00 ] 127.0.0.1 /Public/images/Article2017-04-20/size_58f844928beea.jpeg
INFO: [ app_init ] --START--
INFO: Run Behavior\BuildLiteBehavior [ RunTime:0.000008s ]
INFO: [ app_init ] --END-- [ RunTime:0.000058s ]
ERR: 无法加载模块:Public

[ 2017-04-24T14:00:38+08:00 ] 127.0.0.1 /Public/images/Article2017-04-20/size_58f89b392d2ef.jpeg
INFO: [ app_init ] --START--
INFO: Run Behavior\BuildLiteBehavior [ RunTime:0.000008s ]
INFO: [ app_init ] --END-- [ RunTime:0.000054s ]
ERR: 无法加载模块:Public

[ 2017-04-24T14:00:38+08:00 ] 127.0.0.1 /Public/images/Article2017-04-23/size_58fcbb033764d.jpeg
INFO: [ app_init ] --START--
INFO: Run Behavior\BuildLiteBehavior [ RunTime:0.000007s ]
INFO: [ app_init ] --END-- [ RunTime:0.000051s ]
ERR: 无法加载模块:Public

[ 2017-04-24T14:00:42+08:00 ] 127.0.0.1 /Public/images/Article2017-04-20/size_58f844928beea.jpeg
INFO: [ app_init ] --START--
INFO: Run Behavior\BuildLiteBehavior [ RunTime:0.000008s ]
INFO: [ app_init ] --END-- [ RunTime:0.000057s ]
ERR: 无法加载模块:Public

[ 2017-04-24T14:00:42+08:00 ] 127.0.0.1 /Public/images/Article2017-04-20/size_58f89b392d2ef.jpeg
INFO: [ app_init ] --START--
INFO: Run Behavior\BuildLiteBehavior [ RunTime:0.000008s ]
INFO: [ app_init ] --END-- [ RunTime:0.000054s ]
ERR: 无法加载模块:Public

[ 2017-04-24T14:00:42+08:00 ] 127.0.0.1 /Public/images/Article2017-04-23/size_58fcbb033764d.jpeg
INFO: [ app_init ] --START--
INFO: Run Behavior\BuildLiteBehavior [ RunTime:0.000007s ]
INFO: [ app_init ] --END-- [ RunTime:0.000051s ]
ERR: 无法加载模块:Public

[ 2017-04-24T14:00:43+08:00 ] 127.0.0.1 /Public/images/Article2017-04-20/size_58f844928beea.jpeg
INFO: [ app_init ] --START--
INFO: Run Behavior\BuildLiteBehavior [ RunTime:0.000009s ]
INFO: [ app_init ] --END-- [ RunTime:0.000057s ]
ERR: 无法加载模块:Public

[ 2017-04-24T14:00:43+08:00 ] 127.0.0.1 /Public/images/Article2017-04-20/size_58f89b392d2ef.jpeg
INFO: [ app_init ] --START--
INFO: Run Behavior\BuildLiteBehavior [ RunTime:0.000008s ]
INFO: [ app_init ] --END-- [ RunTime:0.000056s ]
ERR: 无法加载模块:Public

[ 2017-04-24T14:00:43+08:00 ] 127.0.0.1 /Public/images/Article2017-04-23/size_58fcbb033764d.jpeg
INFO: [ app_init ] --START--
INFO: Run Behavior\BuildLiteBehavior [ RunTime:0.000011s ]
INFO: [ app_init ] --END-- [ RunTime:0.000071s ]
ERR: 无法加载模块:Public

[ 2017-04-24T14:00:44+08:00 ] 127.0.0.1 /Public/images/Article2017-04-20/size_58f844928beea.jpeg
INFO: [ app_init ] --START--
INFO: Run Behavior\BuildLiteBehavior [ RunTime:0.000008s ]
INFO: [ app_init ] --END-- [ RunTime:0.000058s ]
ERR: 无法加载模块:Public

[ 2017-04-24T14:00:44+08:00 ] 127.0.0.1 /Public/images/Article2017-04-20/size_58f89b392d2ef.jpeg
INFO: [ app_init ] --START--
INFO: Run Behavior\BuildLiteBehavior [ RunTime:0.000009s ]
INFO: [ app_init ] --END-- [ RunTime:0.000055s ]
ERR: 无法加载模块:Public

[ 2017-04-24T14:00:44+08:00 ] 127.0.0.1 /Public/images/Article2017-04-23/size_58fcbb033764d.jpeg
INFO: [ app_init ] --START--
INFO: Run Behavior\BuildLiteBehavior [ RunTime:0.000008s ]
INFO: [ app_init ] --END-- [ RunTime:0.000054s ]
ERR: 无法加载模块:Public

[ 2017-04-24T14:00:45+08:00 ] 127.0.0.1 /Public/images/Article2017-04-20/size_58f844928beea.jpeg
INFO: [ app_init ] --START--
INFO: Run Behavior\BuildLiteBehavior [ RunTime:0.000009s ]
INFO: [ app_init ] --END-- [ RunTime:0.000056s ]
ERR: 无法加载模块:Public

[ 2017-04-24T14:00:45+08:00 ] 127.0.0.1 /Public/images/Article2017-04-20/size_58f89b392d2ef.jpeg
INFO: [ app_init ] --START--
INFO: Run Behavior\BuildLiteBehavior [ RunTime:0.000007s ]
INFO: [ app_init ] --END-- [ RunTime:0.000050s ]
ERR: 无法加载模块:Public

[ 2017-04-24T14:00:45+08:00 ] 127.0.0.1 /Public/images/Article2017-04-23/size_58fcbb033764d.jpeg
INFO: [ app_init ] --START--
INFO: Run Behavior\BuildLiteBehavior [ RunTime:0.000006s ]
INFO: [ app_init ] --END-- [ RunTime:0.000048s ]
ERR: 无法加载模块:Public

[ 2017-04-24T14:00:47+08:00 ] 127.0.0.1 /Public/images/Article2017-04-20/size_58f844928beea.jpeg
INFO: [ app_init ] --START--
INFO: Run Behavior\BuildLiteBehavior [ RunTime:0.000009s ]
INFO: [ app_init ] --END-- [ RunTime:0.000058s ]
ERR: 无法加载模块:Public

[ 2017-04-24T14:00:47+08:00 ] 127.0.0.1 /Public/images/Article2017-04-20/size_58f89b392d2ef.jpeg
INFO: [ app_init ] --START--
INFO: Run Behavior\BuildLiteBehavior [ RunTime:0.000008s ]
INFO: [ app_init ] --END-- [ RunTime:0.000054s ]
ERR: 无法加载模块:Public

[ 2017-04-24T14:00:47+08:00 ] 127.0.0.1 /Public/images/Article2017-04-23/size_58fcbb033764d.jpeg
INFO: [ app_init ] --START--
INFO: Run Behavior\BuildLiteBehavior [ RunTime:0.000008s ]
INFO: [ app_init ] --END-- [ RunTime:0.000054s ]
ERR: 无法加载模块:Public

[ 2017-04-24T14:02:40+08:00 ] 127.0.0.1 /Public/images/Article2017-04-23/size_58fcbb033764d.jpeg
INFO: [ app_init ] --START--
INFO: Run Behavior\BuildLiteBehavior [ RunTime:0.000009s ]
INFO: [ app_init ] --END-- [ RunTime:0.000057s ]
ERR: 无法加载模块:Public

[ 2017-04-24T14:02:40+08:00 ] 127.0.0.1 /Public/images/Article2017-04-20/size_58f89b392d2ef.jpeg
INFO: [ app_init ] --START--
INFO: Run Behavior\BuildLiteBehavior [ RunTime:0.000015s ]
INFO: [ app_init ] --END-- [ RunTime:0.000112s ]
ERR: 无法加载模块:Public

[ 2017-04-24T14:02:40+08:00 ] 127.0.0.1 /Public/images/Article2017-04-20/size_58f844928beea.jpeg
INFO: [ app_init ] --START--
INFO: Run Behavior\BuildLiteBehavior [ RunTime:0.000007s ]
INFO: [ app_init ] --END-- [ RunTime:0.000049s ]
ERR: 无法加载模块:Public

[ 2017-04-24T14:02:42+08:00 ] 127.0.0.1 /Public/images/Article2017-04-20/size_58f844928beea.jpeg
INFO: [ app_init ] --START--
INFO: Run Behavior\BuildLiteBehavior [ RunTime:0.000009s ]
INFO: [ app_init ] --END-- [ RunTime:0.000059s ]
ERR: 无法加载模块:Public

[ 2017-04-24T14:02:42+08:00 ] 127.0.0.1 /Public/images/Article2017-04-20/size_58f89b392d2ef.jpeg
INFO: [ app_init ] --START--
INFO: Run Behavior\BuildLiteBehavior [ RunTime:0.000008s ]
INFO: [ app_init ] --END-- [ RunTime:0.000054s ]
ERR: 无法加载模块:Public

[ 2017-04-24T14:02:42+08:00 ] 127.0.0.1 /Public/images/Article2017-04-23/size_58fcbb033764d.jpeg
INFO: [ app_init ] --START--
INFO: Run Behavior\BuildLiteBehavior [ RunTime:0.000007s ]
INFO: [ app_init ] --END-- [ RunTime:0.000047s ]
ERR: 无法加载模块:Public

