[ 2017-04-26T11:04:24+08:00 ] 127.0.0.1 /Public/images/Article2017-04-20/size_58f89b392d2ef.jpeg
INFO: [ app_init ] --START--
INFO: Run Behavior\BuildLiteBehavior [ RunTime:0.000017s ]
INFO: [ app_init ] --END-- [ RunTime:0.000114s ]
ERR: 无法加载模块:Public

[ 2017-04-26T11:04:24+08:00 ] 127.0.0.1 /Public/images/Article2017-04-20/size_58f844928beea.jpeg
INFO: [ app_init ] --START--
INFO: Run Behavior\BuildLiteBehavior [ RunTime:0.000016s ]
INFO: [ app_init ] --END-- [ RunTime:0.000103s ]
ERR: 无法加载模块:Public

[ 2017-04-26T11:04:24+08:00 ] 127.0.0.1 /Public/images/Article2017-04-23/size_58fcbb033764d.jpeg
INFO: [ app_init ] --START--
INFO: Run Behavior\BuildLiteBehavior [ RunTime:0.000018s ]
INFO: [ app_init ] --END-- [ RunTime:0.000104s ]
ERR: 无法加载模块:Public

[ 2017-04-26T11:05:34+08:00 ] 127.0.0.1 /favicon.ico
INFO: [ app_init ] --START--
INFO: Run Behavior\BuildLiteBehavior [ RunTime:0.000009s ]
INFO: [ app_init ] --END-- [ RunTime:0.000065s ]
ERR: 无法加载模块:Favicon

[ 2017-04-26T11:05:34+08:00 ] 127.0.0.1 /favicon.ico
INFO: [ app_init ] --START--
INFO: Run Behavior\BuildLiteBehavior [ RunTime:0.000015s ]
INFO: [ app_init ] --END-- [ RunTime:0.000105s ]
ERR: 无法加载模块:Favicon

[ 2017-04-26T11:05:54+08:00 ] 127.0.0.1 /Public/images/Article2017-04-20/size_58f89b392d2ef.jpeg
INFO: [ app_init ] --START--
INFO: Run Behavior\BuildLiteBehavior [ RunTime:0.000009s ]
INFO: [ app_init ] --END-- [ RunTime:0.000059s ]
ERR: 无法加载模块:Public

[ 2017-04-26T11:05:54+08:00 ] 127.0.0.1 /Public/images/Article2017-04-20/size_58f844928beea.jpeg
INFO: [ app_init ] --START--
INFO: Run Behavior\BuildLiteBehavior [ RunTime:0.000008s ]
INFO: [ app_init ] --END-- [ RunTime:0.000055s ]
ERR: 无法加载模块:Public

[ 2017-04-26T11:05:54+08:00 ] 127.0.0.1 /Public/images/Article2017-04-23/size_58fcbb033764d.jpeg
INFO: [ app_init ] --START--
INFO: Run Behavior\BuildLiteBehavior [ RunTime:0.000015s ]
INFO: [ app_init ] --END-- [ RunTime:0.000108s ]
ERR: 无法加载模块:Public

[ 2017-04-26T11:05:56+08:00 ] 127.0.0.1 /Public/images/Article2017-04-20/size_58f844928beea.jpeg
INFO: [ app_init ] --START--
INFO: Run Behavior\BuildLiteBehavior [ RunTime:0.000008s ]
INFO: [ app_init ] --END-- [ RunTime:0.000054s ]
ERR: 无法加载模块:Public

[ 2017-04-26T11:05:56+08:00 ] 127.0.0.1 /Public/images/Article2017-04-20/size_58f89b392d2ef.jpeg
INFO: [ app_init ] --START--
INFO: Run Behavior\BuildLiteBehavior [ RunTime:0.000010s ]
INFO: [ app_init ] --END-- [ RunTime:0.000062s ]
ERR: 无法加载模块:Public

[ 2017-04-26T11:05:56+08:00 ] 127.0.0.1 /Public/images/Article2017-04-23/size_58fcbb033764d.jpeg
INFO: [ app_init ] --START--
INFO: Run Behavior\BuildLiteBehavior [ RunTime:0.000009s ]
INFO: [ app_init ] --END-- [ RunTime:0.000056s ]
ERR: 无法加载模块:Public

[ 2017-04-26T11:05:58+08:00 ] 127.0.0.1 /Public/images/Article2017-04-20/size_58f844928beea.jpeg
INFO: [ app_init ] --START--
INFO: Run Behavior\BuildLiteBehavior [ RunTime:0.000008s ]
INFO: [ app_init ] --END-- [ RunTime:0.000060s ]
ERR: 无法加载模块:Public

[ 2017-04-26T11:05:58+08:00 ] 127.0.0.1 /Public/images/Article2017-04-20/size_58f89b392d2ef.jpeg
INFO: [ app_init ] --START--
INFO: Run Behavior\BuildLiteBehavior [ RunTime:0.000008s ]
INFO: [ app_init ] --END-- [ RunTime:0.000055s ]
ERR: 无法加载模块:Public

[ 2017-04-26T11:05:58+08:00 ] 127.0.0.1 /Public/images/Article2017-04-23/size_58fcbb033764d.jpeg
INFO: [ app_init ] --START--
INFO: Run Behavior\BuildLiteBehavior [ RunTime:0.000008s ]
INFO: [ app_init ] --END-- [ RunTime:0.000056s ]
ERR: 无法加载模块:Public

[ 2017-04-26T11:09:09+08:00 ] 127.0.0.1 /Public/images/Article2017-04-20/size_58f844928beea.jpeg
INFO: [ app_init ] --START--
INFO: Run Behavior\BuildLiteBehavior [ RunTime:0.000009s ]
INFO: [ app_init ] --END-- [ RunTime:0.000062s ]
ERR: 无法加载模块:Public

[ 2017-04-26T11:09:09+08:00 ] 127.0.0.1 /Public/images/Article2017-04-20/size_58f89b392d2ef.jpeg
INFO: [ app_init ] --START--
INFO: Run Behavior\BuildLiteBehavior [ RunTime:0.000008s ]
INFO: [ app_init ] --END-- [ RunTime:0.000053s ]
ERR: 无法加载模块:Public

[ 2017-04-26T11:09:09+08:00 ] 127.0.0.1 /Public/images/Article2017-04-23/size_58fcbb033764d.jpeg
INFO: [ app_init ] --START--
INFO: Run Behavior\BuildLiteBehavior [ RunTime:0.000009s ]
INFO: [ app_init ] --END-- [ RunTime:0.000058s ]
ERR: 无法加载模块:Public

[ 2017-04-26T11:10:15+08:00 ] 127.0.0.1 /Public/images/Article2017-04-20/size_58f844928beea.jpeg
INFO: [ app_init ] --START--
INFO: Run Behavior\BuildLiteBehavior [ RunTime:0.000008s ]
INFO: [ app_init ] --END-- [ RunTime:0.000057s ]
ERR: 无法加载模块:Public

[ 2017-04-26T11:10:15+08:00 ] 127.0.0.1 /Public/images/Article2017-04-20/size_58f89b392d2ef.jpeg
INFO: [ app_init ] --START--
INFO: Run Behavior\BuildLiteBehavior [ RunTime:0.000008s ]
INFO: [ app_init ] --END-- [ RunTime:0.000056s ]
ERR: 无法加载模块:Public

[ 2017-04-26T11:10:15+08:00 ] 127.0.0.1 /Public/images/Article2017-04-23/size_58fcbb033764d.jpeg
INFO: [ app_init ] --START--
INFO: Run Behavior\BuildLiteBehavior [ RunTime:0.000008s ]
INFO: [ app_init ] --END-- [ RunTime:0.000053s ]
ERR: 无法加载模块:Public

[ 2017-04-26T11:10:54+08:00 ] 127.0.0.1 /Public/images/Article2017-04-20/size_58f844928beea.jpeg
INFO: [ app_init ] --START--
INFO: Run Behavior\BuildLiteBehavior [ RunTime:0.000008s ]
INFO: [ app_init ] --END-- [ RunTime:0.000055s ]
ERR: 无法加载模块:Public

[ 2017-04-26T11:10:54+08:00 ] 127.0.0.1 /Public/images/Article2017-04-20/size_58f89b392d2ef.jpeg
INFO: [ app_init ] --START--
INFO: Run Behavior\BuildLiteBehavior [ RunTime:0.000007s ]
INFO: [ app_init ] --END-- [ RunTime:0.000053s ]
ERR: 无法加载模块:Public

[ 2017-04-26T11:10:54+08:00 ] 127.0.0.1 /Public/images/Article2017-04-23/size_58fcbb033764d.jpeg
INFO: [ app_init ] --START--
INFO: Run Behavior\BuildLiteBehavior [ RunTime:0.000008s ]
INFO: [ app_init ] --END-- [ RunTime:0.000057s ]
ERR: 无法加载模块:Public

[ 2017-04-26T11:13:52+08:00 ] 127.0.0.1 /Public/images/Article2017-04-20/size_58f844928beea.jpeg
INFO: [ app_init ] --START--
INFO: Run Behavior\BuildLiteBehavior [ RunTime:0.000009s ]
INFO: [ app_init ] --END-- [ RunTime:0.000059s ]
ERR: 无法加载模块:Public

[ 2017-04-26T11:13:52+08:00 ] 127.0.0.1 /Public/images/Article2017-04-20/size_58f89b392d2ef.jpeg
INFO: [ app_init ] --START--
INFO: Run Behavior\BuildLiteBehavior [ RunTime:0.000007s ]
INFO: [ app_init ] --END-- [ RunTime:0.000054s ]
ERR: 无法加载模块:Public

[ 2017-04-26T11:13:52+08:00 ] 127.0.0.1 /Public/images/Article2017-04-23/size_58fcbb033764d.jpeg
INFO: [ app_init ] --START--
INFO: Run Behavior\BuildLiteBehavior [ RunTime:0.000007s ]
INFO: [ app_init ] --END-- [ RunTime:0.000051s ]
ERR: 无法加载模块:Public

[ 2017-04-26T11:15:52+08:00 ] 127.0.0.1 /Public/images/Article2017-04-20/size_58f89b392d2ef.jpeg
INFO: [ app_init ] --START--
INFO: Run Behavior\BuildLiteBehavior [ RunTime:0.000008s ]
INFO: [ app_init ] --END-- [ RunTime:0.000059s ]
ERR: 无法加载模块:Public

[ 2017-04-26T11:15:52+08:00 ] 127.0.0.1 /Public/images/Article2017-04-23/size_58fcbb033764d.jpeg
INFO: [ app_init ] --START--
INFO: Run Behavior\BuildLiteBehavior [ RunTime:0.000007s ]
INFO: [ app_init ] --END-- [ RunTime:0.000045s ]
ERR: 无法加载模块:Public

[ 2017-04-26T11:15:52+08:00 ] 127.0.0.1 /Public/images/Article2017-04-20/size_58f844928beea.jpeg
INFO: [ app_init ] --START--
INFO: Run Behavior\BuildLiteBehavior [ RunTime:0.000008s ]
INFO: [ app_init ] --END-- [ RunTime:0.000056s ]
ERR: 无法加载模块:Public

[ 2017-04-26T11:15:53+08:00 ] 127.0.0.1 /Public/images/Article2017-04-20/size_58f844928beea.jpeg
INFO: [ app_init ] --START--
INFO: Run Behavior\BuildLiteBehavior [ RunTime:0.000009s ]
INFO: [ app_init ] --END-- [ RunTime:0.000057s ]
ERR: 无法加载模块:Public

[ 2017-04-26T11:15:53+08:00 ] 127.0.0.1 /Public/images/Article2017-04-20/size_58f89b392d2ef.jpeg
INFO: [ app_init ] --START--
INFO: Run Behavior\BuildLiteBehavior [ RunTime:0.000007s ]
INFO: [ app_init ] --END-- [ RunTime:0.000053s ]
ERR: 无法加载模块:Public

[ 2017-04-26T11:15:53+08:00 ] 127.0.0.1 /Public/images/Article2017-04-23/size_58fcbb033764d.jpeg
INFO: [ app_init ] --START--
INFO: Run Behavior\BuildLiteBehavior [ RunTime:0.000008s ]
INFO: [ app_init ] --END-- [ RunTime:0.000057s ]
ERR: 无法加载模块:Public

[ 2017-04-26T11:15:55+08:00 ] 127.0.0.1 /Public/images/Article2017-04-20/size_58f844928beea.jpeg
INFO: [ app_init ] --START--
INFO: Run Behavior\BuildLiteBehavior [ RunTime:0.000008s ]
INFO: [ app_init ] --END-- [ RunTime:0.000057s ]
ERR: 无法加载模块:Public

[ 2017-04-26T11:15:55+08:00 ] 127.0.0.1 /Public/images/Article2017-04-20/size_58f89b392d2ef.jpeg
INFO: [ app_init ] --START--
INFO: Run Behavior\BuildLiteBehavior [ RunTime:0.000008s ]
INFO: [ app_init ] --END-- [ RunTime:0.000053s ]
ERR: 无法加载模块:Public

[ 2017-04-26T11:15:55+08:00 ] 127.0.0.1 /Public/images/Article2017-04-23/size_58fcbb033764d.jpeg
INFO: [ app_init ] --START--
INFO: Run Behavior\BuildLiteBehavior [ RunTime:0.000010s ]
INFO: [ app_init ] --END-- [ RunTime:0.000065s ]
ERR: 无法加载模块:Public

[ 2017-04-26T11:16:55+08:00 ] 127.0.0.1 /Public/images/Article2017-04-20/size_58f844928beea.jpeg
INFO: [ app_init ] --START--
INFO: Run Behavior\BuildLiteBehavior [ RunTime:0.000009s ]
INFO: [ app_init ] --END-- [ RunTime:0.000058s ]
ERR: 无法加载模块:Public

[ 2017-04-26T11:16:55+08:00 ] 127.0.0.1 /Public/images/Article2017-04-23/size_58fcbb033764d.jpeg
INFO: [ app_init ] --START--
INFO: Run Behavior\BuildLiteBehavior [ RunTime:0.000007s ]
INFO: [ app_init ] --END-- [ RunTime:0.000051s ]
ERR: 无法加载模块:Public

[ 2017-04-26T11:16:55+08:00 ] 127.0.0.1 /Public/images/Article2017-04-20/size_58f89b392d2ef.jpeg
INFO: [ app_init ] --START--
INFO: Run Behavior\BuildLiteBehavior [ RunTime:0.000007s ]
INFO: [ app_init ] --END-- [ RunTime:0.000050s ]
ERR: 无法加载模块:Public

[ 2017-04-26T11:17:00+08:00 ] 127.0.0.1 /Public/images/Article2017-04-20/size_58f844928beea.jpeg
INFO: [ app_init ] --START--
INFO: Run Behavior\BuildLiteBehavior [ RunTime:0.000008s ]
INFO: [ app_init ] --END-- [ RunTime:0.000067s ]
ERR: 无法加载模块:Public

[ 2017-04-26T11:17:00+08:00 ] 127.0.0.1 /Public/images/Article2017-04-20/size_58f89b392d2ef.jpeg
INFO: [ app_init ] --START--
INFO: Run Behavior\BuildLiteBehavior [ RunTime:0.000008s ]
INFO: [ app_init ] --END-- [ RunTime:0.000055s ]
ERR: 无法加载模块:Public

[ 2017-04-26T11:17:00+08:00 ] 127.0.0.1 /Public/images/Article2017-04-23/size_58fcbb033764d.jpeg
INFO: [ app_init ] --START--
INFO: Run Behavior\BuildLiteBehavior [ RunTime:0.000008s ]
INFO: [ app_init ] --END-- [ RunTime:0.000055s ]
ERR: 无法加载模块:Public

[ 2017-04-26T11:19:39+08:00 ] 127.0.0.1 /Public/images/Article2017-04-20/size_58f844928beea.jpeg
INFO: [ app_init ] --START--
INFO: Run Behavior\BuildLiteBehavior [ RunTime:0.000009s ]
INFO: [ app_init ] --END-- [ RunTime:0.000060s ]
ERR: 无法加载模块:Public

[ 2017-04-26T11:19:39+08:00 ] 127.0.0.1 /Public/images/Article2017-04-20/size_58f89b392d2ef.jpeg
INFO: [ app_init ] --START--
INFO: Run Behavior\BuildLiteBehavior [ RunTime:0.000007s ]
INFO: [ app_init ] --END-- [ RunTime:0.000046s ]
ERR: 无法加载模块:Public

[ 2017-04-26T11:19:39+08:00 ] 127.0.0.1 /Public/images/Article2017-04-23/size_58fcbb033764d.jpeg
INFO: [ app_init ] --START--
INFO: Run Behavior\BuildLiteBehavior [ RunTime:0.000007s ]
INFO: [ app_init ] --END-- [ RunTime:0.000052s ]
ERR: 无法加载模块:Public

[ 2017-04-26T11:21:23+08:00 ] 127.0.0.1 /Public/images/Article2017-04-20/size_58f844928beea.jpeg
INFO: [ app_init ] --START--
INFO: Run Behavior\BuildLiteBehavior [ RunTime:0.000009s ]
INFO: [ app_init ] --END-- [ RunTime:0.000059s ]
ERR: 无法加载模块:Public

[ 2017-04-26T11:21:23+08:00 ] 127.0.0.1 /Public/images/Article2017-04-20/size_58f89b392d2ef.jpeg
INFO: [ app_init ] --START--
INFO: Run Behavior\BuildLiteBehavior [ RunTime:0.000008s ]
INFO: [ app_init ] --END-- [ RunTime:0.000056s ]
ERR: 无法加载模块:Public

[ 2017-04-26T11:21:23+08:00 ] 127.0.0.1 /Public/images/Article2017-04-23/size_58fcbb033764d.jpeg
INFO: [ app_init ] --START--
INFO: Run Behavior\BuildLiteBehavior [ RunTime:0.000007s ]
INFO: [ app_init ] --END-- [ RunTime:0.000053s ]
ERR: 无法加载模块:Public

[ 2017-04-26T11:21:23+08:00 ] 127.0.0.1 /Public/images/Article2017-04-20/size_58f844928beea.jpeg
INFO: [ app_init ] --START--
INFO: Run Behavior\BuildLiteBehavior [ RunTime:0.000009s ]
INFO: [ app_init ] --END-- [ RunTime:0.000057s ]
ERR: 无法加载模块:Public

[ 2017-04-26T11:21:24+08:00 ] 127.0.0.1 /Public/images/Article2017-04-20/size_58f89b392d2ef.jpeg
INFO: [ app_init ] --START--
INFO: Run Behavior\BuildLiteBehavior [ RunTime:0.000007s ]
INFO: [ app_init ] --END-- [ RunTime:0.000050s ]
ERR: 无法加载模块:Public

[ 2017-04-26T11:21:24+08:00 ] 127.0.0.1 /Public/images/Article2017-04-23/size_58fcbb033764d.jpeg
INFO: [ app_init ] --START--
INFO: Run Behavior\BuildLiteBehavior [ RunTime:0.000007s ]
INFO: [ app_init ] --END-- [ RunTime:0.000052s ]
ERR: 无法加载模块:Public

[ 2017-04-26T11:21:25+08:00 ] 127.0.0.1 /Public/images/Article2017-04-20/size_58f844928beea.jpeg
INFO: [ app_init ] --START--
INFO: Run Behavior\BuildLiteBehavior [ RunTime:0.000008s ]
INFO: [ app_init ] --END-- [ RunTime:0.000058s ]
ERR: 无法加载模块:Public

[ 2017-04-26T11:21:25+08:00 ] 127.0.0.1 /Public/images/Article2017-04-20/size_58f89b392d2ef.jpeg
INFO: [ app_init ] --START--
INFO: Run Behavior\BuildLiteBehavior [ RunTime:0.000008s ]
INFO: [ app_init ] --END-- [ RunTime:0.000053s ]
ERR: 无法加载模块:Public

[ 2017-04-26T11:21:25+08:00 ] 127.0.0.1 /Public/images/Article2017-04-23/size_58fcbb033764d.jpeg
INFO: [ app_init ] --START--
INFO: Run Behavior\BuildLiteBehavior [ RunTime:0.000007s ]
INFO: [ app_init ] --END-- [ RunTime:0.000050s ]
ERR: 无法加载模块:Public

[ 2017-04-26T11:21:26+08:00 ] 127.0.0.1 /Public/images/Article2017-04-20/size_58f844928beea.jpeg
INFO: [ app_init ] --START--
INFO: Run Behavior\BuildLiteBehavior [ RunTime:0.000008s ]
INFO: [ app_init ] --END-- [ RunTime:0.000054s ]
ERR: 无法加载模块:Public

[ 2017-04-26T11:21:26+08:00 ] 127.0.0.1 /Public/images/Article2017-04-20/size_58f89b392d2ef.jpeg
INFO: [ app_init ] --START--
INFO: Run Behavior\BuildLiteBehavior [ RunTime:0.000007s ]
INFO: [ app_init ] --END-- [ RunTime:0.000051s ]
ERR: 无法加载模块:Public

[ 2017-04-26T11:21:26+08:00 ] 127.0.0.1 /Public/images/Article2017-04-23/size_58fcbb033764d.jpeg
INFO: [ app_init ] --START--
INFO: Run Behavior\BuildLiteBehavior [ RunTime:0.000008s ]
INFO: [ app_init ] --END-- [ RunTime:0.000050s ]
ERR: 无法加载模块:Public

[ 2017-04-26T11:22:22+08:00 ] 127.0.0.1 /Public/images/Article2017-04-20/size_58f844928beea.jpeg
INFO: [ app_init ] --START--
INFO: Run Behavior\BuildLiteBehavior [ RunTime:0.000009s ]
INFO: [ app_init ] --END-- [ RunTime:0.000059s ]
ERR: 无法加载模块:Public

[ 2017-04-26T11:22:22+08:00 ] 127.0.0.1 /Public/images/Article2017-04-23/size_58fcbb033764d.jpeg
INFO: [ app_init ] --START--
INFO: Run Behavior\BuildLiteBehavior [ RunTime:0.000008s ]
INFO: [ app_init ] --END-- [ RunTime:0.000068s ]
ERR: 无法加载模块:Public

[ 2017-04-26T11:22:22+08:00 ] 127.0.0.1 /Public/images/Article2017-04-20/size_58f89b392d2ef.jpeg
INFO: [ app_init ] --START--
INFO: Run Behavior\BuildLiteBehavior [ RunTime:0.000007s ]
INFO: [ app_init ] --END-- [ RunTime:0.000052s ]
ERR: 无法加载模块:Public

[ 2017-04-26T11:23:29+08:00 ] 127.0.0.1 /Public/images/Article2017-04-20/size_58f844928beea.jpeg
INFO: [ app_init ] --START--
INFO: Run Behavior\BuildLiteBehavior [ RunTime:0.000009s ]
INFO: [ app_init ] --END-- [ RunTime:0.000064s ]
ERR: 无法加载模块:Public

[ 2017-04-26T11:23:29+08:00 ] 127.0.0.1 /Public/images/Article2017-04-23/size_58fcbb033764d.jpeg
INFO: [ app_init ] --START--
INFO: Run Behavior\BuildLiteBehavior [ RunTime:0.000008s ]
INFO: [ app_init ] --END-- [ RunTime:0.000054s ]
ERR: 无法加载模块:Public

[ 2017-04-26T11:23:29+08:00 ] 127.0.0.1 /Public/images/Article2017-04-20/size_58f89b392d2ef.jpeg
INFO: [ app_init ] --START--
INFO: Run Behavior\BuildLiteBehavior [ RunTime:0.000009s ]
INFO: [ app_init ] --END-- [ RunTime:0.000056s ]
ERR: 无法加载模块:Public

[ 2017-04-26T11:24:56+08:00 ] 127.0.0.1 /Public/images/Article2017-04-20/size_58f844928beea.jpeg
INFO: [ app_init ] --START--
INFO: Run Behavior\BuildLiteBehavior [ RunTime:0.000009s ]
INFO: [ app_init ] --END-- [ RunTime:0.000061s ]
ERR: 无法加载模块:Public

[ 2017-04-26T11:24:56+08:00 ] 127.0.0.1 /Public/images/Article2017-04-23/size_58fcbb033764d.jpeg
INFO: [ app_init ] --START--
INFO: Run Behavior\BuildLiteBehavior [ RunTime:0.000009s ]
INFO: [ app_init ] --END-- [ RunTime:0.000056s ]
ERR: 无法加载模块:Public

[ 2017-04-26T11:24:56+08:00 ] 127.0.0.1 /Public/images/Article2017-04-20/size_58f89b392d2ef.jpeg
INFO: [ app_init ] --START--
INFO: Run Behavior\BuildLiteBehavior [ RunTime:0.000008s ]
INFO: [ app_init ] --END-- [ RunTime:0.000055s ]
ERR: 无法加载模块:Public

[ 2017-04-26T11:25:33+08:00 ] 127.0.0.1 /Public/images/Article2017-04-20/size_58f844928beea.jpeg
INFO: [ app_init ] --START--
INFO: Run Behavior\BuildLiteBehavior [ RunTime:0.000009s ]
INFO: [ app_init ] --END-- [ RunTime:0.000058s ]
ERR: 无法加载模块:Public

[ 2017-04-26T11:25:33+08:00 ] 127.0.0.1 /Public/images/Article2017-04-23/size_58fcbb033764d.jpeg
INFO: [ app_init ] --START--
INFO: Run Behavior\BuildLiteBehavior [ RunTime:0.000010s ]
INFO: [ app_init ] --END-- [ RunTime:0.000068s ]
ERR: 无法加载模块:Public

[ 2017-04-26T11:25:33+08:00 ] 127.0.0.1 /Public/images/Article2017-04-20/size_58f89b392d2ef.jpeg
INFO: [ app_init ] --START--
INFO: Run Behavior\BuildLiteBehavior [ RunTime:0.000012s ]
INFO: [ app_init ] --END-- [ RunTime:0.000080s ]
ERR: 无法加载模块:Public

[ 2017-04-26T11:26:04+08:00 ] 127.0.0.1 /Public/images/Article2017-04-20/size_58f844928beea.jpeg
INFO: [ app_init ] --START--
INFO: Run Behavior\BuildLiteBehavior [ RunTime:0.000009s ]
INFO: [ app_init ] --END-- [ RunTime:0.000057s ]
ERR: 无法加载模块:Public

[ 2017-04-26T11:26:04+08:00 ] 127.0.0.1 /Public/images/Article2017-04-23/size_58fcbb033764d.jpeg
INFO: [ app_init ] --START--
INFO: Run Behavior\BuildLiteBehavior [ RunTime:0.000008s ]
INFO: [ app_init ] --END-- [ RunTime:0.000052s ]
ERR: 无法加载模块:Public

[ 2017-04-26T11:26:04+08:00 ] 127.0.0.1 /Public/images/Article2017-04-20/size_58f89b392d2ef.jpeg
INFO: [ app_init ] --START--
INFO: Run Behavior\BuildLiteBehavior [ RunTime:0.000008s ]
INFO: [ app_init ] --END-- [ RunTime:0.000052s ]
ERR: 无法加载模块:Public

[ 2017-04-26T11:28:56+08:00 ] 127.0.0.1 /Public/images/Article2017-04-20/size_58f844928beea.jpeg
INFO: [ app_init ] --START--
INFO: Run Behavior\BuildLiteBehavior [ RunTime:0.000009s ]
INFO: [ app_init ] --END-- [ RunTime:0.000059s ]
ERR: 无法加载模块:Public

[ 2017-04-26T11:28:56+08:00 ] 127.0.0.1 /Public/images/Article2017-04-23/size_58fcbb033764d.jpeg
INFO: [ app_init ] --START--
INFO: Run Behavior\BuildLiteBehavior [ RunTime:0.000008s ]
INFO: [ app_init ] --END-- [ RunTime:0.000057s ]
ERR: 无法加载模块:Public

[ 2017-04-26T11:28:56+08:00 ] 127.0.0.1 /Public/images/Article2017-04-20/size_58f89b392d2ef.jpeg
INFO: [ app_init ] --START--
INFO: Run Behavior\BuildLiteBehavior [ RunTime:0.000007s ]
INFO: [ app_init ] --END-- [ RunTime:0.000049s ]
ERR: 无法加载模块:Public

[ 2017-04-26T11:29:51+08:00 ] 127.0.0.1 /Public/images/Article2017-04-20/size_58f844928beea.jpeg
INFO: [ app_init ] --START--
INFO: Run Behavior\BuildLiteBehavior [ RunTime:0.000009s ]
INFO: [ app_init ] --END-- [ RunTime:0.000060s ]
ERR: 无法加载模块:Public

[ 2017-04-26T11:29:51+08:00 ] 127.0.0.1 /Public/images/Article2017-04-23/size_58fcbb033764d.jpeg
INFO: [ app_init ] --START--
INFO: Run Behavior\BuildLiteBehavior [ RunTime:0.000008s ]
INFO: [ app_init ] --END-- [ RunTime:0.000056s ]
ERR: 无法加载模块:Public

[ 2017-04-26T11:29:51+08:00 ] 127.0.0.1 /Public/images/Article2017-04-20/size_58f89b392d2ef.jpeg
INFO: [ app_init ] --START--
INFO: Run Behavior\BuildLiteBehavior [ RunTime:0.000008s ]
INFO: [ app_init ] --END-- [ RunTime:0.000053s ]
ERR: 无法加载模块:Public

[ 2017-04-26T11:30:16+08:00 ] 127.0.0.1 /Public/images/Article2017-04-20/size_58f844928beea.jpeg
INFO: [ app_init ] --START--
INFO: Run Behavior\BuildLiteBehavior [ RunTime:0.000009s ]
INFO: [ app_init ] --END-- [ RunTime:0.000060s ]
ERR: 无法加载模块:Public

[ 2017-04-26T11:30:16+08:00 ] 127.0.0.1 /Public/images/Article2017-04-23/size_58fcbb033764d.jpeg
INFO: [ app_init ] --START--
INFO: Run Behavior\BuildLiteBehavior [ RunTime:0.000008s ]
INFO: [ app_init ] --END-- [ RunTime:0.000054s ]
ERR: 无法加载模块:Public

[ 2017-04-26T11:30:16+08:00 ] 127.0.0.1 /Public/images/Article2017-04-20/size_58f89b392d2ef.jpeg
INFO: [ app_init ] --START--
INFO: Run Behavior\BuildLiteBehavior [ RunTime:0.000008s ]
INFO: [ app_init ] --END-- [ RunTime:0.000052s ]
ERR: 无法加载模块:Public

[ 2017-04-26T11:31:38+08:00 ] 127.0.0.1 /Public/images/Article2017-04-20/size_58f844928beea.jpeg
INFO: [ app_init ] --START--
INFO: Run Behavior\BuildLiteBehavior [ RunTime:0.000008s ]
INFO: [ app_init ] --END-- [ RunTime:0.000061s ]
ERR: 无法加载模块:Public

[ 2017-04-26T11:31:38+08:00 ] 127.0.0.1 /Public/images/Article2017-04-23/size_58fcbb033764d.jpeg
INFO: [ app_init ] --START--
INFO: Run Behavior\BuildLiteBehavior [ RunTime:0.000009s ]
INFO: [ app_init ] --END-- [ RunTime:0.000061s ]
ERR: 无法加载模块:Public

[ 2017-04-26T11:31:38+08:00 ] 127.0.0.1 /Public/images/Article2017-04-20/size_58f89b392d2ef.jpeg
INFO: [ app_init ] --START--
INFO: Run Behavior\BuildLiteBehavior [ RunTime:0.000008s ]
INFO: [ app_init ] --END-- [ RunTime:0.000055s ]
ERR: 无法加载模块:Public

[ 2017-04-26T11:33:05+08:00 ] 127.0.0.1 /Public/images/Article2017-04-20/size_58f844928beea.jpeg
INFO: [ app_init ] --START--
INFO: Run Behavior\BuildLiteBehavior [ RunTime:0.000009s ]
INFO: [ app_init ] --END-- [ RunTime:0.000060s ]
ERR: 无法加载模块:Public

[ 2017-04-26T11:33:05+08:00 ] 127.0.0.1 /Public/images/Article2017-04-23/size_58fcbb033764d.jpeg
INFO: [ app_init ] --START--
INFO: Run Behavior\BuildLiteBehavior [ RunTime:0.000007s ]
INFO: [ app_init ] --END-- [ RunTime:0.000054s ]
ERR: 无法加载模块:Public

[ 2017-04-26T11:33:05+08:00 ] 127.0.0.1 /Public/images/Article2017-04-20/size_58f89b392d2ef.jpeg
INFO: [ app_init ] --START--
INFO: Run Behavior\BuildLiteBehavior [ RunTime:0.000008s ]
INFO: [ app_init ] --END-- [ RunTime:0.000053s ]
ERR: 无法加载模块:Public

[ 2017-04-26T11:33:09+08:00 ] 127.0.0.1 /Public/images/Article2017-04-20/size_58f844928beea.jpeg
INFO: [ app_init ] --START--
INFO: Run Behavior\BuildLiteBehavior [ RunTime:0.000009s ]
INFO: [ app_init ] --END-- [ RunTime:0.000059s ]
ERR: 无法加载模块:Public

[ 2017-04-26T11:33:09+08:00 ] 127.0.0.1 /Public/images/Article2017-04-23/size_58fcbb033764d.jpeg
INFO: [ app_init ] --START--
INFO: Run Behavior\BuildLiteBehavior [ RunTime:0.000008s ]
INFO: [ app_init ] --END-- [ RunTime:0.000058s ]
ERR: 无法加载模块:Public

[ 2017-04-26T11:33:09+08:00 ] 127.0.0.1 /Public/images/Article2017-04-20/size_58f89b392d2ef.jpeg
INFO: [ app_init ] --START--
INFO: Run Behavior\BuildLiteBehavior [ RunTime:0.000008s ]
INFO: [ app_init ] --END-- [ RunTime:0.000056s ]
ERR: 无法加载模块:Public

[ 2017-04-26T11:33:23+08:00 ] 127.0.0.1 /Public/images/Article2017-04-20/size_58f844928beea.jpeg
INFO: [ app_init ] --START--
INFO: Run Behavior\BuildLiteBehavior [ RunTime:0.000008s ]
INFO: [ app_init ] --END-- [ RunTime:0.000055s ]
ERR: 无法加载模块:Public

[ 2017-04-26T11:33:23+08:00 ] 127.0.0.1 /Public/images/Article2017-04-23/size_58fcbb033764d.jpeg
INFO: [ app_init ] --START--
INFO: Run Behavior\BuildLiteBehavior [ RunTime:0.000008s ]
INFO: [ app_init ] --END-- [ RunTime:0.000054s ]
ERR: 无法加载模块:Public

[ 2017-04-26T11:33:23+08:00 ] 127.0.0.1 /Public/images/Article2017-04-20/size_58f89b392d2ef.jpeg
INFO: [ app_init ] --START--
INFO: Run Behavior\BuildLiteBehavior [ RunTime:0.000008s ]
INFO: [ app_init ] --END-- [ RunTime:0.000054s ]
ERR: 无法加载模块:Public

[ 2017-04-26T11:33:26+08:00 ] 127.0.0.1 /Public/images/Article2017-04-20/size_58f844928beea.jpeg
INFO: [ app_init ] --START--
INFO: Run Behavior\BuildLiteBehavior [ RunTime:0.000009s ]
INFO: [ app_init ] --END-- [ RunTime:0.000058s ]
ERR: 无法加载模块:Public

[ 2017-04-26T11:33:26+08:00 ] 127.0.0.1 /Public/images/Article2017-04-23/size_58fcbb033764d.jpeg
INFO: [ app_init ] --START--
INFO: Run Behavior\BuildLiteBehavior [ RunTime:0.000007s ]
INFO: [ app_init ] --END-- [ RunTime:0.000051s ]
ERR: 无法加载模块:Public

[ 2017-04-26T11:33:26+08:00 ] 127.0.0.1 /Public/images/Article2017-04-20/size_58f89b392d2ef.jpeg
INFO: [ app_init ] --START--
INFO: Run Behavior\BuildLiteBehavior [ RunTime:0.000009s ]
INFO: [ app_init ] --END-- [ RunTime:0.000057s ]
ERR: 无法加载模块:Public

[ 2017-04-26T11:33:30+08:00 ] 127.0.0.1 /Public/images/Article2017-04-20/size_58f844928beea.jpeg
INFO: [ app_init ] --START--
INFO: Run Behavior\BuildLiteBehavior [ RunTime:0.000008s ]
INFO: [ app_init ] --END-- [ RunTime:0.000058s ]
ERR: 无法加载模块:Public

[ 2017-04-26T11:33:30+08:00 ] 127.0.0.1 /Public/images/Article2017-04-23/size_58fcbb033764d.jpeg
INFO: [ app_init ] --START--
INFO: Run Behavior\BuildLiteBehavior [ RunTime:0.000009s ]
INFO: [ app_init ] --END-- [ RunTime:0.000055s ]
ERR: 无法加载模块:Public

[ 2017-04-26T11:33:30+08:00 ] 127.0.0.1 /Public/images/Article2017-04-20/size_58f89b392d2ef.jpeg
INFO: [ app_init ] --START--
INFO: Run Behavior\BuildLiteBehavior [ RunTime:0.000008s ]
INFO: [ app_init ] --END-- [ RunTime:0.000053s ]
ERR: 无法加载模块:Public

[ 2017-04-26T11:33:32+08:00 ] 127.0.0.1 /Public/images/Article2017-04-20/size_58f844928beea.jpeg
INFO: [ app_init ] --START--
INFO: Run Behavior\BuildLiteBehavior [ RunTime:0.000008s ]
INFO: [ app_init ] --END-- [ RunTime:0.000059s ]
ERR: 无法加载模块:Public

[ 2017-04-26T11:33:32+08:00 ] 127.0.0.1 /Public/images/Article2017-04-23/size_58fcbb033764d.jpeg
INFO: [ app_init ] --START--
INFO: Run Behavior\BuildLiteBehavior [ RunTime:0.000008s ]
INFO: [ app_init ] --END-- [ RunTime:0.000055s ]
ERR: 无法加载模块:Public

[ 2017-04-26T11:33:32+08:00 ] 127.0.0.1 /Public/images/Article2017-04-20/size_58f89b392d2ef.jpeg
INFO: [ app_init ] --START--
INFO: Run Behavior\BuildLiteBehavior [ RunTime:0.000008s ]
INFO: [ app_init ] --END-- [ RunTime:0.000055s ]
ERR: 无法加载模块:Public

[ 2017-04-26T11:33:50+08:00 ] 127.0.0.1 /index.php/Article/index/id/2/type/2.html
INFO: [ app_init ] --START--
INFO: Run Behavior\BuildLiteBehavior [ RunTime:0.000009s ]
INFO: [ app_init ] --END-- [ RunTime:0.000058s ]
ERR: 无法加载模块:Article

[ 2017-04-26T11:34:39+08:00 ] 127.0.0.1 /Public/images/Article2017-04-20/size_58f844928beea.jpeg
INFO: [ app_init ] --START--
INFO: Run Behavior\BuildLiteBehavior [ RunTime:0.000009s ]
INFO: [ app_init ] --END-- [ RunTime:0.000058s ]
ERR: 无法加载模块:Public

[ 2017-04-26T11:34:39+08:00 ] 127.0.0.1 /Public/images/Article2017-04-23/size_58fcbb033764d.jpeg
INFO: [ app_init ] --START--
INFO: Run Behavior\BuildLiteBehavior [ RunTime:0.000009s ]
INFO: [ app_init ] --END-- [ RunTime:0.000059s ]
ERR: 无法加载模块:Public

[ 2017-04-26T11:34:39+08:00 ] 127.0.0.1 /Public/images/Article2017-04-20/size_58f89b392d2ef.jpeg
INFO: [ app_init ] --START--
INFO: Run Behavior\BuildLiteBehavior [ RunTime:0.000009s ]
INFO: [ app_init ] --END-- [ RunTime:0.000067s ]
ERR: 无法加载模块:Public

[ 2017-04-26T11:34:42+08:00 ] 127.0.0.1 /Public/images/Article2017-04-20/size_58f844928beea.jpeg
INFO: [ app_init ] --START--
INFO: Run Behavior\BuildLiteBehavior [ RunTime:0.000009s ]
INFO: [ app_init ] --END-- [ RunTime:0.000060s ]
ERR: 无法加载模块:Public

[ 2017-04-26T11:34:42+08:00 ] 127.0.0.1 /Public/images/Article2017-04-23/size_58fcbb033764d.jpeg
INFO: [ app_init ] --START--
INFO: Run Behavior\BuildLiteBehavior [ RunTime:0.000009s ]
INFO: [ app_init ] --END-- [ RunTime:0.000056s ]
ERR: 无法加载模块:Public

[ 2017-04-26T11:34:42+08:00 ] 127.0.0.1 /Public/images/Article2017-04-20/size_58f89b392d2ef.jpeg
INFO: [ app_init ] --START--
INFO: Run Behavior\BuildLiteBehavior [ RunTime:0.000007s ]
INFO: [ app_init ] --END-- [ RunTime:0.000052s ]
ERR: 无法加载模块:Public

[ 2017-04-26T11:34:51+08:00 ] 127.0.0.1 /Public/images/Article2017-04-20/size_58f844928beea.jpeg
INFO: [ app_init ] --START--
INFO: Run Behavior\BuildLiteBehavior [ RunTime:0.000010s ]
INFO: [ app_init ] --END-- [ RunTime:0.000066s ]
ERR: 无法加载模块:Public

[ 2017-04-26T11:34:51+08:00 ] 127.0.0.1 /Public/images/Article2017-04-23/size_58fcbb033764d.jpeg
INFO: [ app_init ] --START--
INFO: Run Behavior\BuildLiteBehavior [ RunTime:0.000008s ]
INFO: [ app_init ] --END-- [ RunTime:0.000061s ]
ERR: 无法加载模块:Public

[ 2017-04-26T11:34:51+08:00 ] 127.0.0.1 /Public/images/Article2017-04-20/size_58f89b392d2ef.jpeg
INFO: [ app_init ] --START--
INFO: Run Behavior\BuildLiteBehavior [ RunTime:0.000009s ]
INFO: [ app_init ] --END-- [ RunTime:0.000059s ]
ERR: 无法加载模块:Public

[ 2017-04-26T11:34:53+08:00 ] 127.0.0.1 /Public/images/Article2017-04-20/size_58f844928beea.jpeg
INFO: [ app_init ] --START--
INFO: Run Behavior\BuildLiteBehavior [ RunTime:0.000009s ]
INFO: [ app_init ] --END-- [ RunTime:0.000059s ]
ERR: 无法加载模块:Public

[ 2017-04-26T11:34:53+08:00 ] 127.0.0.1 /Public/images/Article2017-04-23/size_58fcbb033764d.jpeg
INFO: [ app_init ] --START--
INFO: Run Behavior\BuildLiteBehavior [ RunTime:0.000008s ]
INFO: [ app_init ] --END-- [ RunTime:0.000058s ]
ERR: 无法加载模块:Public

[ 2017-04-26T11:34:53+08:00 ] 127.0.0.1 /Public/images/Article2017-04-20/size_58f89b392d2ef.jpeg
INFO: [ app_init ] --START--
INFO: Run Behavior\BuildLiteBehavior [ RunTime:0.000007s ]
INFO: [ app_init ] --END-- [ RunTime:0.000053s ]
ERR: 无法加载模块:Public

[ 2017-04-26T11:35:04+08:00 ] 127.0.0.1 /index.php/HomeArticle/index/id/2/type/2.html
INFO: [ app_init ] --START--
INFO: Run Behavior\BuildLiteBehavior [ RunTime:0.000019s ]
INFO: [ app_init ] --END-- [ RunTime:0.000125s ]
ERR: 无法加载模块:HomeArticle

[ 2017-04-26T11:35:15+08:00 ] 127.0.0.1 /Public/images/Article2017-04-20/size_58f844928beea.jpeg
INFO: [ app_init ] --START--
INFO: Run Behavior\BuildLiteBehavior [ RunTime:0.000013s ]
INFO: [ app_init ] --END-- [ RunTime:0.000089s ]
ERR: 无法加载模块:Public

[ 2017-04-26T11:35:15+08:00 ] 127.0.0.1 /Public/images/Article2017-04-23/size_58fcbb033764d.jpeg
INFO: [ app_init ] --START--
INFO: Run Behavior\BuildLiteBehavior [ RunTime:0.000008s ]
INFO: [ app_init ] --END-- [ RunTime:0.000055s ]
ERR: 无法加载模块:Public

[ 2017-04-26T11:35:15+08:00 ] 127.0.0.1 /Public/images/Article2017-04-20/size_58f89b392d2ef.jpeg
INFO: [ app_init ] --START--
INFO: Run Behavior\BuildLiteBehavior [ RunTime:0.000009s ]
INFO: [ app_init ] --END-- [ RunTime:0.000056s ]
ERR: 无法加载模块:Public

[ 2017-04-26T11:35:19+08:00 ] 127.0.0.1 /Public/images/Article2017-04-20/size_58f844928beea.jpeg
INFO: [ app_init ] --START--
INFO: Run Behavior\BuildLiteBehavior [ RunTime:0.000009s ]
INFO: [ app_init ] --END-- [ RunTime:0.000058s ]
ERR: 无法加载模块:Public

[ 2017-04-26T11:35:19+08:00 ] 127.0.0.1 /Public/images/Article2017-04-23/size_58fcbb033764d.jpeg
INFO: [ app_init ] --START--
INFO: Run Behavior\BuildLiteBehavior [ RunTime:0.000009s ]
INFO: [ app_init ] --END-- [ RunTime:0.000056s ]
ERR: 无法加载模块:Public

[ 2017-04-26T11:35:19+08:00 ] 127.0.0.1 /Public/images/Article2017-04-20/size_58f89b392d2ef.jpeg
INFO: [ app_init ] --START--
INFO: Run Behavior\BuildLiteBehavior [ RunTime:0.000008s ]
INFO: [ app_init ] --END-- [ RunTime:0.000058s ]
ERR: 无法加载模块:Public

[ 2017-04-26T11:35:21+08:00 ] 127.0.0.1 /Public/images/Article2017-04-20/size_58f844928beea.jpeg
INFO: [ app_init ] --START--
INFO: Run Behavior\BuildLiteBehavior [ RunTime:0.000008s ]
INFO: [ app_init ] --END-- [ RunTime:0.000056s ]
ERR: 无法加载模块:Public

[ 2017-04-26T11:35:21+08:00 ] 127.0.0.1 /Public/images/Article2017-04-23/size_58fcbb033764d.jpeg
INFO: [ app_init ] --START--
INFO: Run Behavior\BuildLiteBehavior [ RunTime:0.000009s ]
INFO: [ app_init ] --END-- [ RunTime:0.000057s ]
ERR: 无法加载模块:Public

[ 2017-04-26T11:35:21+08:00 ] 127.0.0.1 /Public/images/Article2017-04-20/size_58f89b392d2ef.jpeg
INFO: [ app_init ] --START--
INFO: Run Behavior\BuildLiteBehavior [ RunTime:0.000008s ]
INFO: [ app_init ] --END-- [ RunTime:0.000053s ]
ERR: 无法加载模块:Public

[ 2017-04-26T11:35:38+08:00 ] 127.0.0.1 /Public/images/Article2017-04-20/size_58f844928beea.jpeg
INFO: [ app_init ] --START--
INFO: Run Behavior\BuildLiteBehavior [ RunTime:0.000008s ]
INFO: [ app_init ] --END-- [ RunTime:0.000058s ]
ERR: 无法加载模块:Public

[ 2017-04-26T11:35:38+08:00 ] 127.0.0.1 /Public/images/Article2017-04-23/size_58fcbb033764d.jpeg
INFO: [ app_init ] --START--
INFO: Run Behavior\BuildLiteBehavior [ RunTime:0.000009s ]
INFO: [ app_init ] --END-- [ RunTime:0.000058s ]
ERR: 无法加载模块:Public

[ 2017-04-26T11:35:38+08:00 ] 127.0.0.1 /Public/images/Article2017-04-20/size_58f89b392d2ef.jpeg
INFO: [ app_init ] --START--
INFO: Run Behavior\BuildLiteBehavior [ RunTime:0.000033s ]
INFO: [ app_init ] --END-- [ RunTime:0.000180s ]
ERR: 无法加载模块:Public

[ 2017-04-26T11:37:11+08:00 ] 127.0.0.1 /Public/images/Article2017-04-20/size_58f844928beea.jpeg
INFO: [ app_init ] --START--
INFO: Run Behavior\BuildLiteBehavior [ RunTime:0.000009s ]
INFO: [ app_init ] --END-- [ RunTime:0.000058s ]
ERR: 无法加载模块:Public

[ 2017-04-26T11:37:11+08:00 ] 127.0.0.1 /Public/images/Article2017-04-23/size_58fcbb033764d.jpeg
INFO: [ app_init ] --START--
INFO: Run Behavior\BuildLiteBehavior [ RunTime:0.000009s ]
INFO: [ app_init ] --END-- [ RunTime:0.000055s ]
ERR: 无法加载模块:Public

[ 2017-04-26T11:37:11+08:00 ] 127.0.0.1 /Public/images/Article2017-04-20/size_58f89b392d2ef.jpeg
INFO: [ app_init ] --START--
INFO: Run Behavior\BuildLiteBehavior [ RunTime:0.000009s ]
INFO: [ app_init ] --END-- [ RunTime:0.000052s ]
ERR: 无法加载模块:Public

[ 2017-04-26T15:18:52+08:00 ] 127.0.0.1 /Public/images/Article2017-04-20/size_58f844928beea.jpeg
INFO: [ app_init ] --START--
INFO: Run Behavior\BuildLiteBehavior [ RunTime:0.000010s ]
INFO: [ app_init ] --END-- [ RunTime:0.000063s ]
ERR: 无法加载模块:Public

[ 2017-04-26T15:18:52+08:00 ] 127.0.0.1 /Public/images/Article2017-04-23/size_58fcbb033764d.jpeg
INFO: [ app_init ] --START--
INFO: Run Behavior\BuildLiteBehavior [ RunTime:0.000008s ]
INFO: [ app_init ] --END-- [ RunTime:0.000060s ]
ERR: 无法加载模块:Public

[ 2017-04-26T15:18:52+08:00 ] 127.0.0.1 /Public/images/Article2017-04-20/size_58f89b392d2ef.jpeg
INFO: [ app_init ] --START--
INFO: Run Behavior\BuildLiteBehavior [ RunTime:0.000008s ]
INFO: [ app_init ] --END-- [ RunTime:0.000056s ]
ERR: 无法加载模块:Public

[ 2017-04-26T15:18:54+08:00 ] 127.0.0.1 /Public/images/Article2017-04-20/size_58f844928beea.jpeg
INFO: [ app_init ] --START--
INFO: Run Behavior\BuildLiteBehavior [ RunTime:0.000009s ]
INFO: [ app_init ] --END-- [ RunTime:0.000061s ]
ERR: 无法加载模块:Public

[ 2017-04-26T15:18:54+08:00 ] 127.0.0.1 /Public/images/Article2017-04-23/size_58fcbb033764d.jpeg
INFO: [ app_init ] --START--
INFO: Run Behavior\BuildLiteBehavior [ RunTime:0.000009s ]
INFO: [ app_init ] --END-- [ RunTime:0.000065s ]
ERR: 无法加载模块:Public

[ 2017-04-26T15:18:54+08:00 ] 127.0.0.1 /Public/images/Article2017-04-20/size_58f89b392d2ef.jpeg
INFO: [ app_init ] --START--
INFO: Run Behavior\BuildLiteBehavior [ RunTime:0.000008s ]
INFO: [ app_init ] --END-- [ RunTime:0.000055s ]
ERR: 无法加载模块:Public

